TMS320C2000 Assembler PC v15.12.3 Tue Sep 20 20:30:15 2016

Tools Copyright (c) 1996-2015 Texas Instruments Incorporated
C:\Users\MaCHaDo\AppData\Local\Temp\2315610                          PAGE    1

       1              ;***************************************************************
       2              ;* TMS320C2000 C/C++ Codegen                   PC v15.12.3.LTS *
       3              ;* Date/Time created: Tue Sep 20 20:30:14 2016                 *
       4              ;***************************************************************
       5                      .compiler_opts --abi=coffabi --float_support=softlib --hll_source=on --mem_model:code=flat --mem_mode
       6        0002  FP      .set    XAR2
       7              
       8              $C$DW$CU        .dwtag  DW_TAG_compile_unit
       9                      .dwattr $C$DW$CU, DW_AT_name("../modules/source/clarke.c")
      10                      .dwattr $C$DW$CU, DW_AT_producer("TI TMS320C2000 C/C++ Codegen PC v15.12.3.LTS Copyright (c) 1996-201
      11                      .dwattr $C$DW$CU, DW_AT_TI_version(0x01)
      12                      .dwattr $C$DW$CU, DW_AT_comp_dir("D:\Users\MaCHaDo\Dropbox\Legstrong\drv8301\legstrong\LegStrong\Debu
      13              ;       C:\ti\ccsv6\tools\compiler\c2000_15.12.3.LTS\bin\opt2000.exe C:\\Users\\MaCHaDo\\AppData\\Local\\Temp
      14              ;       C:\ti\ccsv6\tools\compiler\c2000_15.12.3.LTS\bin\ac2000.exe -@C:\\Users\\MaCHaDo\\AppData\\Local\\Tem
      15 00000000               .sect   ".text"
      16                      .clink
      17                      .global _CLARKE_init
      18              
      19              $C$DW$1 .dwtag  DW_TAG_subprogram
      20                      .dwattr $C$DW$1, DW_AT_name("CLARKE_init")
      21                      .dwattr $C$DW$1, DW_AT_low_pc(_CLARKE_init)
      22                      .dwattr $C$DW$1, DW_AT_high_pc(0x00)
      23                      .dwattr $C$DW$1, DW_AT_TI_symbol_name("_CLARKE_init")
      24                      .dwattr $C$DW$1, DW_AT_external
      25                      .dwattr $C$DW$1, DW_AT_type(*$C$DW$T$24)
      26                      .dwattr $C$DW$1, DW_AT_TI_begin_file("../modules/source/clarke.c")
      27                      .dwattr $C$DW$1, DW_AT_TI_begin_line(0x37)
      28                      .dwattr $C$DW$1, DW_AT_TI_begin_column(0x0f)
      29                      .dwattr $C$DW$1, DW_AT_TI_max_frame_size(-2)
      30                      .dwpsn  file "../modules/source/clarke.c",line 56,column 1,is_stmt,address _CLARKE_init,isa 0
      31              
      32                      .dwfde $C$DW$CIE, _CLARKE_init
      33              $C$DW$2 .dwtag  DW_TAG_formal_parameter
      34                      .dwattr $C$DW$2, DW_AT_name("pMemory")
      35                      .dwattr $C$DW$2, DW_AT_TI_symbol_name("_pMemory")
      36                      .dwattr $C$DW$2, DW_AT_type(*$C$DW$T$3)
      37                      .dwattr $C$DW$2, DW_AT_location[DW_OP_reg12]
      38              
      39              $C$DW$3 .dwtag  DW_TAG_formal_parameter
      40                      .dwattr $C$DW$3, DW_AT_name("numBytes")
      41                      .dwattr $C$DW$3, DW_AT_TI_symbol_name("_numBytes")
      42                      .dwattr $C$DW$3, DW_AT_type(*$C$DW$T$26)
      43                      .dwattr $C$DW$3, DW_AT_location[DW_OP_reg0]
      44              
      45              
      46              ;***************************************************************
      47              ;* FNAME: _CLARKE_init                  FR SIZE:   0           *
      48              ;*                                                             *
      49              ;* FUNCTION ENVIRONMENT                                        *
      50              ;*                                                             *
      51              ;* FUNCTION PROPERTIES                                         *
      52              ;*                            0 Parameter,  0 Auto,  0 SOE     *
      53              ;***************************************************************
      54              
      55              _CLARKE_init:
TMS320C2000 Assembler PC v15.12.3 Tue Sep 20 20:30:15 2016

Tools Copyright (c) 1996-2015 Texas Instruments Incorporated
C:\Users\MaCHaDo\AppData\Local\Temp\2315610                          PAGE    2

      56              ;* AR6   assigned to _numBytes
      57              $C$DW$4 .dwtag  DW_TAG_variable
      58                      .dwattr $C$DW$4, DW_AT_name("numBytes")
      59                      .dwattr $C$DW$4, DW_AT_TI_symbol_name("_numBytes")
      60                      .dwattr $C$DW$4, DW_AT_type(*$C$DW$T$26)
      61                      .dwattr $C$DW$4, DW_AT_location[DW_OP_reg16]
      62              
      63                      .dwcfi  cfa_offset, -2
      64                      .dwcfi  save_reg_to_mem, 26, 0
      65 00000000 1EA6          MOVL      XAR6,ACC              ; [CPU_] |56| 
      66                      .dwpsn  file "../modules/source/clarke.c",line 60,column 5,is_stmt,isa 0
      67 00000001 0206          MOVB      ACC,#6                ; [CPU_] |60| 
      68 00000002 0FA6          CMPL      ACC,XAR6              ; [CPU_] |60| 
      69 00000003 6902          B         $C$L1,LOS             ; [CPU_] |60| 
      70                      ; branchcc occurs ; [] |60| 
      71 00000004 D400          MOVB      XAR4,#0               ; [CPU_] |60| 
      72              $C$L1:    
      73              $C$DW$5 .dwtag  DW_TAG_TI_branch
      74                      .dwattr $C$DW$5, DW_AT_low_pc(0x00)
      75                      .dwattr $C$DW$5, DW_AT_TI_return
      76              
      77 00000005 0006          LRETR     ; [CPU_] 
      78                      ; return occurs ; [] 
      79                      .dwattr $C$DW$1, DW_AT_TI_end_file("../modules/source/clarke.c")
      80                      .dwattr $C$DW$1, DW_AT_TI_end_line(0x42)
      81                      .dwattr $C$DW$1, DW_AT_TI_end_column(0x01)
      82                      .dwendentry
      83                      .dwendtag $C$DW$1
      84              
      85              
      86              ;***************************************************************
      87              ;* TYPE INFORMATION                                            *
      88              ;***************************************************************
      89              
      90              $C$DW$T$22      .dwtag  DW_TAG_structure_type
      91                      .dwattr $C$DW$T$22, DW_AT_name("_CLARKE_Obj_")
      92                      .dwattr $C$DW$T$22, DW_AT_byte_size(0x06)
      93              $C$DW$6 .dwtag  DW_TAG_member
      94                      .dwattr $C$DW$6, DW_AT_type(*$C$DW$T$19)
      95                      .dwattr $C$DW$6, DW_AT_name("alpha_sf")
      96                      .dwattr $C$DW$6, DW_AT_TI_symbol_name("_alpha_sf")
      97                      .dwattr $C$DW$6, DW_AT_data_member_location[DW_OP_plus_uconst 0x0]
      98                      .dwattr $C$DW$6, DW_AT_accessibility(DW_ACCESS_public)
      99              
     100              $C$DW$7 .dwtag  DW_TAG_member
     101                      .dwattr $C$DW$7, DW_AT_type(*$C$DW$T$19)
     102                      .dwattr $C$DW$7, DW_AT_name("beta_sf")
     103                      .dwattr $C$DW$7, DW_AT_TI_symbol_name("_beta_sf")
     104                      .dwattr $C$DW$7, DW_AT_data_member_location[DW_OP_plus_uconst 0x2]
     105                      .dwattr $C$DW$7, DW_AT_accessibility(DW_ACCESS_public)
     106              
     107              $C$DW$8 .dwtag  DW_TAG_member
     108                      .dwattr $C$DW$8, DW_AT_type(*$C$DW$T$21)
     109                      .dwattr $C$DW$8, DW_AT_name("numSensors")
     110                      .dwattr $C$DW$8, DW_AT_TI_symbol_name("_numSensors")
TMS320C2000 Assembler PC v15.12.3 Tue Sep 20 20:30:15 2016

Tools Copyright (c) 1996-2015 Texas Instruments Incorporated
C:\Users\MaCHaDo\AppData\Local\Temp\2315610                          PAGE    3

     111                      .dwattr $C$DW$8, DW_AT_data_member_location[DW_OP_plus_uconst 0x4]
     112                      .dwattr $C$DW$8, DW_AT_accessibility(DW_ACCESS_public)
     113              
     114                      .dwendtag $C$DW$T$22
     115              
     116              $C$DW$T$23      .dwtag  DW_TAG_pointer_type
     117                      .dwattr $C$DW$T$23, DW_AT_type(*$C$DW$T$22)
     118                      .dwattr $C$DW$T$23, DW_AT_address_class(0x20)
     119              
     120              $C$DW$T$24      .dwtag  DW_TAG_typedef
     121                      .dwattr $C$DW$T$24, DW_AT_name("CLARKE_Handle")
     122                      .dwattr $C$DW$T$24, DW_AT_type(*$C$DW$T$23)
     123                      .dwattr $C$DW$T$24, DW_AT_language(DW_LANG_C)
     124              
     125              $C$DW$T$2       .dwtag  DW_TAG_unspecified_type
     126                      .dwattr $C$DW$T$2, DW_AT_name("void")
     127              
     128              $C$DW$T$3       .dwtag  DW_TAG_pointer_type
     129                      .dwattr $C$DW$T$3, DW_AT_type(*$C$DW$T$2)
     130                      .dwattr $C$DW$T$3, DW_AT_address_class(0x20)
     131              
     132              $C$DW$T$4       .dwtag  DW_TAG_base_type
     133                      .dwattr $C$DW$T$4, DW_AT_encoding(DW_ATE_boolean)
     134                      .dwattr $C$DW$T$4, DW_AT_name("bool")
     135                      .dwattr $C$DW$T$4, DW_AT_byte_size(0x01)
     136              
     137              $C$DW$T$5       .dwtag  DW_TAG_base_type
     138                      .dwattr $C$DW$T$5, DW_AT_encoding(DW_ATE_signed_char)
     139                      .dwattr $C$DW$T$5, DW_AT_name("signed char")
     140                      .dwattr $C$DW$T$5, DW_AT_byte_size(0x01)
     141              
     142              $C$DW$T$6       .dwtag  DW_TAG_base_type
     143                      .dwattr $C$DW$T$6, DW_AT_encoding(DW_ATE_unsigned_char)
     144                      .dwattr $C$DW$T$6, DW_AT_name("unsigned char")
     145                      .dwattr $C$DW$T$6, DW_AT_byte_size(0x01)
     146              
     147              $C$DW$T$7       .dwtag  DW_TAG_base_type
     148                      .dwattr $C$DW$T$7, DW_AT_encoding(DW_ATE_signed_char)
     149                      .dwattr $C$DW$T$7, DW_AT_name("wchar_t")
     150                      .dwattr $C$DW$T$7, DW_AT_byte_size(0x01)
     151              
     152              $C$DW$T$8       .dwtag  DW_TAG_base_type
     153                      .dwattr $C$DW$T$8, DW_AT_encoding(DW_ATE_signed)
     154                      .dwattr $C$DW$T$8, DW_AT_name("short")
     155                      .dwattr $C$DW$T$8, DW_AT_byte_size(0x01)
     156              
     157              $C$DW$T$9       .dwtag  DW_TAG_base_type
     158                      .dwattr $C$DW$T$9, DW_AT_encoding(DW_ATE_unsigned)
     159                      .dwattr $C$DW$T$9, DW_AT_name("unsigned short")
     160                      .dwattr $C$DW$T$9, DW_AT_byte_size(0x01)
     161              
     162              $C$DW$T$10      .dwtag  DW_TAG_base_type
     163                      .dwattr $C$DW$T$10, DW_AT_encoding(DW_ATE_signed)
     164                      .dwattr $C$DW$T$10, DW_AT_name("int")
     165                      .dwattr $C$DW$T$10, DW_AT_byte_size(0x01)
TMS320C2000 Assembler PC v15.12.3 Tue Sep 20 20:30:15 2016

Tools Copyright (c) 1996-2015 Texas Instruments Incorporated
C:\Users\MaCHaDo\AppData\Local\Temp\2315610                          PAGE    4

     166              
     167              $C$DW$T$11      .dwtag  DW_TAG_base_type
     168                      .dwattr $C$DW$T$11, DW_AT_encoding(DW_ATE_unsigned)
     169                      .dwattr $C$DW$T$11, DW_AT_name("unsigned int")
     170                      .dwattr $C$DW$T$11, DW_AT_byte_size(0x01)
     171              
     172              $C$DW$T$20      .dwtag  DW_TAG_typedef
     173                      .dwattr $C$DW$T$20, DW_AT_name("uint16_t")
     174                      .dwattr $C$DW$T$20, DW_AT_type(*$C$DW$T$11)
     175                      .dwattr $C$DW$T$20, DW_AT_language(DW_LANG_C)
     176              
     177              $C$DW$T$21      .dwtag  DW_TAG_typedef
     178                      .dwattr $C$DW$T$21, DW_AT_name("uint_least8_t")
     179                      .dwattr $C$DW$T$21, DW_AT_type(*$C$DW$T$20)
     180                      .dwattr $C$DW$T$21, DW_AT_language(DW_LANG_C)
     181              
     182              $C$DW$T$12      .dwtag  DW_TAG_base_type
     183                      .dwattr $C$DW$T$12, DW_AT_encoding(DW_ATE_signed)
     184                      .dwattr $C$DW$T$12, DW_AT_name("long")
     185                      .dwattr $C$DW$T$12, DW_AT_byte_size(0x02)
     186              
     187              $C$DW$T$19      .dwtag  DW_TAG_typedef
     188                      .dwattr $C$DW$T$19, DW_AT_name("_iq")
     189                      .dwattr $C$DW$T$19, DW_AT_type(*$C$DW$T$12)
     190                      .dwattr $C$DW$T$19, DW_AT_language(DW_LANG_C)
     191              
     192              $C$DW$T$13      .dwtag  DW_TAG_base_type
     193                      .dwattr $C$DW$T$13, DW_AT_encoding(DW_ATE_unsigned)
     194                      .dwattr $C$DW$T$13, DW_AT_name("unsigned long")
     195                      .dwattr $C$DW$T$13, DW_AT_byte_size(0x02)
     196              
     197              $C$DW$T$25      .dwtag  DW_TAG_typedef
     198                      .dwattr $C$DW$T$25, DW_AT_name("size_t")
     199                      .dwattr $C$DW$T$25, DW_AT_type(*$C$DW$T$13)
     200                      .dwattr $C$DW$T$25, DW_AT_language(DW_LANG_C)
     201              
     202              $C$DW$9 .dwtag  DW_TAG_TI_far_type
     203                      .dwattr $C$DW$9, DW_AT_type(*$C$DW$T$25)
     204              
     205              $C$DW$T$26      .dwtag  DW_TAG_const_type
     206                      .dwattr $C$DW$T$26, DW_AT_type(*$C$DW$9)
     207              
     208              $C$DW$T$14      .dwtag  DW_TAG_base_type
     209                      .dwattr $C$DW$T$14, DW_AT_encoding(DW_ATE_signed)
     210                      .dwattr $C$DW$T$14, DW_AT_name("long long")
     211                      .dwattr $C$DW$T$14, DW_AT_byte_size(0x04)
     212              
     213              $C$DW$T$15      .dwtag  DW_TAG_base_type
     214                      .dwattr $C$DW$T$15, DW_AT_encoding(DW_ATE_unsigned)
     215                      .dwattr $C$DW$T$15, DW_AT_name("unsigned long long")
     216                      .dwattr $C$DW$T$15, DW_AT_byte_size(0x04)
     217              
     218              $C$DW$T$16      .dwtag  DW_TAG_base_type
     219                      .dwattr $C$DW$T$16, DW_AT_encoding(DW_ATE_float)
     220                      .dwattr $C$DW$T$16, DW_AT_name("float")
TMS320C2000 Assembler PC v15.12.3 Tue Sep 20 20:30:15 2016

Tools Copyright (c) 1996-2015 Texas Instruments Incorporated
C:\Users\MaCHaDo\AppData\Local\Temp\2315610                          PAGE    5

     221                      .dwattr $C$DW$T$16, DW_AT_byte_size(0x02)
     222              
     223              $C$DW$T$17      .dwtag  DW_TAG_base_type
     224                      .dwattr $C$DW$T$17, DW_AT_encoding(DW_ATE_float)
     225                      .dwattr $C$DW$T$17, DW_AT_name("double")
     226                      .dwattr $C$DW$T$17, DW_AT_byte_size(0x02)
     227              
     228              $C$DW$T$18      .dwtag  DW_TAG_base_type
     229                      .dwattr $C$DW$T$18, DW_AT_encoding(DW_ATE_float)
     230                      .dwattr $C$DW$T$18, DW_AT_name("long double")
     231                      .dwattr $C$DW$T$18, DW_AT_byte_size(0x04)
     232              
     233                      .dwattr $C$DW$CU, DW_AT_language(DW_LANG_C)
     234              
     235              ;***************************************************************
     236              ;* DWARF CIE ENTRIES                                           *
     237              ;***************************************************************
     238              
     239              $C$DW$CIE       .dwcie 26
     240                      .dwcfi  cfa_register, 20
     241                      .dwcfi  cfa_offset, 0
     242                      .dwcfi  undefined, 0
     243                      .dwcfi  undefined, 1
     244                      .dwcfi  undefined, 2
     245                      .dwcfi  undefined, 3
     246                      .dwcfi  undefined, 20
     247                      .dwcfi  undefined, 21
     248                      .dwcfi  undefined, 22
     249                      .dwcfi  undefined, 23
     250                      .dwcfi  undefined, 24
     251                      .dwcfi  undefined, 25
     252                      .dwcfi  undefined, 26
     253                      .dwcfi  same_value, 28
     254                      .dwcfi  undefined, 29
     255                      .dwcfi  undefined, 30
     256                      .dwcfi  undefined, 31
     257                      .dwcfi  undefined, 32
     258                      .dwcfi  undefined, 33
     259                      .dwcfi  undefined, 34
     260                      .dwcfi  undefined, 35
     261                      .dwcfi  undefined, 36
     262                      .dwcfi  undefined, 37
     263                      .dwcfi  undefined, 38
     264                      .dwcfi  undefined, 75
     265                      .dwcfi  undefined, 76
     266                      .dwcfi  undefined, 77
     267                      .dwcfi  undefined, 4
     268                      .dwcfi  undefined, 5
     269                      .dwcfi  same_value, 6
     270                      .dwcfi  same_value, 7
     271                      .dwcfi  same_value, 8
     272                      .dwcfi  same_value, 9
     273                      .dwcfi  same_value, 10
     274                      .dwcfi  same_value, 11
     275                      .dwcfi  undefined, 12
TMS320C2000 Assembler PC v15.12.3 Tue Sep 20 20:30:15 2016

Tools Copyright (c) 1996-2015 Texas Instruments Incorporated
C:\Users\MaCHaDo\AppData\Local\Temp\2315610                          PAGE    6

     276                      .dwcfi  undefined, 13
     277                      .dwcfi  undefined, 14
     278                      .dwcfi  undefined, 15
     279                      .dwcfi  undefined, 16
     280                      .dwcfi  undefined, 17
     281                      .dwcfi  undefined, 18
     282                      .dwcfi  undefined, 19
     283                      .dwendentry
     284              
     285              ;***************************************************************
     286              ;* DWARF REGISTER MAP                                          *
     287              ;***************************************************************
     288              
     289              $C$DW$10        .dwtag  DW_TAG_TI_assign_register
     290                      .dwattr $C$DW$10, DW_AT_name("AL")
     291                      .dwattr $C$DW$10, DW_AT_location[DW_OP_reg0]
     292              
     293              $C$DW$11        .dwtag  DW_TAG_TI_assign_register
     294                      .dwattr $C$DW$11, DW_AT_name("AH")
     295                      .dwattr $C$DW$11, DW_AT_location[DW_OP_reg1]
     296              
     297              $C$DW$12        .dwtag  DW_TAG_TI_assign_register
     298                      .dwattr $C$DW$12, DW_AT_name("PL")
     299                      .dwattr $C$DW$12, DW_AT_location[DW_OP_reg2]
     300              
     301              $C$DW$13        .dwtag  DW_TAG_TI_assign_register
     302                      .dwattr $C$DW$13, DW_AT_name("PH")
     303                      .dwattr $C$DW$13, DW_AT_location[DW_OP_reg3]
     304              
     305              $C$DW$14        .dwtag  DW_TAG_TI_assign_register
     306                      .dwattr $C$DW$14, DW_AT_name("SP")
     307                      .dwattr $C$DW$14, DW_AT_location[DW_OP_reg20]
     308              
     309              $C$DW$15        .dwtag  DW_TAG_TI_assign_register
     310                      .dwattr $C$DW$15, DW_AT_name("XT")
     311                      .dwattr $C$DW$15, DW_AT_location[DW_OP_reg21]
     312              
     313              $C$DW$16        .dwtag  DW_TAG_TI_assign_register
     314                      .dwattr $C$DW$16, DW_AT_name("T")
     315                      .dwattr $C$DW$16, DW_AT_location[DW_OP_reg22]
     316              
     317              $C$DW$17        .dwtag  DW_TAG_TI_assign_register
     318                      .dwattr $C$DW$17, DW_AT_name("ST0")
     319                      .dwattr $C$DW$17, DW_AT_location[DW_OP_reg23]
     320              
     321              $C$DW$18        .dwtag  DW_TAG_TI_assign_register
     322                      .dwattr $C$DW$18, DW_AT_name("ST1")
     323                      .dwattr $C$DW$18, DW_AT_location[DW_OP_reg24]
     324              
     325              $C$DW$19        .dwtag  DW_TAG_TI_assign_register
     326                      .dwattr $C$DW$19, DW_AT_name("PC")
     327                      .dwattr $C$DW$19, DW_AT_location[DW_OP_reg25]
     328              
     329              $C$DW$20        .dwtag  DW_TAG_TI_assign_register
     330                      .dwattr $C$DW$20, DW_AT_name("RPC")
TMS320C2000 Assembler PC v15.12.3 Tue Sep 20 20:30:15 2016

Tools Copyright (c) 1996-2015 Texas Instruments Incorporated
C:\Users\MaCHaDo\AppData\Local\Temp\2315610                          PAGE    7

     331                      .dwattr $C$DW$20, DW_AT_location[DW_OP_reg26]
     332              
     333              $C$DW$21        .dwtag  DW_TAG_TI_assign_register
     334                      .dwattr $C$DW$21, DW_AT_name("FP")
     335                      .dwattr $C$DW$21, DW_AT_location[DW_OP_reg28]
     336              
     337              $C$DW$22        .dwtag  DW_TAG_TI_assign_register
     338                      .dwattr $C$DW$22, DW_AT_name("DP")
     339                      .dwattr $C$DW$22, DW_AT_location[DW_OP_reg29]
     340              
     341              $C$DW$23        .dwtag  DW_TAG_TI_assign_register
     342                      .dwattr $C$DW$23, DW_AT_name("SXM")
     343                      .dwattr $C$DW$23, DW_AT_location[DW_OP_reg30]
     344              
     345              $C$DW$24        .dwtag  DW_TAG_TI_assign_register
     346                      .dwattr $C$DW$24, DW_AT_name("PM")
     347                      .dwattr $C$DW$24, DW_AT_location[DW_OP_reg31]
     348              
     349              $C$DW$25        .dwtag  DW_TAG_TI_assign_register
     350                      .dwattr $C$DW$25, DW_AT_name("OVM")
     351                      .dwattr $C$DW$25, DW_AT_location[DW_OP_regx 0x20]
     352              
     353              $C$DW$26        .dwtag  DW_TAG_TI_assign_register
     354                      .dwattr $C$DW$26, DW_AT_name("PAGE0")
     355                      .dwattr $C$DW$26, DW_AT_location[DW_OP_regx 0x21]
     356              
     357              $C$DW$27        .dwtag  DW_TAG_TI_assign_register
     358                      .dwattr $C$DW$27, DW_AT_name("AMODE")
     359                      .dwattr $C$DW$27, DW_AT_location[DW_OP_regx 0x22]
     360              
     361              $C$DW$28        .dwtag  DW_TAG_TI_assign_register
     362                      .dwattr $C$DW$28, DW_AT_name("INTM")
     363                      .dwattr $C$DW$28, DW_AT_location[DW_OP_regx 0x23]
     364              
     365              $C$DW$29        .dwtag  DW_TAG_TI_assign_register
     366                      .dwattr $C$DW$29, DW_AT_name("IFR")
     367                      .dwattr $C$DW$29, DW_AT_location[DW_OP_regx 0x24]
     368              
     369              $C$DW$30        .dwtag  DW_TAG_TI_assign_register
     370                      .dwattr $C$DW$30, DW_AT_name("IER")
     371                      .dwattr $C$DW$30, DW_AT_location[DW_OP_regx 0x25]
     372              
     373              $C$DW$31        .dwtag  DW_TAG_TI_assign_register
     374                      .dwattr $C$DW$31, DW_AT_name("V")
     375                      .dwattr $C$DW$31, DW_AT_location[DW_OP_regx 0x26]
     376              
     377              $C$DW$32        .dwtag  DW_TAG_TI_assign_register
     378                      .dwattr $C$DW$32, DW_AT_name("PSEUDOH")
     379                      .dwattr $C$DW$32, DW_AT_location[DW_OP_regx 0x4c]
     380              
     381              $C$DW$33        .dwtag  DW_TAG_TI_assign_register
     382                      .dwattr $C$DW$33, DW_AT_name("VOL")
     383                      .dwattr $C$DW$33, DW_AT_location[DW_OP_regx 0x4d]
     384              
     385              $C$DW$34        .dwtag  DW_TAG_TI_assign_register
TMS320C2000 Assembler PC v15.12.3 Tue Sep 20 20:30:15 2016

Tools Copyright (c) 1996-2015 Texas Instruments Incorporated
C:\Users\MaCHaDo\AppData\Local\Temp\2315610                          PAGE    8

     386                      .dwattr $C$DW$34, DW_AT_name("AR0")
     387                      .dwattr $C$DW$34, DW_AT_location[DW_OP_reg4]
     388              
     389              $C$DW$35        .dwtag  DW_TAG_TI_assign_register
     390                      .dwattr $C$DW$35, DW_AT_name("XAR0")
     391                      .dwattr $C$DW$35, DW_AT_location[DW_OP_reg5]
     392              
     393              $C$DW$36        .dwtag  DW_TAG_TI_assign_register
     394                      .dwattr $C$DW$36, DW_AT_name("AR1")
     395                      .dwattr $C$DW$36, DW_AT_location[DW_OP_reg6]
     396              
     397              $C$DW$37        .dwtag  DW_TAG_TI_assign_register
     398                      .dwattr $C$DW$37, DW_AT_name("XAR1")
     399                      .dwattr $C$DW$37, DW_AT_location[DW_OP_reg7]
     400              
     401              $C$DW$38        .dwtag  DW_TAG_TI_assign_register
     402                      .dwattr $C$DW$38, DW_AT_name("AR2")
     403                      .dwattr $C$DW$38, DW_AT_location[DW_OP_reg8]
     404              
     405              $C$DW$39        .dwtag  DW_TAG_TI_assign_register
     406                      .dwattr $C$DW$39, DW_AT_name("XAR2")
     407                      .dwattr $C$DW$39, DW_AT_location[DW_OP_reg9]
     408              
     409              $C$DW$40        .dwtag  DW_TAG_TI_assign_register
     410                      .dwattr $C$DW$40, DW_AT_name("AR3")
     411                      .dwattr $C$DW$40, DW_AT_location[DW_OP_reg10]
     412              
     413              $C$DW$41        .dwtag  DW_TAG_TI_assign_register
     414                      .dwattr $C$DW$41, DW_AT_name("XAR3")
     415                      .dwattr $C$DW$41, DW_AT_location[DW_OP_reg11]
     416              
     417              $C$DW$42        .dwtag  DW_TAG_TI_assign_register
     418                      .dwattr $C$DW$42, DW_AT_name("AR4")
     419                      .dwattr $C$DW$42, DW_AT_location[DW_OP_reg12]
     420              
     421              $C$DW$43        .dwtag  DW_TAG_TI_assign_register
     422                      .dwattr $C$DW$43, DW_AT_name("XAR4")
     423                      .dwattr $C$DW$43, DW_AT_location[DW_OP_reg13]
     424              
     425              $C$DW$44        .dwtag  DW_TAG_TI_assign_register
     426                      .dwattr $C$DW$44, DW_AT_name("AR5")
     427                      .dwattr $C$DW$44, DW_AT_location[DW_OP_reg14]
     428              
     429              $C$DW$45        .dwtag  DW_TAG_TI_assign_register
     430                      .dwattr $C$DW$45, DW_AT_name("XAR5")
     431                      .dwattr $C$DW$45, DW_AT_location[DW_OP_reg15]
     432              
     433              $C$DW$46        .dwtag  DW_TAG_TI_assign_register
     434                      .dwattr $C$DW$46, DW_AT_name("AR6")
     435                      .dwattr $C$DW$46, DW_AT_location[DW_OP_reg16]
     436              
     437              $C$DW$47        .dwtag  DW_TAG_TI_assign_register
     438                      .dwattr $C$DW$47, DW_AT_name("XAR6")
     439                      .dwattr $C$DW$47, DW_AT_location[DW_OP_reg17]
     440              
TMS320C2000 Assembler PC v15.12.3 Tue Sep 20 20:30:15 2016

Tools Copyright (c) 1996-2015 Texas Instruments Incorporated
C:\Users\MaCHaDo\AppData\Local\Temp\2315610                          PAGE    9

     441              $C$DW$48        .dwtag  DW_TAG_TI_assign_register
     442                      .dwattr $C$DW$48, DW_AT_name("AR7")
     443                      .dwattr $C$DW$48, DW_AT_location[DW_OP_reg18]
     444              
     445              $C$DW$49        .dwtag  DW_TAG_TI_assign_register
     446                      .dwattr $C$DW$49, DW_AT_name("XAR7")
     447                      .dwattr $C$DW$49, DW_AT_location[DW_OP_reg19]
     448              
     449                      .dwendtag $C$DW$CU
     450              

No Assembly Errors, No Assembly Warnings
