TMS320C2000 Assembler PC v15.12.3 Sun Oct 30 14:02:17 2016

Tools Copyright (c) 1996-2015 Texas Instruments Incorporated
C:\Users\MaCHaDo\AppData\Local\Temp\0410410                          PAGE    1

       1              ;***************************************************************
       2              ;* TMS320C2000 C/C++ Codegen                   PC v15.12.3.LTS *
       3              ;* Date/Time created: Sun Oct 30 14:02:17 2016                 *
       4              ;***************************************************************
       5                      .compiler_opts --abi=coffabi --float_support=softlib --hll_source=on --mem_model:code=flat --mem_mode
       6        0002  FP      .set    XAR2
       7              
       8              $C$DW$CU        .dwtag  DW_TAG_compile_unit
       9                      .dwattr $C$DW$CU, DW_AT_name("../modules/source/svgen.c")
      10                      .dwattr $C$DW$CU, DW_AT_producer("TI TMS320C2000 C/C++ Codegen PC v15.12.3.LTS Copyright (c) 1996-201
      11                      .dwattr $C$DW$CU, DW_AT_TI_version(0x01)
      12                      .dwattr $C$DW$CU, DW_AT_comp_dir("D:\Users\MaCHaDo\Documents\GitHub\LegStrong\Debug")
      13              ;       C:\ti\ccsv6\tools\compiler\c2000_15.12.3.LTS\bin\opt2000.exe C:\\Users\\MaCHaDo\\AppData\\Local\\Temp
      14              ;       C:\ti\ccsv6\tools\compiler\c2000_15.12.3.LTS\bin\ac2000.exe -@C:\\Users\\MaCHaDo\\AppData\\Local\\Tem
      15 00000000               .sect   ".text"
      16                      .clink
      17                      .global _SVGEN_setup
      18              
      19              $C$DW$1 .dwtag  DW_TAG_subprogram
      20                      .dwattr $C$DW$1, DW_AT_name("SVGEN_setup")
      21                      .dwattr $C$DW$1, DW_AT_low_pc(_SVGEN_setup)
      22                      .dwattr $C$DW$1, DW_AT_high_pc(0x00)
      23                      .dwattr $C$DW$1, DW_AT_TI_symbol_name("_SVGEN_setup")
      24                      .dwattr $C$DW$1, DW_AT_external
      25                      .dwattr $C$DW$1, DW_AT_TI_begin_file("../modules/source/svgen.c")
      26                      .dwattr $C$DW$1, DW_AT_TI_begin_line(0x46)
      27                      .dwattr $C$DW$1, DW_AT_TI_begin_column(0x06)
      28                      .dwattr $C$DW$1, DW_AT_TI_max_frame_size(-2)
      29                      .dwpsn  file "../modules/source/svgen.c",line 71,column 1,is_stmt,address _SVGEN_setup,isa 0
      30              
      31                      .dwfde $C$DW$CIE, _SVGEN_setup
      32              $C$DW$2 .dwtag  DW_TAG_formal_parameter
      33                      .dwattr $C$DW$2, DW_AT_name("svgenHandle")
      34                      .dwattr $C$DW$2, DW_AT_TI_symbol_name("_svgenHandle")
      35                      .dwattr $C$DW$2, DW_AT_type(*$C$DW$T$22)
      36                      .dwattr $C$DW$2, DW_AT_location[DW_OP_reg12]
      37              
      38              
      39              ;***************************************************************
      40              ;* FNAME: _SVGEN_setup                  FR SIZE:   0           *
      41              ;*                                                             *
      42              ;* FUNCTION ENVIRONMENT                                        *
      43              ;*                                                             *
      44              ;* FUNCTION PROPERTIES                                         *
      45              ;*                            0 Parameter,  0 Auto,  0 SOE     *
      46              ;***************************************************************
      47              
      48 00000000       _SVGEN_setup:
      49                      .dwcfi  cfa_offset, -2
      50                      .dwcfi  save_reg_to_mem, 26, 0
      51              $C$DW$3 .dwtag  DW_TAG_TI_branch
      52                      .dwattr $C$DW$3, DW_AT_low_pc(0x00)
      53                      .dwattr $C$DW$3, DW_AT_TI_return
      54              
      55 00000000 0006          LRETR     ; [CPU_] 
TMS320C2000 Assembler PC v15.12.3 Sun Oct 30 14:02:17 2016

Tools Copyright (c) 1996-2015 Texas Instruments Incorporated
C:\Users\MaCHaDo\AppData\Local\Temp\0410410                          PAGE    2

      56                      ; return occurs ; [] 
      57                      .dwattr $C$DW$1, DW_AT_TI_end_file("../modules/source/svgen.c")
      58                      .dwattr $C$DW$1, DW_AT_TI_end_line(0x4b)
      59                      .dwattr $C$DW$1, DW_AT_TI_end_column(0x01)
      60                      .dwendentry
      61                      .dwendtag $C$DW$1
      62              
      63 00000001               .sect   ".text"
      64                      .clink
      65                      .global _SVGEN_init
      66              
      67              $C$DW$4 .dwtag  DW_TAG_subprogram
      68                      .dwattr $C$DW$4, DW_AT_name("SVGEN_init")
      69                      .dwattr $C$DW$4, DW_AT_low_pc(_SVGEN_init)
      70                      .dwattr $C$DW$4, DW_AT_high_pc(0x00)
      71                      .dwattr $C$DW$4, DW_AT_TI_symbol_name("_SVGEN_init")
      72                      .dwattr $C$DW$4, DW_AT_external
      73                      .dwattr $C$DW$4, DW_AT_type(*$C$DW$T$22)
      74                      .dwattr $C$DW$4, DW_AT_TI_begin_file("../modules/source/svgen.c")
      75                      .dwattr $C$DW$4, DW_AT_TI_begin_line(0x37)
      76                      .dwattr $C$DW$4, DW_AT_TI_begin_column(0x0e)
      77                      .dwattr $C$DW$4, DW_AT_TI_max_frame_size(-2)
      78                      .dwpsn  file "../modules/source/svgen.c",line 56,column 1,is_stmt,address _SVGEN_init,isa 0
      79              
      80                      .dwfde $C$DW$CIE, _SVGEN_init
      81              $C$DW$5 .dwtag  DW_TAG_formal_parameter
      82                      .dwattr $C$DW$5, DW_AT_name("pMemory")
      83                      .dwattr $C$DW$5, DW_AT_TI_symbol_name("_pMemory")
      84                      .dwattr $C$DW$5, DW_AT_type(*$C$DW$T$3)
      85                      .dwattr $C$DW$5, DW_AT_location[DW_OP_reg12]
      86              
      87              $C$DW$6 .dwtag  DW_TAG_formal_parameter
      88                      .dwattr $C$DW$6, DW_AT_name("numBytes")
      89                      .dwattr $C$DW$6, DW_AT_TI_symbol_name("_numBytes")
      90                      .dwattr $C$DW$6, DW_AT_type(*$C$DW$T$24)
      91                      .dwattr $C$DW$6, DW_AT_location[DW_OP_reg0]
      92              
      93              
      94              ;***************************************************************
      95              ;* FNAME: _SVGEN_init                   FR SIZE:   0           *
      96              ;*                                                             *
      97              ;* FUNCTION ENVIRONMENT                                        *
      98              ;*                                                             *
      99              ;* FUNCTION PROPERTIES                                         *
     100              ;*                            0 Parameter,  0 Auto,  0 SOE     *
     101              ;***************************************************************
     102              
     103              _SVGEN_init:
     104              ;* AR6   assigned to _numBytes
     105              $C$DW$7 .dwtag  DW_TAG_variable
     106                      .dwattr $C$DW$7, DW_AT_name("numBytes")
     107                      .dwattr $C$DW$7, DW_AT_TI_symbol_name("_numBytes")
     108                      .dwattr $C$DW$7, DW_AT_type(*$C$DW$T$24)
     109                      .dwattr $C$DW$7, DW_AT_location[DW_OP_reg16]
     110              
TMS320C2000 Assembler PC v15.12.3 Sun Oct 30 14:02:17 2016

Tools Copyright (c) 1996-2015 Texas Instruments Incorporated
C:\Users\MaCHaDo\AppData\Local\Temp\0410410                          PAGE    3

     111                      .dwcfi  cfa_offset, -2
     112                      .dwcfi  save_reg_to_mem, 26, 0
     113 00000001 1EA6          MOVL      XAR6,ACC              ; [CPU_] |56| 
     114                      .dwpsn  file "../modules/source/svgen.c",line 61,column 5,is_stmt,isa 0
     115 00000002 0202          MOVB      ACC,#2                ; [CPU_] |61| 
     116 00000003 0FA6          CMPL      ACC,XAR6              ; [CPU_] |61| 
     117 00000004 6902          B         $C$L1,LOS             ; [CPU_] |61| 
     118                      ; branchcc occurs ; [] |61| 
     119 00000005 D400          MOVB      XAR4,#0               ; [CPU_] |61| 
     120              $C$L1:    
     121              $C$DW$8 .dwtag  DW_TAG_TI_branch
     122                      .dwattr $C$DW$8, DW_AT_low_pc(0x00)
     123                      .dwattr $C$DW$8, DW_AT_TI_return
     124              
     125 00000006 0006          LRETR     ; [CPU_] 
     126                      ; return occurs ; [] 
     127                      .dwattr $C$DW$4, DW_AT_TI_end_file("../modules/source/svgen.c")
     128                      .dwattr $C$DW$4, DW_AT_TI_end_line(0x43)
     129                      .dwattr $C$DW$4, DW_AT_TI_end_column(0x01)
     130                      .dwendentry
     131                      .dwendtag $C$DW$4
     132              
     133              
     134              ;***************************************************************
     135              ;* TYPE INFORMATION                                            *
     136              ;***************************************************************
     137              
     138              $C$DW$T$20      .dwtag  DW_TAG_structure_type
     139                      .dwattr $C$DW$T$20, DW_AT_name("_SVGEN_Obj_")
     140                      .dwattr $C$DW$T$20, DW_AT_byte_size(0x02)
     141              $C$DW$9 .dwtag  DW_TAG_member
     142                      .dwattr $C$DW$9, DW_AT_type(*$C$DW$T$19)
     143                      .dwattr $C$DW$9, DW_AT_name("maxModulation")
     144                      .dwattr $C$DW$9, DW_AT_TI_symbol_name("_maxModulation")
     145                      .dwattr $C$DW$9, DW_AT_data_member_location[DW_OP_plus_uconst 0x0]
     146                      .dwattr $C$DW$9, DW_AT_accessibility(DW_ACCESS_public)
     147              
     148                      .dwendtag $C$DW$T$20
     149              
     150              $C$DW$T$21      .dwtag  DW_TAG_pointer_type
     151                      .dwattr $C$DW$T$21, DW_AT_type(*$C$DW$T$20)
     152                      .dwattr $C$DW$T$21, DW_AT_address_class(0x20)
     153              
     154              $C$DW$T$22      .dwtag  DW_TAG_typedef
     155                      .dwattr $C$DW$T$22, DW_AT_name("SVGEN_Handle")
     156                      .dwattr $C$DW$T$22, DW_AT_type(*$C$DW$T$21)
     157                      .dwattr $C$DW$T$22, DW_AT_language(DW_LANG_C)
     158              
     159              $C$DW$T$2       .dwtag  DW_TAG_unspecified_type
     160                      .dwattr $C$DW$T$2, DW_AT_name("void")
     161              
     162              $C$DW$T$3       .dwtag  DW_TAG_pointer_type
     163                      .dwattr $C$DW$T$3, DW_AT_type(*$C$DW$T$2)
     164                      .dwattr $C$DW$T$3, DW_AT_address_class(0x20)
     165              
TMS320C2000 Assembler PC v15.12.3 Sun Oct 30 14:02:17 2016

Tools Copyright (c) 1996-2015 Texas Instruments Incorporated
C:\Users\MaCHaDo\AppData\Local\Temp\0410410                          PAGE    4

     166              $C$DW$T$4       .dwtag  DW_TAG_base_type
     167                      .dwattr $C$DW$T$4, DW_AT_encoding(DW_ATE_boolean)
     168                      .dwattr $C$DW$T$4, DW_AT_name("bool")
     169                      .dwattr $C$DW$T$4, DW_AT_byte_size(0x01)
     170              
     171              $C$DW$T$5       .dwtag  DW_TAG_base_type
     172                      .dwattr $C$DW$T$5, DW_AT_encoding(DW_ATE_signed_char)
     173                      .dwattr $C$DW$T$5, DW_AT_name("signed char")
     174                      .dwattr $C$DW$T$5, DW_AT_byte_size(0x01)
     175              
     176              $C$DW$T$6       .dwtag  DW_TAG_base_type
     177                      .dwattr $C$DW$T$6, DW_AT_encoding(DW_ATE_unsigned_char)
     178                      .dwattr $C$DW$T$6, DW_AT_name("unsigned char")
     179                      .dwattr $C$DW$T$6, DW_AT_byte_size(0x01)
     180              
     181              $C$DW$T$7       .dwtag  DW_TAG_base_type
     182                      .dwattr $C$DW$T$7, DW_AT_encoding(DW_ATE_signed_char)
     183                      .dwattr $C$DW$T$7, DW_AT_name("wchar_t")
     184                      .dwattr $C$DW$T$7, DW_AT_byte_size(0x01)
     185              
     186              $C$DW$T$8       .dwtag  DW_TAG_base_type
     187                      .dwattr $C$DW$T$8, DW_AT_encoding(DW_ATE_signed)
     188                      .dwattr $C$DW$T$8, DW_AT_name("short")
     189                      .dwattr $C$DW$T$8, DW_AT_byte_size(0x01)
     190              
     191              $C$DW$T$9       .dwtag  DW_TAG_base_type
     192                      .dwattr $C$DW$T$9, DW_AT_encoding(DW_ATE_unsigned)
     193                      .dwattr $C$DW$T$9, DW_AT_name("unsigned short")
     194                      .dwattr $C$DW$T$9, DW_AT_byte_size(0x01)
     195              
     196              $C$DW$T$10      .dwtag  DW_TAG_base_type
     197                      .dwattr $C$DW$T$10, DW_AT_encoding(DW_ATE_signed)
     198                      .dwattr $C$DW$T$10, DW_AT_name("int")
     199                      .dwattr $C$DW$T$10, DW_AT_byte_size(0x01)
     200              
     201              $C$DW$T$11      .dwtag  DW_TAG_base_type
     202                      .dwattr $C$DW$T$11, DW_AT_encoding(DW_ATE_unsigned)
     203                      .dwattr $C$DW$T$11, DW_AT_name("unsigned int")
     204                      .dwattr $C$DW$T$11, DW_AT_byte_size(0x01)
     205              
     206              $C$DW$T$12      .dwtag  DW_TAG_base_type
     207                      .dwattr $C$DW$T$12, DW_AT_encoding(DW_ATE_signed)
     208                      .dwattr $C$DW$T$12, DW_AT_name("long")
     209                      .dwattr $C$DW$T$12, DW_AT_byte_size(0x02)
     210              
     211              $C$DW$T$19      .dwtag  DW_TAG_typedef
     212                      .dwattr $C$DW$T$19, DW_AT_name("_iq")
     213                      .dwattr $C$DW$T$19, DW_AT_type(*$C$DW$T$12)
     214                      .dwattr $C$DW$T$19, DW_AT_language(DW_LANG_C)
     215              
     216              $C$DW$T$13      .dwtag  DW_TAG_base_type
     217                      .dwattr $C$DW$T$13, DW_AT_encoding(DW_ATE_unsigned)
     218                      .dwattr $C$DW$T$13, DW_AT_name("unsigned long")
     219                      .dwattr $C$DW$T$13, DW_AT_byte_size(0x02)
     220              
TMS320C2000 Assembler PC v15.12.3 Sun Oct 30 14:02:17 2016

Tools Copyright (c) 1996-2015 Texas Instruments Incorporated
C:\Users\MaCHaDo\AppData\Local\Temp\0410410                          PAGE    5

     221              $C$DW$T$23      .dwtag  DW_TAG_typedef
     222                      .dwattr $C$DW$T$23, DW_AT_name("size_t")
     223                      .dwattr $C$DW$T$23, DW_AT_type(*$C$DW$T$13)
     224                      .dwattr $C$DW$T$23, DW_AT_language(DW_LANG_C)
     225              
     226              $C$DW$10        .dwtag  DW_TAG_TI_far_type
     227                      .dwattr $C$DW$10, DW_AT_type(*$C$DW$T$23)
     228              
     229              $C$DW$T$24      .dwtag  DW_TAG_const_type
     230                      .dwattr $C$DW$T$24, DW_AT_type(*$C$DW$10)
     231              
     232              $C$DW$T$14      .dwtag  DW_TAG_base_type
     233                      .dwattr $C$DW$T$14, DW_AT_encoding(DW_ATE_signed)
     234                      .dwattr $C$DW$T$14, DW_AT_name("long long")
     235                      .dwattr $C$DW$T$14, DW_AT_byte_size(0x04)
     236              
     237              $C$DW$T$15      .dwtag  DW_TAG_base_type
     238                      .dwattr $C$DW$T$15, DW_AT_encoding(DW_ATE_unsigned)
     239                      .dwattr $C$DW$T$15, DW_AT_name("unsigned long long")
     240                      .dwattr $C$DW$T$15, DW_AT_byte_size(0x04)
     241              
     242              $C$DW$T$16      .dwtag  DW_TAG_base_type
     243                      .dwattr $C$DW$T$16, DW_AT_encoding(DW_ATE_float)
     244                      .dwattr $C$DW$T$16, DW_AT_name("float")
     245                      .dwattr $C$DW$T$16, DW_AT_byte_size(0x02)
     246              
     247              $C$DW$T$17      .dwtag  DW_TAG_base_type
     248                      .dwattr $C$DW$T$17, DW_AT_encoding(DW_ATE_float)
     249                      .dwattr $C$DW$T$17, DW_AT_name("double")
     250                      .dwattr $C$DW$T$17, DW_AT_byte_size(0x02)
     251              
     252              $C$DW$T$18      .dwtag  DW_TAG_base_type
     253                      .dwattr $C$DW$T$18, DW_AT_encoding(DW_ATE_float)
     254                      .dwattr $C$DW$T$18, DW_AT_name("long double")
     255                      .dwattr $C$DW$T$18, DW_AT_byte_size(0x04)
     256              
     257                      .dwattr $C$DW$CU, DW_AT_language(DW_LANG_C)
     258              
     259              ;***************************************************************
     260              ;* DWARF CIE ENTRIES                                           *
     261              ;***************************************************************
     262              
     263              $C$DW$CIE       .dwcie 26
     264                      .dwcfi  cfa_register, 20
     265                      .dwcfi  cfa_offset, 0
     266                      .dwcfi  undefined, 0
     267                      .dwcfi  undefined, 1
     268                      .dwcfi  undefined, 2
     269                      .dwcfi  undefined, 3
     270                      .dwcfi  undefined, 20
     271                      .dwcfi  undefined, 21
     272                      .dwcfi  undefined, 22
     273                      .dwcfi  undefined, 23
     274                      .dwcfi  undefined, 24
     275                      .dwcfi  undefined, 25
TMS320C2000 Assembler PC v15.12.3 Sun Oct 30 14:02:17 2016

Tools Copyright (c) 1996-2015 Texas Instruments Incorporated
C:\Users\MaCHaDo\AppData\Local\Temp\0410410                          PAGE    6

     276                      .dwcfi  undefined, 26
     277                      .dwcfi  same_value, 28
     278                      .dwcfi  undefined, 29
     279                      .dwcfi  undefined, 30
     280                      .dwcfi  undefined, 31
     281                      .dwcfi  undefined, 32
     282                      .dwcfi  undefined, 33
     283                      .dwcfi  undefined, 34
     284                      .dwcfi  undefined, 35
     285                      .dwcfi  undefined, 36
     286                      .dwcfi  undefined, 37
     287                      .dwcfi  undefined, 38
     288                      .dwcfi  undefined, 75
     289                      .dwcfi  undefined, 76
     290                      .dwcfi  undefined, 77
     291                      .dwcfi  undefined, 4
     292                      .dwcfi  undefined, 5
     293                      .dwcfi  same_value, 6
     294                      .dwcfi  same_value, 7
     295                      .dwcfi  same_value, 8
     296                      .dwcfi  same_value, 9
     297                      .dwcfi  same_value, 10
     298                      .dwcfi  same_value, 11
     299                      .dwcfi  undefined, 12
     300                      .dwcfi  undefined, 13
     301                      .dwcfi  undefined, 14
     302                      .dwcfi  undefined, 15
     303                      .dwcfi  undefined, 16
     304                      .dwcfi  undefined, 17
     305                      .dwcfi  undefined, 18
     306                      .dwcfi  undefined, 19
     307                      .dwendentry
     308              
     309              ;***************************************************************
     310              ;* DWARF REGISTER MAP                                          *
     311              ;***************************************************************
     312              
     313              $C$DW$11        .dwtag  DW_TAG_TI_assign_register
     314                      .dwattr $C$DW$11, DW_AT_name("AL")
     315                      .dwattr $C$DW$11, DW_AT_location[DW_OP_reg0]
     316              
     317              $C$DW$12        .dwtag  DW_TAG_TI_assign_register
     318                      .dwattr $C$DW$12, DW_AT_name("AH")
     319                      .dwattr $C$DW$12, DW_AT_location[DW_OP_reg1]
     320              
     321              $C$DW$13        .dwtag  DW_TAG_TI_assign_register
     322                      .dwattr $C$DW$13, DW_AT_name("PL")
     323                      .dwattr $C$DW$13, DW_AT_location[DW_OP_reg2]
     324              
     325              $C$DW$14        .dwtag  DW_TAG_TI_assign_register
     326                      .dwattr $C$DW$14, DW_AT_name("PH")
     327                      .dwattr $C$DW$14, DW_AT_location[DW_OP_reg3]
     328              
     329              $C$DW$15        .dwtag  DW_TAG_TI_assign_register
     330                      .dwattr $C$DW$15, DW_AT_name("SP")
TMS320C2000 Assembler PC v15.12.3 Sun Oct 30 14:02:17 2016

Tools Copyright (c) 1996-2015 Texas Instruments Incorporated
C:\Users\MaCHaDo\AppData\Local\Temp\0410410                          PAGE    7

     331                      .dwattr $C$DW$15, DW_AT_location[DW_OP_reg20]
     332              
     333              $C$DW$16        .dwtag  DW_TAG_TI_assign_register
     334                      .dwattr $C$DW$16, DW_AT_name("XT")
     335                      .dwattr $C$DW$16, DW_AT_location[DW_OP_reg21]
     336              
     337              $C$DW$17        .dwtag  DW_TAG_TI_assign_register
     338                      .dwattr $C$DW$17, DW_AT_name("T")
     339                      .dwattr $C$DW$17, DW_AT_location[DW_OP_reg22]
     340              
     341              $C$DW$18        .dwtag  DW_TAG_TI_assign_register
     342                      .dwattr $C$DW$18, DW_AT_name("ST0")
     343                      .dwattr $C$DW$18, DW_AT_location[DW_OP_reg23]
     344              
     345              $C$DW$19        .dwtag  DW_TAG_TI_assign_register
     346                      .dwattr $C$DW$19, DW_AT_name("ST1")
     347                      .dwattr $C$DW$19, DW_AT_location[DW_OP_reg24]
     348              
     349              $C$DW$20        .dwtag  DW_TAG_TI_assign_register
     350                      .dwattr $C$DW$20, DW_AT_name("PC")
     351                      .dwattr $C$DW$20, DW_AT_location[DW_OP_reg25]
     352              
     353              $C$DW$21        .dwtag  DW_TAG_TI_assign_register
     354                      .dwattr $C$DW$21, DW_AT_name("RPC")
     355                      .dwattr $C$DW$21, DW_AT_location[DW_OP_reg26]
     356              
     357              $C$DW$22        .dwtag  DW_TAG_TI_assign_register
     358                      .dwattr $C$DW$22, DW_AT_name("FP")
     359                      .dwattr $C$DW$22, DW_AT_location[DW_OP_reg28]
     360              
     361              $C$DW$23        .dwtag  DW_TAG_TI_assign_register
     362                      .dwattr $C$DW$23, DW_AT_name("DP")
     363                      .dwattr $C$DW$23, DW_AT_location[DW_OP_reg29]
     364              
     365              $C$DW$24        .dwtag  DW_TAG_TI_assign_register
     366                      .dwattr $C$DW$24, DW_AT_name("SXM")
     367                      .dwattr $C$DW$24, DW_AT_location[DW_OP_reg30]
     368              
     369              $C$DW$25        .dwtag  DW_TAG_TI_assign_register
     370                      .dwattr $C$DW$25, DW_AT_name("PM")
     371                      .dwattr $C$DW$25, DW_AT_location[DW_OP_reg31]
     372              
     373              $C$DW$26        .dwtag  DW_TAG_TI_assign_register
     374                      .dwattr $C$DW$26, DW_AT_name("OVM")
     375                      .dwattr $C$DW$26, DW_AT_location[DW_OP_regx 0x20]
     376              
     377              $C$DW$27        .dwtag  DW_TAG_TI_assign_register
     378                      .dwattr $C$DW$27, DW_AT_name("PAGE0")
     379                      .dwattr $C$DW$27, DW_AT_location[DW_OP_regx 0x21]
     380              
     381              $C$DW$28        .dwtag  DW_TAG_TI_assign_register
     382                      .dwattr $C$DW$28, DW_AT_name("AMODE")
     383                      .dwattr $C$DW$28, DW_AT_location[DW_OP_regx 0x22]
     384              
     385              $C$DW$29        .dwtag  DW_TAG_TI_assign_register
TMS320C2000 Assembler PC v15.12.3 Sun Oct 30 14:02:17 2016

Tools Copyright (c) 1996-2015 Texas Instruments Incorporated
C:\Users\MaCHaDo\AppData\Local\Temp\0410410                          PAGE    8

     386                      .dwattr $C$DW$29, DW_AT_name("INTM")
     387                      .dwattr $C$DW$29, DW_AT_location[DW_OP_regx 0x23]
     388              
     389              $C$DW$30        .dwtag  DW_TAG_TI_assign_register
     390                      .dwattr $C$DW$30, DW_AT_name("IFR")
     391                      .dwattr $C$DW$30, DW_AT_location[DW_OP_regx 0x24]
     392              
     393              $C$DW$31        .dwtag  DW_TAG_TI_assign_register
     394                      .dwattr $C$DW$31, DW_AT_name("IER")
     395                      .dwattr $C$DW$31, DW_AT_location[DW_OP_regx 0x25]
     396              
     397              $C$DW$32        .dwtag  DW_TAG_TI_assign_register
     398                      .dwattr $C$DW$32, DW_AT_name("V")
     399                      .dwattr $C$DW$32, DW_AT_location[DW_OP_regx 0x26]
     400              
     401              $C$DW$33        .dwtag  DW_TAG_TI_assign_register
     402                      .dwattr $C$DW$33, DW_AT_name("PSEUDOH")
     403                      .dwattr $C$DW$33, DW_AT_location[DW_OP_regx 0x4c]
     404              
     405              $C$DW$34        .dwtag  DW_TAG_TI_assign_register
     406                      .dwattr $C$DW$34, DW_AT_name("VOL")
     407                      .dwattr $C$DW$34, DW_AT_location[DW_OP_regx 0x4d]
     408              
     409              $C$DW$35        .dwtag  DW_TAG_TI_assign_register
     410                      .dwattr $C$DW$35, DW_AT_name("AR0")
     411                      .dwattr $C$DW$35, DW_AT_location[DW_OP_reg4]
     412              
     413              $C$DW$36        .dwtag  DW_TAG_TI_assign_register
     414                      .dwattr $C$DW$36, DW_AT_name("XAR0")
     415                      .dwattr $C$DW$36, DW_AT_location[DW_OP_reg5]
     416              
     417              $C$DW$37        .dwtag  DW_TAG_TI_assign_register
     418                      .dwattr $C$DW$37, DW_AT_name("AR1")
     419                      .dwattr $C$DW$37, DW_AT_location[DW_OP_reg6]
     420              
     421              $C$DW$38        .dwtag  DW_TAG_TI_assign_register
     422                      .dwattr $C$DW$38, DW_AT_name("XAR1")
     423                      .dwattr $C$DW$38, DW_AT_location[DW_OP_reg7]
     424              
     425              $C$DW$39        .dwtag  DW_TAG_TI_assign_register
     426                      .dwattr $C$DW$39, DW_AT_name("AR2")
     427                      .dwattr $C$DW$39, DW_AT_location[DW_OP_reg8]
     428              
     429              $C$DW$40        .dwtag  DW_TAG_TI_assign_register
     430                      .dwattr $C$DW$40, DW_AT_name("XAR2")
     431                      .dwattr $C$DW$40, DW_AT_location[DW_OP_reg9]
     432              
     433              $C$DW$41        .dwtag  DW_TAG_TI_assign_register
     434                      .dwattr $C$DW$41, DW_AT_name("AR3")
     435                      .dwattr $C$DW$41, DW_AT_location[DW_OP_reg10]
     436              
     437              $C$DW$42        .dwtag  DW_TAG_TI_assign_register
     438                      .dwattr $C$DW$42, DW_AT_name("XAR3")
     439                      .dwattr $C$DW$42, DW_AT_location[DW_OP_reg11]
     440              
TMS320C2000 Assembler PC v15.12.3 Sun Oct 30 14:02:17 2016

Tools Copyright (c) 1996-2015 Texas Instruments Incorporated
C:\Users\MaCHaDo\AppData\Local\Temp\0410410                          PAGE    9

     441              $C$DW$43        .dwtag  DW_TAG_TI_assign_register
     442                      .dwattr $C$DW$43, DW_AT_name("AR4")
     443                      .dwattr $C$DW$43, DW_AT_location[DW_OP_reg12]
     444              
     445              $C$DW$44        .dwtag  DW_TAG_TI_assign_register
     446                      .dwattr $C$DW$44, DW_AT_name("XAR4")
     447                      .dwattr $C$DW$44, DW_AT_location[DW_OP_reg13]
     448              
     449              $C$DW$45        .dwtag  DW_TAG_TI_assign_register
     450                      .dwattr $C$DW$45, DW_AT_name("AR5")
     451                      .dwattr $C$DW$45, DW_AT_location[DW_OP_reg14]
     452              
     453              $C$DW$46        .dwtag  DW_TAG_TI_assign_register
     454                      .dwattr $C$DW$46, DW_AT_name("XAR5")
     455                      .dwattr $C$DW$46, DW_AT_location[DW_OP_reg15]
     456              
     457              $C$DW$47        .dwtag  DW_TAG_TI_assign_register
     458                      .dwattr $C$DW$47, DW_AT_name("AR6")
     459                      .dwattr $C$DW$47, DW_AT_location[DW_OP_reg16]
     460              
     461              $C$DW$48        .dwtag  DW_TAG_TI_assign_register
     462                      .dwattr $C$DW$48, DW_AT_name("XAR6")
     463                      .dwattr $C$DW$48, DW_AT_location[DW_OP_reg17]
     464              
     465              $C$DW$49        .dwtag  DW_TAG_TI_assign_register
     466                      .dwattr $C$DW$49, DW_AT_name("AR7")
     467                      .dwattr $C$DW$49, DW_AT_location[DW_OP_reg18]
     468              
     469              $C$DW$50        .dwtag  DW_TAG_TI_assign_register
     470                      .dwattr $C$DW$50, DW_AT_name("XAR7")
     471                      .dwattr $C$DW$50, DW_AT_location[DW_OP_reg19]
     472              
     473                      .dwendtag $C$DW$CU
     474              

No Assembly Errors, No Assembly Warnings
