TMS320C2000 Assembler PC v15.12.3 Sun Oct 30 14:02:19 2016

Tools Copyright (c) 1996-2015 Texas Instruments Incorporated
C:\Users\MaCHaDo\AppData\Local\Temp\4502010                          PAGE    1

       1              ;***************************************************************
       2              ;* TMS320C2000 C/C++ Codegen                   PC v15.12.3.LTS *
       3              ;* Date/Time created: Sun Oct 30 14:02:18 2016                 *
       4              ;***************************************************************
       5                      .compiler_opts --abi=coffabi --float_support=softlib --hll_source=on --mem_model:code=flat --mem_mode
       6        0002  FP      .set    XAR2
       7              
       8              $C$DW$CU        .dwtag  DW_TAG_compile_unit
       9                      .dwattr $C$DW$CU, DW_AT_name("../modules/source/traj.c")
      10                      .dwattr $C$DW$CU, DW_AT_producer("TI TMS320C2000 C/C++ Codegen PC v15.12.3.LTS Copyright (c) 1996-201
      11                      .dwattr $C$DW$CU, DW_AT_TI_version(0x01)
      12                      .dwattr $C$DW$CU, DW_AT_comp_dir("D:\Users\MaCHaDo\Documents\GitHub\LegStrong\Debug")
      13              ;       C:\ti\ccsv6\tools\compiler\c2000_15.12.3.LTS\bin\opt2000.exe C:\\Users\\MaCHaDo\\AppData\\Local\\Temp
      14              ;       C:\ti\ccsv6\tools\compiler\c2000_15.12.3.LTS\bin\ac2000.exe -@C:\\Users\\MaCHaDo\\AppData\\Local\\Tem
      15 00000000               .sect   ".text"
      16                      .clink
      17                      .global _TRAJ_init
      18              
      19              $C$DW$1 .dwtag  DW_TAG_subprogram
      20                      .dwattr $C$DW$1, DW_AT_name("TRAJ_init")
      21                      .dwattr $C$DW$1, DW_AT_low_pc(_TRAJ_init)
      22                      .dwattr $C$DW$1, DW_AT_high_pc(0x00)
      23                      .dwattr $C$DW$1, DW_AT_TI_symbol_name("_TRAJ_init")
      24                      .dwattr $C$DW$1, DW_AT_external
      25                      .dwattr $C$DW$1, DW_AT_type(*$C$DW$T$22)
      26                      .dwattr $C$DW$1, DW_AT_TI_begin_file("../modules/source/traj.c")
      27                      .dwattr $C$DW$1, DW_AT_TI_begin_line(0x37)
      28                      .dwattr $C$DW$1, DW_AT_TI_begin_column(0x0d)
      29                      .dwattr $C$DW$1, DW_AT_TI_max_frame_size(-2)
      30                      .dwpsn  file "../modules/source/traj.c",line 56,column 1,is_stmt,address _TRAJ_init,isa 0
      31              
      32                      .dwfde $C$DW$CIE, _TRAJ_init
      33              $C$DW$2 .dwtag  DW_TAG_formal_parameter
      34                      .dwattr $C$DW$2, DW_AT_name("pMemory")
      35                      .dwattr $C$DW$2, DW_AT_TI_symbol_name("_pMemory")
      36                      .dwattr $C$DW$2, DW_AT_type(*$C$DW$T$3)
      37                      .dwattr $C$DW$2, DW_AT_location[DW_OP_reg12]
      38              
      39              $C$DW$3 .dwtag  DW_TAG_formal_parameter
      40                      .dwattr $C$DW$3, DW_AT_name("numBytes")
      41                      .dwattr $C$DW$3, DW_AT_TI_symbol_name("_numBytes")
      42                      .dwattr $C$DW$3, DW_AT_type(*$C$DW$T$24)
      43                      .dwattr $C$DW$3, DW_AT_location[DW_OP_reg0]
      44              
      45              
      46              ;***************************************************************
      47              ;* FNAME: _TRAJ_init                    FR SIZE:   0           *
      48              ;*                                                             *
      49              ;* FUNCTION ENVIRONMENT                                        *
      50              ;*                                                             *
      51              ;* FUNCTION PROPERTIES                                         *
      52              ;*                            0 Parameter,  0 Auto,  0 SOE     *
      53              ;***************************************************************
      54              
      55              _TRAJ_init:
TMS320C2000 Assembler PC v15.12.3 Sun Oct 30 14:02:19 2016

Tools Copyright (c) 1996-2015 Texas Instruments Incorporated
C:\Users\MaCHaDo\AppData\Local\Temp\4502010                          PAGE    2

      56              ;* AR6   assigned to _numBytes
      57              $C$DW$4 .dwtag  DW_TAG_variable
      58                      .dwattr $C$DW$4, DW_AT_name("numBytes")
      59                      .dwattr $C$DW$4, DW_AT_TI_symbol_name("_numBytes")
      60                      .dwattr $C$DW$4, DW_AT_type(*$C$DW$T$24)
      61                      .dwattr $C$DW$4, DW_AT_location[DW_OP_reg16]
      62              
      63                      .dwcfi  cfa_offset, -2
      64                      .dwcfi  save_reg_to_mem, 26, 0
      65 00000000 1EA6          MOVL      XAR6,ACC              ; [CPU_] |56| 
      66                      .dwpsn  file "../modules/source/traj.c",line 61,column 5,is_stmt,isa 0
      67 00000001 020A          MOVB      ACC,#10               ; [CPU_] |61| 
      68 00000002 0FA6          CMPL      ACC,XAR6              ; [CPU_] |61| 
      69 00000003 6902          B         $C$L1,LOS             ; [CPU_] |61| 
      70                      ; branchcc occurs ; [] |61| 
      71 00000004 D400          MOVB      XAR4,#0               ; [CPU_] |61| 
      72              $C$L1:    
      73              $C$DW$5 .dwtag  DW_TAG_TI_branch
      74                      .dwattr $C$DW$5, DW_AT_low_pc(0x00)
      75                      .dwattr $C$DW$5, DW_AT_TI_return
      76              
      77 00000005 0006          LRETR     ; [CPU_] 
      78                      ; return occurs ; [] 
      79                      .dwattr $C$DW$1, DW_AT_TI_end_file("../modules/source/traj.c")
      80                      .dwattr $C$DW$1, DW_AT_TI_end_line(0x43)
      81                      .dwattr $C$DW$1, DW_AT_TI_end_column(0x01)
      82                      .dwendentry
      83                      .dwendtag $C$DW$1
      84              
      85              
      86              ;***************************************************************
      87              ;* TYPE INFORMATION                                            *
      88              ;***************************************************************
      89              
      90              $C$DW$T$20      .dwtag  DW_TAG_structure_type
      91                      .dwattr $C$DW$T$20, DW_AT_name("_TRAJ_Obj_")
      92                      .dwattr $C$DW$T$20, DW_AT_byte_size(0x0a)
      93              $C$DW$6 .dwtag  DW_TAG_member
      94                      .dwattr $C$DW$6, DW_AT_type(*$C$DW$T$19)
      95                      .dwattr $C$DW$6, DW_AT_name("targetValue")
      96                      .dwattr $C$DW$6, DW_AT_TI_symbol_name("_targetValue")
      97                      .dwattr $C$DW$6, DW_AT_data_member_location[DW_OP_plus_uconst 0x0]
      98                      .dwattr $C$DW$6, DW_AT_accessibility(DW_ACCESS_public)
      99              
     100              $C$DW$7 .dwtag  DW_TAG_member
     101                      .dwattr $C$DW$7, DW_AT_type(*$C$DW$T$19)
     102                      .dwattr $C$DW$7, DW_AT_name("intValue")
     103                      .dwattr $C$DW$7, DW_AT_TI_symbol_name("_intValue")
     104                      .dwattr $C$DW$7, DW_AT_data_member_location[DW_OP_plus_uconst 0x2]
     105                      .dwattr $C$DW$7, DW_AT_accessibility(DW_ACCESS_public)
     106              
     107              $C$DW$8 .dwtag  DW_TAG_member
     108                      .dwattr $C$DW$8, DW_AT_type(*$C$DW$T$19)
     109                      .dwattr $C$DW$8, DW_AT_name("minValue")
     110                      .dwattr $C$DW$8, DW_AT_TI_symbol_name("_minValue")
TMS320C2000 Assembler PC v15.12.3 Sun Oct 30 14:02:19 2016

Tools Copyright (c) 1996-2015 Texas Instruments Incorporated
C:\Users\MaCHaDo\AppData\Local\Temp\4502010                          PAGE    3

     111                      .dwattr $C$DW$8, DW_AT_data_member_location[DW_OP_plus_uconst 0x4]
     112                      .dwattr $C$DW$8, DW_AT_accessibility(DW_ACCESS_public)
     113              
     114              $C$DW$9 .dwtag  DW_TAG_member
     115                      .dwattr $C$DW$9, DW_AT_type(*$C$DW$T$19)
     116                      .dwattr $C$DW$9, DW_AT_name("maxValue")
     117                      .dwattr $C$DW$9, DW_AT_TI_symbol_name("_maxValue")
     118                      .dwattr $C$DW$9, DW_AT_data_member_location[DW_OP_plus_uconst 0x6]
     119                      .dwattr $C$DW$9, DW_AT_accessibility(DW_ACCESS_public)
     120              
     121              $C$DW$10        .dwtag  DW_TAG_member
     122                      .dwattr $C$DW$10, DW_AT_type(*$C$DW$T$19)
     123                      .dwattr $C$DW$10, DW_AT_name("maxDelta")
     124                      .dwattr $C$DW$10, DW_AT_TI_symbol_name("_maxDelta")
     125                      .dwattr $C$DW$10, DW_AT_data_member_location[DW_OP_plus_uconst 0x8]
     126                      .dwattr $C$DW$10, DW_AT_accessibility(DW_ACCESS_public)
     127              
     128                      .dwendtag $C$DW$T$20
     129              
     130              $C$DW$T$21      .dwtag  DW_TAG_pointer_type
     131                      .dwattr $C$DW$T$21, DW_AT_type(*$C$DW$T$20)
     132                      .dwattr $C$DW$T$21, DW_AT_address_class(0x20)
     133              
     134              $C$DW$T$22      .dwtag  DW_TAG_typedef
     135                      .dwattr $C$DW$T$22, DW_AT_name("TRAJ_Handle")
     136                      .dwattr $C$DW$T$22, DW_AT_type(*$C$DW$T$21)
     137                      .dwattr $C$DW$T$22, DW_AT_language(DW_LANG_C)
     138              
     139              $C$DW$T$2       .dwtag  DW_TAG_unspecified_type
     140                      .dwattr $C$DW$T$2, DW_AT_name("void")
     141              
     142              $C$DW$T$3       .dwtag  DW_TAG_pointer_type
     143                      .dwattr $C$DW$T$3, DW_AT_type(*$C$DW$T$2)
     144                      .dwattr $C$DW$T$3, DW_AT_address_class(0x20)
     145              
     146              $C$DW$T$4       .dwtag  DW_TAG_base_type
     147                      .dwattr $C$DW$T$4, DW_AT_encoding(DW_ATE_boolean)
     148                      .dwattr $C$DW$T$4, DW_AT_name("bool")
     149                      .dwattr $C$DW$T$4, DW_AT_byte_size(0x01)
     150              
     151              $C$DW$T$5       .dwtag  DW_TAG_base_type
     152                      .dwattr $C$DW$T$5, DW_AT_encoding(DW_ATE_signed_char)
     153                      .dwattr $C$DW$T$5, DW_AT_name("signed char")
     154                      .dwattr $C$DW$T$5, DW_AT_byte_size(0x01)
     155              
     156              $C$DW$T$6       .dwtag  DW_TAG_base_type
     157                      .dwattr $C$DW$T$6, DW_AT_encoding(DW_ATE_unsigned_char)
     158                      .dwattr $C$DW$T$6, DW_AT_name("unsigned char")
     159                      .dwattr $C$DW$T$6, DW_AT_byte_size(0x01)
     160              
     161              $C$DW$T$7       .dwtag  DW_TAG_base_type
     162                      .dwattr $C$DW$T$7, DW_AT_encoding(DW_ATE_signed_char)
     163                      .dwattr $C$DW$T$7, DW_AT_name("wchar_t")
     164                      .dwattr $C$DW$T$7, DW_AT_byte_size(0x01)
     165              
TMS320C2000 Assembler PC v15.12.3 Sun Oct 30 14:02:19 2016

Tools Copyright (c) 1996-2015 Texas Instruments Incorporated
C:\Users\MaCHaDo\AppData\Local\Temp\4502010                          PAGE    4

     166              $C$DW$T$8       .dwtag  DW_TAG_base_type
     167                      .dwattr $C$DW$T$8, DW_AT_encoding(DW_ATE_signed)
     168                      .dwattr $C$DW$T$8, DW_AT_name("short")
     169                      .dwattr $C$DW$T$8, DW_AT_byte_size(0x01)
     170              
     171              $C$DW$T$9       .dwtag  DW_TAG_base_type
     172                      .dwattr $C$DW$T$9, DW_AT_encoding(DW_ATE_unsigned)
     173                      .dwattr $C$DW$T$9, DW_AT_name("unsigned short")
     174                      .dwattr $C$DW$T$9, DW_AT_byte_size(0x01)
     175              
     176              $C$DW$T$10      .dwtag  DW_TAG_base_type
     177                      .dwattr $C$DW$T$10, DW_AT_encoding(DW_ATE_signed)
     178                      .dwattr $C$DW$T$10, DW_AT_name("int")
     179                      .dwattr $C$DW$T$10, DW_AT_byte_size(0x01)
     180              
     181              $C$DW$T$11      .dwtag  DW_TAG_base_type
     182                      .dwattr $C$DW$T$11, DW_AT_encoding(DW_ATE_unsigned)
     183                      .dwattr $C$DW$T$11, DW_AT_name("unsigned int")
     184                      .dwattr $C$DW$T$11, DW_AT_byte_size(0x01)
     185              
     186              $C$DW$T$12      .dwtag  DW_TAG_base_type
     187                      .dwattr $C$DW$T$12, DW_AT_encoding(DW_ATE_signed)
     188                      .dwattr $C$DW$T$12, DW_AT_name("long")
     189                      .dwattr $C$DW$T$12, DW_AT_byte_size(0x02)
     190              
     191              $C$DW$T$19      .dwtag  DW_TAG_typedef
     192                      .dwattr $C$DW$T$19, DW_AT_name("_iq")
     193                      .dwattr $C$DW$T$19, DW_AT_type(*$C$DW$T$12)
     194                      .dwattr $C$DW$T$19, DW_AT_language(DW_LANG_C)
     195              
     196              $C$DW$T$13      .dwtag  DW_TAG_base_type
     197                      .dwattr $C$DW$T$13, DW_AT_encoding(DW_ATE_unsigned)
     198                      .dwattr $C$DW$T$13, DW_AT_name("unsigned long")
     199                      .dwattr $C$DW$T$13, DW_AT_byte_size(0x02)
     200              
     201              $C$DW$T$23      .dwtag  DW_TAG_typedef
     202                      .dwattr $C$DW$T$23, DW_AT_name("size_t")
     203                      .dwattr $C$DW$T$23, DW_AT_type(*$C$DW$T$13)
     204                      .dwattr $C$DW$T$23, DW_AT_language(DW_LANG_C)
     205              
     206              $C$DW$11        .dwtag  DW_TAG_TI_far_type
     207                      .dwattr $C$DW$11, DW_AT_type(*$C$DW$T$23)
     208              
     209              $C$DW$T$24      .dwtag  DW_TAG_const_type
     210                      .dwattr $C$DW$T$24, DW_AT_type(*$C$DW$11)
     211              
     212              $C$DW$T$14      .dwtag  DW_TAG_base_type
     213                      .dwattr $C$DW$T$14, DW_AT_encoding(DW_ATE_signed)
     214                      .dwattr $C$DW$T$14, DW_AT_name("long long")
     215                      .dwattr $C$DW$T$14, DW_AT_byte_size(0x04)
     216              
     217              $C$DW$T$15      .dwtag  DW_TAG_base_type
     218                      .dwattr $C$DW$T$15, DW_AT_encoding(DW_ATE_unsigned)
     219                      .dwattr $C$DW$T$15, DW_AT_name("unsigned long long")
     220                      .dwattr $C$DW$T$15, DW_AT_byte_size(0x04)
TMS320C2000 Assembler PC v15.12.3 Sun Oct 30 14:02:19 2016

Tools Copyright (c) 1996-2015 Texas Instruments Incorporated
C:\Users\MaCHaDo\AppData\Local\Temp\4502010                          PAGE    5

     221              
     222              $C$DW$T$16      .dwtag  DW_TAG_base_type
     223                      .dwattr $C$DW$T$16, DW_AT_encoding(DW_ATE_float)
     224                      .dwattr $C$DW$T$16, DW_AT_name("float")
     225                      .dwattr $C$DW$T$16, DW_AT_byte_size(0x02)
     226              
     227              $C$DW$T$17      .dwtag  DW_TAG_base_type
     228                      .dwattr $C$DW$T$17, DW_AT_encoding(DW_ATE_float)
     229                      .dwattr $C$DW$T$17, DW_AT_name("double")
     230                      .dwattr $C$DW$T$17, DW_AT_byte_size(0x02)
     231              
     232              $C$DW$T$18      .dwtag  DW_TAG_base_type
     233                      .dwattr $C$DW$T$18, DW_AT_encoding(DW_ATE_float)
     234                      .dwattr $C$DW$T$18, DW_AT_name("long double")
     235                      .dwattr $C$DW$T$18, DW_AT_byte_size(0x04)
     236              
     237                      .dwattr $C$DW$CU, DW_AT_language(DW_LANG_C)
     238              
     239              ;***************************************************************
     240              ;* DWARF CIE ENTRIES                                           *
     241              ;***************************************************************
     242              
     243              $C$DW$CIE       .dwcie 26
     244                      .dwcfi  cfa_register, 20
     245                      .dwcfi  cfa_offset, 0
     246                      .dwcfi  undefined, 0
     247                      .dwcfi  undefined, 1
     248                      .dwcfi  undefined, 2
     249                      .dwcfi  undefined, 3
     250                      .dwcfi  undefined, 20
     251                      .dwcfi  undefined, 21
     252                      .dwcfi  undefined, 22
     253                      .dwcfi  undefined, 23
     254                      .dwcfi  undefined, 24
     255                      .dwcfi  undefined, 25
     256                      .dwcfi  undefined, 26
     257                      .dwcfi  same_value, 28
     258                      .dwcfi  undefined, 29
     259                      .dwcfi  undefined, 30
     260                      .dwcfi  undefined, 31
     261                      .dwcfi  undefined, 32
     262                      .dwcfi  undefined, 33
     263                      .dwcfi  undefined, 34
     264                      .dwcfi  undefined, 35
     265                      .dwcfi  undefined, 36
     266                      .dwcfi  undefined, 37
     267                      .dwcfi  undefined, 38
     268                      .dwcfi  undefined, 75
     269                      .dwcfi  undefined, 76
     270                      .dwcfi  undefined, 77
     271                      .dwcfi  undefined, 4
     272                      .dwcfi  undefined, 5
     273                      .dwcfi  same_value, 6
     274                      .dwcfi  same_value, 7
     275                      .dwcfi  same_value, 8
TMS320C2000 Assembler PC v15.12.3 Sun Oct 30 14:02:19 2016

Tools Copyright (c) 1996-2015 Texas Instruments Incorporated
C:\Users\MaCHaDo\AppData\Local\Temp\4502010                          PAGE    6

     276                      .dwcfi  same_value, 9
     277                      .dwcfi  same_value, 10
     278                      .dwcfi  same_value, 11
     279                      .dwcfi  undefined, 12
     280                      .dwcfi  undefined, 13
     281                      .dwcfi  undefined, 14
     282                      .dwcfi  undefined, 15
     283                      .dwcfi  undefined, 16
     284                      .dwcfi  undefined, 17
     285                      .dwcfi  undefined, 18
     286                      .dwcfi  undefined, 19
     287                      .dwendentry
     288              
     289              ;***************************************************************
     290              ;* DWARF REGISTER MAP                                          *
     291              ;***************************************************************
     292              
     293              $C$DW$12        .dwtag  DW_TAG_TI_assign_register
     294                      .dwattr $C$DW$12, DW_AT_name("AL")
     295                      .dwattr $C$DW$12, DW_AT_location[DW_OP_reg0]
     296              
     297              $C$DW$13        .dwtag  DW_TAG_TI_assign_register
     298                      .dwattr $C$DW$13, DW_AT_name("AH")
     299                      .dwattr $C$DW$13, DW_AT_location[DW_OP_reg1]
     300              
     301              $C$DW$14        .dwtag  DW_TAG_TI_assign_register
     302                      .dwattr $C$DW$14, DW_AT_name("PL")
     303                      .dwattr $C$DW$14, DW_AT_location[DW_OP_reg2]
     304              
     305              $C$DW$15        .dwtag  DW_TAG_TI_assign_register
     306                      .dwattr $C$DW$15, DW_AT_name("PH")
     307                      .dwattr $C$DW$15, DW_AT_location[DW_OP_reg3]
     308              
     309              $C$DW$16        .dwtag  DW_TAG_TI_assign_register
     310                      .dwattr $C$DW$16, DW_AT_name("SP")
     311                      .dwattr $C$DW$16, DW_AT_location[DW_OP_reg20]
     312              
     313              $C$DW$17        .dwtag  DW_TAG_TI_assign_register
     314                      .dwattr $C$DW$17, DW_AT_name("XT")
     315                      .dwattr $C$DW$17, DW_AT_location[DW_OP_reg21]
     316              
     317              $C$DW$18        .dwtag  DW_TAG_TI_assign_register
     318                      .dwattr $C$DW$18, DW_AT_name("T")
     319                      .dwattr $C$DW$18, DW_AT_location[DW_OP_reg22]
     320              
     321              $C$DW$19        .dwtag  DW_TAG_TI_assign_register
     322                      .dwattr $C$DW$19, DW_AT_name("ST0")
     323                      .dwattr $C$DW$19, DW_AT_location[DW_OP_reg23]
     324              
     325              $C$DW$20        .dwtag  DW_TAG_TI_assign_register
     326                      .dwattr $C$DW$20, DW_AT_name("ST1")
     327                      .dwattr $C$DW$20, DW_AT_location[DW_OP_reg24]
     328              
     329              $C$DW$21        .dwtag  DW_TAG_TI_assign_register
     330                      .dwattr $C$DW$21, DW_AT_name("PC")
TMS320C2000 Assembler PC v15.12.3 Sun Oct 30 14:02:19 2016

Tools Copyright (c) 1996-2015 Texas Instruments Incorporated
C:\Users\MaCHaDo\AppData\Local\Temp\4502010                          PAGE    7

     331                      .dwattr $C$DW$21, DW_AT_location[DW_OP_reg25]
     332              
     333              $C$DW$22        .dwtag  DW_TAG_TI_assign_register
     334                      .dwattr $C$DW$22, DW_AT_name("RPC")
     335                      .dwattr $C$DW$22, DW_AT_location[DW_OP_reg26]
     336              
     337              $C$DW$23        .dwtag  DW_TAG_TI_assign_register
     338                      .dwattr $C$DW$23, DW_AT_name("FP")
     339                      .dwattr $C$DW$23, DW_AT_location[DW_OP_reg28]
     340              
     341              $C$DW$24        .dwtag  DW_TAG_TI_assign_register
     342                      .dwattr $C$DW$24, DW_AT_name("DP")
     343                      .dwattr $C$DW$24, DW_AT_location[DW_OP_reg29]
     344              
     345              $C$DW$25        .dwtag  DW_TAG_TI_assign_register
     346                      .dwattr $C$DW$25, DW_AT_name("SXM")
     347                      .dwattr $C$DW$25, DW_AT_location[DW_OP_reg30]
     348              
     349              $C$DW$26        .dwtag  DW_TAG_TI_assign_register
     350                      .dwattr $C$DW$26, DW_AT_name("PM")
     351                      .dwattr $C$DW$26, DW_AT_location[DW_OP_reg31]
     352              
     353              $C$DW$27        .dwtag  DW_TAG_TI_assign_register
     354                      .dwattr $C$DW$27, DW_AT_name("OVM")
     355                      .dwattr $C$DW$27, DW_AT_location[DW_OP_regx 0x20]
     356              
     357              $C$DW$28        .dwtag  DW_TAG_TI_assign_register
     358                      .dwattr $C$DW$28, DW_AT_name("PAGE0")
     359                      .dwattr $C$DW$28, DW_AT_location[DW_OP_regx 0x21]
     360              
     361              $C$DW$29        .dwtag  DW_TAG_TI_assign_register
     362                      .dwattr $C$DW$29, DW_AT_name("AMODE")
     363                      .dwattr $C$DW$29, DW_AT_location[DW_OP_regx 0x22]
     364              
     365              $C$DW$30        .dwtag  DW_TAG_TI_assign_register
     366                      .dwattr $C$DW$30, DW_AT_name("INTM")
     367                      .dwattr $C$DW$30, DW_AT_location[DW_OP_regx 0x23]
     368              
     369              $C$DW$31        .dwtag  DW_TAG_TI_assign_register
     370                      .dwattr $C$DW$31, DW_AT_name("IFR")
     371                      .dwattr $C$DW$31, DW_AT_location[DW_OP_regx 0x24]
     372              
     373              $C$DW$32        .dwtag  DW_TAG_TI_assign_register
     374                      .dwattr $C$DW$32, DW_AT_name("IER")
     375                      .dwattr $C$DW$32, DW_AT_location[DW_OP_regx 0x25]
     376              
     377              $C$DW$33        .dwtag  DW_TAG_TI_assign_register
     378                      .dwattr $C$DW$33, DW_AT_name("V")
     379                      .dwattr $C$DW$33, DW_AT_location[DW_OP_regx 0x26]
     380              
     381              $C$DW$34        .dwtag  DW_TAG_TI_assign_register
     382                      .dwattr $C$DW$34, DW_AT_name("PSEUDOH")
     383                      .dwattr $C$DW$34, DW_AT_location[DW_OP_regx 0x4c]
     384              
     385              $C$DW$35        .dwtag  DW_TAG_TI_assign_register
TMS320C2000 Assembler PC v15.12.3 Sun Oct 30 14:02:19 2016

Tools Copyright (c) 1996-2015 Texas Instruments Incorporated
C:\Users\MaCHaDo\AppData\Local\Temp\4502010                          PAGE    8

     386                      .dwattr $C$DW$35, DW_AT_name("VOL")
     387                      .dwattr $C$DW$35, DW_AT_location[DW_OP_regx 0x4d]
     388              
     389              $C$DW$36        .dwtag  DW_TAG_TI_assign_register
     390                      .dwattr $C$DW$36, DW_AT_name("AR0")
     391                      .dwattr $C$DW$36, DW_AT_location[DW_OP_reg4]
     392              
     393              $C$DW$37        .dwtag  DW_TAG_TI_assign_register
     394                      .dwattr $C$DW$37, DW_AT_name("XAR0")
     395                      .dwattr $C$DW$37, DW_AT_location[DW_OP_reg5]
     396              
     397              $C$DW$38        .dwtag  DW_TAG_TI_assign_register
     398                      .dwattr $C$DW$38, DW_AT_name("AR1")
     399                      .dwattr $C$DW$38, DW_AT_location[DW_OP_reg6]
     400              
     401              $C$DW$39        .dwtag  DW_TAG_TI_assign_register
     402                      .dwattr $C$DW$39, DW_AT_name("XAR1")
     403                      .dwattr $C$DW$39, DW_AT_location[DW_OP_reg7]
     404              
     405              $C$DW$40        .dwtag  DW_TAG_TI_assign_register
     406                      .dwattr $C$DW$40, DW_AT_name("AR2")
     407                      .dwattr $C$DW$40, DW_AT_location[DW_OP_reg8]
     408              
     409              $C$DW$41        .dwtag  DW_TAG_TI_assign_register
     410                      .dwattr $C$DW$41, DW_AT_name("XAR2")
     411                      .dwattr $C$DW$41, DW_AT_location[DW_OP_reg9]
     412              
     413              $C$DW$42        .dwtag  DW_TAG_TI_assign_register
     414                      .dwattr $C$DW$42, DW_AT_name("AR3")
     415                      .dwattr $C$DW$42, DW_AT_location[DW_OP_reg10]
     416              
     417              $C$DW$43        .dwtag  DW_TAG_TI_assign_register
     418                      .dwattr $C$DW$43, DW_AT_name("XAR3")
     419                      .dwattr $C$DW$43, DW_AT_location[DW_OP_reg11]
     420              
     421              $C$DW$44        .dwtag  DW_TAG_TI_assign_register
     422                      .dwattr $C$DW$44, DW_AT_name("AR4")
     423                      .dwattr $C$DW$44, DW_AT_location[DW_OP_reg12]
     424              
     425              $C$DW$45        .dwtag  DW_TAG_TI_assign_register
     426                      .dwattr $C$DW$45, DW_AT_name("XAR4")
     427                      .dwattr $C$DW$45, DW_AT_location[DW_OP_reg13]
     428              
     429              $C$DW$46        .dwtag  DW_TAG_TI_assign_register
     430                      .dwattr $C$DW$46, DW_AT_name("AR5")
     431                      .dwattr $C$DW$46, DW_AT_location[DW_OP_reg14]
     432              
     433              $C$DW$47        .dwtag  DW_TAG_TI_assign_register
     434                      .dwattr $C$DW$47, DW_AT_name("XAR5")
     435                      .dwattr $C$DW$47, DW_AT_location[DW_OP_reg15]
     436              
     437              $C$DW$48        .dwtag  DW_TAG_TI_assign_register
     438                      .dwattr $C$DW$48, DW_AT_name("AR6")
     439                      .dwattr $C$DW$48, DW_AT_location[DW_OP_reg16]
     440              
TMS320C2000 Assembler PC v15.12.3 Sun Oct 30 14:02:19 2016

Tools Copyright (c) 1996-2015 Texas Instruments Incorporated
C:\Users\MaCHaDo\AppData\Local\Temp\4502010                          PAGE    9

     441              $C$DW$49        .dwtag  DW_TAG_TI_assign_register
     442                      .dwattr $C$DW$49, DW_AT_name("XAR6")
     443                      .dwattr $C$DW$49, DW_AT_location[DW_OP_reg17]
     444              
     445              $C$DW$50        .dwtag  DW_TAG_TI_assign_register
     446                      .dwattr $C$DW$50, DW_AT_name("AR7")
     447                      .dwattr $C$DW$50, DW_AT_location[DW_OP_reg18]
     448              
     449              $C$DW$51        .dwtag  DW_TAG_TI_assign_register
     450                      .dwattr $C$DW$51, DW_AT_name("XAR7")
     451                      .dwattr $C$DW$51, DW_AT_location[DW_OP_reg19]
     452              
     453                      .dwendtag $C$DW$CU
     454              

No Assembly Errors, No Assembly Warnings
