TMS320C2000 Assembler PC v15.12.3 Tue Sep 20 20:29:56 2016

Tools Copyright (c) 1996-2015 Texas Instruments Incorporated
C:\Users\MaCHaDo\AppData\Local\Temp\1203210                          PAGE    1

       1              ;***************************************************************
       2              ;* TMS320C2000 C/C++ Codegen                   PC v15.12.3.LTS *
       3              ;* Date/Time created: Tue Sep 20 20:29:56 2016                 *
       4              ;***************************************************************
       5                      .compiler_opts --abi=coffabi --float_support=softlib --hll_source=on --mem_model:code=flat --mem_mode
       6        0002  FP      .set    XAR2
       7              
       8              $C$DW$CU        .dwtag  DW_TAG_compile_unit
       9                      .dwattr $C$DW$CU, DW_AT_name("../drivers/source/comp.c")
      10                      .dwattr $C$DW$CU, DW_AT_producer("TI TMS320C2000 C/C++ Codegen PC v15.12.3.LTS Copyright (c) 1996-201
      11                      .dwattr $C$DW$CU, DW_AT_TI_version(0x01)
      12                      .dwattr $C$DW$CU, DW_AT_comp_dir("D:\Users\MaCHaDo\Dropbox\Legstrong\drv8301\legstrong\LegStrong\Debu
      13              ;       C:\ti\ccsv6\tools\compiler\c2000_15.12.3.LTS\bin\opt2000.exe C:\\Users\\MaCHaDo\\AppData\\Local\\Temp
      14              ;       C:\ti\ccsv6\tools\compiler\c2000_15.12.3.LTS\bin\ac2000.exe -@C:\\Users\\MaCHaDo\\AppData\\Local\\Tem
      15 00000000               .sect   ".text"
      16                      .clink
      17                      .global _COMP_init
      18              
      19              $C$DW$1 .dwtag  DW_TAG_subprogram
      20                      .dwattr $C$DW$1, DW_AT_name("COMP_init")
      21                      .dwattr $C$DW$1, DW_AT_low_pc(_COMP_init)
      22                      .dwattr $C$DW$1, DW_AT_high_pc(0x00)
      23                      .dwattr $C$DW$1, DW_AT_TI_symbol_name("_COMP_init")
      24                      .dwattr $C$DW$1, DW_AT_external
      25                      .dwattr $C$DW$1, DW_AT_type(*$C$DW$T$24)
      26                      .dwattr $C$DW$1, DW_AT_TI_begin_file("../drivers/source/comp.c")
      27                      .dwattr $C$DW$1, DW_AT_TI_begin_line(0x78)
      28                      .dwattr $C$DW$1, DW_AT_TI_begin_column(0x0d)
      29                      .dwattr $C$DW$1, DW_AT_TI_max_frame_size(-2)
      30                      .dwpsn  file "../drivers/source/comp.c",line 121,column 1,is_stmt,address _COMP_init,isa 0
      31              
      32                      .dwfde $C$DW$CIE, _COMP_init
      33              $C$DW$2 .dwtag  DW_TAG_formal_parameter
      34                      .dwattr $C$DW$2, DW_AT_name("pMemory")
      35                      .dwattr $C$DW$2, DW_AT_TI_symbol_name("_pMemory")
      36                      .dwattr $C$DW$2, DW_AT_type(*$C$DW$T$3)
      37                      .dwattr $C$DW$2, DW_AT_location[DW_OP_reg12]
      38              
      39              $C$DW$3 .dwtag  DW_TAG_formal_parameter
      40                      .dwattr $C$DW$3, DW_AT_name("numBytes")
      41                      .dwattr $C$DW$3, DW_AT_TI_symbol_name("_numBytes")
      42                      .dwattr $C$DW$3, DW_AT_type(*$C$DW$T$27)
      43                      .dwattr $C$DW$3, DW_AT_location[DW_OP_reg0]
      44              
      45              
      46              ;***************************************************************
      47              ;* FNAME: _COMP_init                    FR SIZE:   0           *
      48              ;*                                                             *
      49              ;* FUNCTION ENVIRONMENT                                        *
      50              ;*                                                             *
      51              ;* FUNCTION PROPERTIES                                         *
      52              ;*                            0 Parameter,  0 Auto,  0 SOE     *
      53              ;***************************************************************
      54              
      55              _COMP_init:
TMS320C2000 Assembler PC v15.12.3 Tue Sep 20 20:29:56 2016

Tools Copyright (c) 1996-2015 Texas Instruments Incorporated
C:\Users\MaCHaDo\AppData\Local\Temp\1203210                          PAGE    2

      56              ;* AR6   assigned to _numBytes
      57              $C$DW$4 .dwtag  DW_TAG_variable
      58                      .dwattr $C$DW$4, DW_AT_name("numBytes")
      59                      .dwattr $C$DW$4, DW_AT_TI_symbol_name("_numBytes")
      60                      .dwattr $C$DW$4, DW_AT_type(*$C$DW$T$27)
      61                      .dwattr $C$DW$4, DW_AT_location[DW_OP_reg16]
      62              
      63                      .dwcfi  cfa_offset, -2
      64                      .dwcfi  save_reg_to_mem, 26, 0
      65 00000000 1EA6          MOVL      XAR6,ACC              ; [CPU_] |121| 
      66                      .dwpsn  file "../drivers/source/comp.c",line 125,column 5,is_stmt,isa 0
      67 00000001 0211          MOVB      ACC,#17               ; [CPU_] |125| 
      68 00000002 0FA6          CMPL      ACC,XAR6              ; [CPU_] |125| 
      69 00000003 6902          B         $C$L1,LOS             ; [CPU_] |125| 
      70                      ; branchcc occurs ; [] |125| 
      71 00000004 D400          MOVB      XAR4,#0               ; [CPU_] |125| 
      72              $C$L1:    
      73              $C$DW$5 .dwtag  DW_TAG_TI_branch
      74                      .dwattr $C$DW$5, DW_AT_low_pc(0x00)
      75                      .dwattr $C$DW$5, DW_AT_TI_return
      76              
      77 00000005 0006          LRETR     ; [CPU_] 
      78                      ; return occurs ; [] 
      79                      .dwattr $C$DW$1, DW_AT_TI_end_file("../drivers/source/comp.c")
      80                      .dwattr $C$DW$1, DW_AT_TI_end_line(0x83)
      81                      .dwattr $C$DW$1, DW_AT_TI_end_column(0x01)
      82                      .dwendentry
      83                      .dwendtag $C$DW$1
      84              
      85 00000006               .sect   ".text"
      86                      .clink
      87                      .global _COMP_enableDac
      88              
      89              $C$DW$6 .dwtag  DW_TAG_subprogram
      90                      .dwattr $C$DW$6, DW_AT_name("COMP_enableDac")
      91                      .dwattr $C$DW$6, DW_AT_low_pc(_COMP_enableDac)
      92                      .dwattr $C$DW$6, DW_AT_high_pc(0x00)
      93                      .dwattr $C$DW$6, DW_AT_TI_symbol_name("_COMP_enableDac")
      94                      .dwattr $C$DW$6, DW_AT_external
      95                      .dwattr $C$DW$6, DW_AT_TI_begin_file("../drivers/source/comp.c")
      96                      .dwattr $C$DW$6, DW_AT_TI_begin_line(0x69)
      97                      .dwattr $C$DW$6, DW_AT_TI_begin_column(0x06)
      98                      .dwattr $C$DW$6, DW_AT_TI_max_frame_size(-2)
      99                      .dwpsn  file "../drivers/source/comp.c",line 106,column 1,is_stmt,address _COMP_enableDac,isa 0
     100              
     101                      .dwfde $C$DW$CIE, _COMP_enableDac
     102              $C$DW$7 .dwtag  DW_TAG_formal_parameter
     103                      .dwattr $C$DW$7, DW_AT_name("compHandle")
     104                      .dwattr $C$DW$7, DW_AT_TI_symbol_name("_compHandle")
     105                      .dwattr $C$DW$7, DW_AT_type(*$C$DW$T$24)
     106                      .dwattr $C$DW$7, DW_AT_location[DW_OP_reg12]
     107              
     108              
     109              ;***************************************************************
     110              ;* FNAME: _COMP_enableDac               FR SIZE:   0           *
TMS320C2000 Assembler PC v15.12.3 Tue Sep 20 20:29:56 2016

Tools Copyright (c) 1996-2015 Texas Instruments Incorporated
C:\Users\MaCHaDo\AppData\Local\Temp\1203210                          PAGE    3

     111              ;*                                                             *
     112              ;* FUNCTION ENVIRONMENT                                        *
     113              ;*                                                             *
     114              ;* FUNCTION PROPERTIES                                         *
     115              ;*                            0 Parameter,  0 Auto,  0 SOE     *
     116              ;***************************************************************
     117              
     118              _COMP_enableDac:
     119              ;* AR4   assigned to _compHandle
     120              $C$DW$8 .dwtag  DW_TAG_variable
     121                      .dwattr $C$DW$8, DW_AT_name("compHandle")
     122                      .dwattr $C$DW$8, DW_AT_TI_symbol_name("_compHandle")
     123                      .dwattr $C$DW$8, DW_AT_type(*$C$DW$T$25)
     124                      .dwattr $C$DW$8, DW_AT_location[DW_OP_reg12]
     125              
     126                      .dwcfi  cfa_offset, -2
     127                      .dwcfi  save_reg_to_mem, 26, 0
     128 00000006 7622   EALLOW
     129                      .dwpsn  file "../drivers/source/comp.c",line 112,column 5,is_stmt,isa 0
     130 00000007 18C4          AND       *+XAR4[0],#0xfffd     ; [CPU_] |112| 
         00000008 FFFD 
     131 00000009 761A   EDIS
     132 0000000a FF69          SPM       #0                    ; [CPU_] 
     133              $C$DW$9 .dwtag  DW_TAG_TI_branch
     134                      .dwattr $C$DW$9, DW_AT_low_pc(0x00)
     135                      .dwattr $C$DW$9, DW_AT_TI_return
     136              
     137 0000000b 0006          LRETR     ; [CPU_] 
     138                      ; return occurs ; [] 
     139                      .dwattr $C$DW$6, DW_AT_TI_end_file("../drivers/source/comp.c")
     140                      .dwattr $C$DW$6, DW_AT_TI_end_line(0x75)
     141                      .dwattr $C$DW$6, DW_AT_TI_end_column(0x01)
     142                      .dwendentry
     143                      .dwendtag $C$DW$6
     144              
     145 0000000c               .sect   ".text"
     146                      .clink
     147                      .global _COMP_enable
     148              
     149              $C$DW$10        .dwtag  DW_TAG_subprogram
     150                      .dwattr $C$DW$10, DW_AT_name("COMP_enable")
     151                      .dwattr $C$DW$10, DW_AT_low_pc(_COMP_enable)
     152                      .dwattr $C$DW$10, DW_AT_high_pc(0x00)
     153                      .dwattr $C$DW$10, DW_AT_TI_symbol_name("_COMP_enable")
     154                      .dwattr $C$DW$10, DW_AT_external
     155                      .dwattr $C$DW$10, DW_AT_TI_begin_file("../drivers/source/comp.c")
     156                      .dwattr $C$DW$10, DW_AT_TI_begin_line(0x5a)
     157                      .dwattr $C$DW$10, DW_AT_TI_begin_column(0x06)
     158                      .dwattr $C$DW$10, DW_AT_TI_max_frame_size(-2)
     159                      .dwpsn  file "../drivers/source/comp.c",line 91,column 1,is_stmt,address _COMP_enable,isa 0
     160              
     161                      .dwfde $C$DW$CIE, _COMP_enable
     162              $C$DW$11        .dwtag  DW_TAG_formal_parameter
     163                      .dwattr $C$DW$11, DW_AT_name("compHandle")
     164                      .dwattr $C$DW$11, DW_AT_TI_symbol_name("_compHandle")
TMS320C2000 Assembler PC v15.12.3 Tue Sep 20 20:29:56 2016

Tools Copyright (c) 1996-2015 Texas Instruments Incorporated
C:\Users\MaCHaDo\AppData\Local\Temp\1203210                          PAGE    4

     165                      .dwattr $C$DW$11, DW_AT_type(*$C$DW$T$24)
     166                      .dwattr $C$DW$11, DW_AT_location[DW_OP_reg12]
     167              
     168              
     169              ;***************************************************************
     170              ;* FNAME: _COMP_enable                  FR SIZE:   0           *
     171              ;*                                                             *
     172              ;* FUNCTION ENVIRONMENT                                        *
     173              ;*                                                             *
     174              ;* FUNCTION PROPERTIES                                         *
     175              ;*                            0 Parameter,  0 Auto,  0 SOE     *
     176              ;***************************************************************
     177              
     178              _COMP_enable:
     179              ;* AR4   assigned to _compHandle
     180              $C$DW$12        .dwtag  DW_TAG_variable
     181                      .dwattr $C$DW$12, DW_AT_name("compHandle")
     182                      .dwattr $C$DW$12, DW_AT_TI_symbol_name("_compHandle")
     183                      .dwattr $C$DW$12, DW_AT_type(*$C$DW$T$25)
     184                      .dwattr $C$DW$12, DW_AT_location[DW_OP_reg12]
     185              
     186                      .dwcfi  cfa_offset, -2
     187                      .dwcfi  save_reg_to_mem, 26, 0
     188 0000000c 7622   EALLOW
     189                      .dwpsn  file "../drivers/source/comp.c",line 97,column 5,is_stmt,isa 0
     190 0000000d 1AC4          OR        *+XAR4[0],#0x0001     ; [CPU_] |97| 
         0000000e 0001 
     191 0000000f 761A   EDIS
     192 00000010 FF69          SPM       #0                    ; [CPU_] 
     193              $C$DW$13        .dwtag  DW_TAG_TI_branch
     194                      .dwattr $C$DW$13, DW_AT_low_pc(0x00)
     195                      .dwattr $C$DW$13, DW_AT_TI_return
     196              
     197 00000011 0006          LRETR     ; [CPU_] 
     198                      ; return occurs ; [] 
     199                      .dwattr $C$DW$10, DW_AT_TI_end_file("../drivers/source/comp.c")
     200                      .dwattr $C$DW$10, DW_AT_TI_end_line(0x66)
     201                      .dwattr $C$DW$10, DW_AT_TI_end_column(0x01)
     202                      .dwendentry
     203                      .dwendtag $C$DW$10
     204              
     205 00000012               .sect   ".text"
     206                      .clink
     207                      .global _COMP_disableDac
     208              
     209              $C$DW$14        .dwtag  DW_TAG_subprogram
     210                      .dwattr $C$DW$14, DW_AT_name("COMP_disableDac")
     211                      .dwattr $C$DW$14, DW_AT_low_pc(_COMP_disableDac)
     212                      .dwattr $C$DW$14, DW_AT_high_pc(0x00)
     213                      .dwattr $C$DW$14, DW_AT_TI_symbol_name("_COMP_disableDac")
     214                      .dwattr $C$DW$14, DW_AT_external
     215                      .dwattr $C$DW$14, DW_AT_TI_begin_file("../drivers/source/comp.c")
     216                      .dwattr $C$DW$14, DW_AT_TI_begin_line(0x4b)
     217                      .dwattr $C$DW$14, DW_AT_TI_begin_column(0x06)
     218                      .dwattr $C$DW$14, DW_AT_TI_max_frame_size(-2)
TMS320C2000 Assembler PC v15.12.3 Tue Sep 20 20:29:56 2016

Tools Copyright (c) 1996-2015 Texas Instruments Incorporated
C:\Users\MaCHaDo\AppData\Local\Temp\1203210                          PAGE    5

     219                      .dwpsn  file "../drivers/source/comp.c",line 76,column 1,is_stmt,address _COMP_disableDac,isa 0
     220              
     221                      .dwfde $C$DW$CIE, _COMP_disableDac
     222              $C$DW$15        .dwtag  DW_TAG_formal_parameter
     223                      .dwattr $C$DW$15, DW_AT_name("compHandle")
     224                      .dwattr $C$DW$15, DW_AT_TI_symbol_name("_compHandle")
     225                      .dwattr $C$DW$15, DW_AT_type(*$C$DW$T$24)
     226                      .dwattr $C$DW$15, DW_AT_location[DW_OP_reg12]
     227              
     228              
     229              ;***************************************************************
     230              ;* FNAME: _COMP_disableDac              FR SIZE:   0           *
     231              ;*                                                             *
     232              ;* FUNCTION ENVIRONMENT                                        *
     233              ;*                                                             *
     234              ;* FUNCTION PROPERTIES                                         *
     235              ;*                            0 Parameter,  0 Auto,  0 SOE     *
     236              ;***************************************************************
     237              
     238              _COMP_disableDac:
     239              ;* AR4   assigned to _compHandle
     240              $C$DW$16        .dwtag  DW_TAG_variable
     241                      .dwattr $C$DW$16, DW_AT_name("compHandle")
     242                      .dwattr $C$DW$16, DW_AT_TI_symbol_name("_compHandle")
     243                      .dwattr $C$DW$16, DW_AT_type(*$C$DW$T$25)
     244                      .dwattr $C$DW$16, DW_AT_location[DW_OP_reg12]
     245              
     246                      .dwcfi  cfa_offset, -2
     247                      .dwcfi  save_reg_to_mem, 26, 0
     248 00000012 7622   EALLOW
     249                      .dwpsn  file "../drivers/source/comp.c",line 82,column 5,is_stmt,isa 0
     250 00000013 1AC4          OR        *+XAR4[0],#0x0002     ; [CPU_] |82| 
         00000014 0002 
     251 00000015 761A   EDIS
     252 00000016 FF69          SPM       #0                    ; [CPU_] 
     253              $C$DW$17        .dwtag  DW_TAG_TI_branch
     254                      .dwattr $C$DW$17, DW_AT_low_pc(0x00)
     255                      .dwattr $C$DW$17, DW_AT_TI_return
     256              
     257 00000017 0006          LRETR     ; [CPU_] 
     258                      ; return occurs ; [] 
     259                      .dwattr $C$DW$14, DW_AT_TI_end_file("../drivers/source/comp.c")
     260                      .dwattr $C$DW$14, DW_AT_TI_end_line(0x57)
     261                      .dwattr $C$DW$14, DW_AT_TI_end_column(0x01)
     262                      .dwendentry
     263                      .dwendtag $C$DW$14
     264              
     265 00000018               .sect   ".text"
     266                      .clink
     267                      .global _COMP_disable
     268              
     269              $C$DW$18        .dwtag  DW_TAG_subprogram
     270                      .dwattr $C$DW$18, DW_AT_name("COMP_disable")
     271                      .dwattr $C$DW$18, DW_AT_low_pc(_COMP_disable)
     272                      .dwattr $C$DW$18, DW_AT_high_pc(0x00)
TMS320C2000 Assembler PC v15.12.3 Tue Sep 20 20:29:56 2016

Tools Copyright (c) 1996-2015 Texas Instruments Incorporated
C:\Users\MaCHaDo\AppData\Local\Temp\1203210                          PAGE    6

     273                      .dwattr $C$DW$18, DW_AT_TI_symbol_name("_COMP_disable")
     274                      .dwattr $C$DW$18, DW_AT_external
     275                      .dwattr $C$DW$18, DW_AT_TI_begin_file("../drivers/source/comp.c")
     276                      .dwattr $C$DW$18, DW_AT_TI_begin_line(0x3c)
     277                      .dwattr $C$DW$18, DW_AT_TI_begin_column(0x06)
     278                      .dwattr $C$DW$18, DW_AT_TI_max_frame_size(-2)
     279                      .dwpsn  file "../drivers/source/comp.c",line 61,column 1,is_stmt,address _COMP_disable,isa 0
     280              
     281                      .dwfde $C$DW$CIE, _COMP_disable
     282              $C$DW$19        .dwtag  DW_TAG_formal_parameter
     283                      .dwattr $C$DW$19, DW_AT_name("compHandle")
     284                      .dwattr $C$DW$19, DW_AT_TI_symbol_name("_compHandle")
     285                      .dwattr $C$DW$19, DW_AT_type(*$C$DW$T$24)
     286                      .dwattr $C$DW$19, DW_AT_location[DW_OP_reg12]
     287              
     288              
     289              ;***************************************************************
     290              ;* FNAME: _COMP_disable                 FR SIZE:   0           *
     291              ;*                                                             *
     292              ;* FUNCTION ENVIRONMENT                                        *
     293              ;*                                                             *
     294              ;* FUNCTION PROPERTIES                                         *
     295              ;*                            0 Parameter,  0 Auto,  0 SOE     *
     296              ;***************************************************************
     297              
     298              _COMP_disable:
     299              ;* AR4   assigned to _compHandle
     300              $C$DW$20        .dwtag  DW_TAG_variable
     301                      .dwattr $C$DW$20, DW_AT_name("compHandle")
     302                      .dwattr $C$DW$20, DW_AT_TI_symbol_name("_compHandle")
     303                      .dwattr $C$DW$20, DW_AT_type(*$C$DW$T$25)
     304                      .dwattr $C$DW$20, DW_AT_location[DW_OP_reg12]
     305              
     306                      .dwcfi  cfa_offset, -2
     307                      .dwcfi  save_reg_to_mem, 26, 0
     308 00000018 7622   EALLOW
     309                      .dwpsn  file "../drivers/source/comp.c",line 67,column 5,is_stmt,isa 0
     310 00000019 18C4          AND       *+XAR4[0],#0xfffe     ; [CPU_] |67| 
         0000001a FFFE 
     311 0000001b 761A   EDIS
     312 0000001c FF69          SPM       #0                    ; [CPU_] 
     313              $C$DW$21        .dwtag  DW_TAG_TI_branch
     314                      .dwattr $C$DW$21, DW_AT_low_pc(0x00)
     315                      .dwattr $C$DW$21, DW_AT_TI_return
     316              
     317 0000001d 0006          LRETR     ; [CPU_] 
     318                      ; return occurs ; [] 
     319                      .dwattr $C$DW$18, DW_AT_TI_end_file("../drivers/source/comp.c")
     320                      .dwattr $C$DW$18, DW_AT_TI_end_line(0x48)
     321                      .dwattr $C$DW$18, DW_AT_TI_end_column(0x01)
     322                      .dwendentry
     323                      .dwendtag $C$DW$18
     324              
     325              
     326              ;***************************************************************
TMS320C2000 Assembler PC v15.12.3 Tue Sep 20 20:29:56 2016

Tools Copyright (c) 1996-2015 Texas Instruments Incorporated
C:\Users\MaCHaDo\AppData\Local\Temp\1203210                          PAGE    7

     327              ;* TYPE INFORMATION                                            *
     328              ;***************************************************************
     329              
     330              $C$DW$T$21      .dwtag  DW_TAG_structure_type
     331                      .dwattr $C$DW$T$21, DW_AT_name("_COMP_Obj_")
     332                      .dwattr $C$DW$T$21, DW_AT_byte_size(0x11)
     333              $C$DW$22        .dwtag  DW_TAG_member
     334                      .dwattr $C$DW$22, DW_AT_type(*$C$DW$T$20)
     335                      .dwattr $C$DW$22, DW_AT_name("COMPCTL")
     336                      .dwattr $C$DW$22, DW_AT_TI_symbol_name("_COMPCTL")
     337                      .dwattr $C$DW$22, DW_AT_data_member_location[DW_OP_plus_uconst 0x0]
     338                      .dwattr $C$DW$22, DW_AT_accessibility(DW_ACCESS_public)
     339              
     340              $C$DW$23        .dwtag  DW_TAG_member
     341                      .dwattr $C$DW$23, DW_AT_type(*$C$DW$T$20)
     342                      .dwattr $C$DW$23, DW_AT_name("rsvd_1")
     343                      .dwattr $C$DW$23, DW_AT_TI_symbol_name("_rsvd_1")
     344                      .dwattr $C$DW$23, DW_AT_data_member_location[DW_OP_plus_uconst 0x1]
     345                      .dwattr $C$DW$23, DW_AT_accessibility(DW_ACCESS_public)
     346              
     347              $C$DW$24        .dwtag  DW_TAG_member
     348                      .dwattr $C$DW$24, DW_AT_type(*$C$DW$T$20)
     349                      .dwattr $C$DW$24, DW_AT_name("COMPSTS")
     350                      .dwattr $C$DW$24, DW_AT_TI_symbol_name("_COMPSTS")
     351                      .dwattr $C$DW$24, DW_AT_data_member_location[DW_OP_plus_uconst 0x2]
     352                      .dwattr $C$DW$24, DW_AT_accessibility(DW_ACCESS_public)
     353              
     354              $C$DW$25        .dwtag  DW_TAG_member
     355                      .dwattr $C$DW$25, DW_AT_type(*$C$DW$T$20)
     356                      .dwattr $C$DW$25, DW_AT_name("rsvd_2")
     357                      .dwattr $C$DW$25, DW_AT_TI_symbol_name("_rsvd_2")
     358                      .dwattr $C$DW$25, DW_AT_data_member_location[DW_OP_plus_uconst 0x3]
     359                      .dwattr $C$DW$25, DW_AT_accessibility(DW_ACCESS_public)
     360              
     361              $C$DW$26        .dwtag  DW_TAG_member
     362                      .dwattr $C$DW$26, DW_AT_type(*$C$DW$T$20)
     363                      .dwattr $C$DW$26, DW_AT_name("DACCTL")
     364                      .dwattr $C$DW$26, DW_AT_TI_symbol_name("_DACCTL")
     365                      .dwattr $C$DW$26, DW_AT_data_member_location[DW_OP_plus_uconst 0x4]
     366                      .dwattr $C$DW$26, DW_AT_accessibility(DW_ACCESS_public)
     367              
     368              $C$DW$27        .dwtag  DW_TAG_member
     369                      .dwattr $C$DW$27, DW_AT_type(*$C$DW$T$20)
     370                      .dwattr $C$DW$27, DW_AT_name("rsvd_3")
     371                      .dwattr $C$DW$27, DW_AT_TI_symbol_name("_rsvd_3")
     372                      .dwattr $C$DW$27, DW_AT_data_member_location[DW_OP_plus_uconst 0x5]
     373                      .dwattr $C$DW$27, DW_AT_accessibility(DW_ACCESS_public)
     374              
     375              $C$DW$28        .dwtag  DW_TAG_member
     376                      .dwattr $C$DW$28, DW_AT_type(*$C$DW$T$20)
     377                      .dwattr $C$DW$28, DW_AT_name("DACVAL")
     378                      .dwattr $C$DW$28, DW_AT_TI_symbol_name("_DACVAL")
     379                      .dwattr $C$DW$28, DW_AT_data_member_location[DW_OP_plus_uconst 0x6]
     380                      .dwattr $C$DW$28, DW_AT_accessibility(DW_ACCESS_public)
     381              
TMS320C2000 Assembler PC v15.12.3 Tue Sep 20 20:29:56 2016

Tools Copyright (c) 1996-2015 Texas Instruments Incorporated
C:\Users\MaCHaDo\AppData\Local\Temp\1203210                          PAGE    8

     382              $C$DW$29        .dwtag  DW_TAG_member
     383                      .dwattr $C$DW$29, DW_AT_type(*$C$DW$T$20)
     384                      .dwattr $C$DW$29, DW_AT_name("rsvd_4")
     385                      .dwattr $C$DW$29, DW_AT_TI_symbol_name("_rsvd_4")
     386                      .dwattr $C$DW$29, DW_AT_data_member_location[DW_OP_plus_uconst 0x7]
     387                      .dwattr $C$DW$29, DW_AT_accessibility(DW_ACCESS_public)
     388              
     389              $C$DW$30        .dwtag  DW_TAG_member
     390                      .dwattr $C$DW$30, DW_AT_type(*$C$DW$T$20)
     391                      .dwattr $C$DW$30, DW_AT_name("RAMPMAXREF_ACTIVE")
     392                      .dwattr $C$DW$30, DW_AT_TI_symbol_name("_RAMPMAXREF_ACTIVE")
     393                      .dwattr $C$DW$30, DW_AT_data_member_location[DW_OP_plus_uconst 0x8]
     394                      .dwattr $C$DW$30, DW_AT_accessibility(DW_ACCESS_public)
     395              
     396              $C$DW$31        .dwtag  DW_TAG_member
     397                      .dwattr $C$DW$31, DW_AT_type(*$C$DW$T$20)
     398                      .dwattr $C$DW$31, DW_AT_name("rsvd_5")
     399                      .dwattr $C$DW$31, DW_AT_TI_symbol_name("_rsvd_5")
     400                      .dwattr $C$DW$31, DW_AT_data_member_location[DW_OP_plus_uconst 0x9]
     401                      .dwattr $C$DW$31, DW_AT_accessibility(DW_ACCESS_public)
     402              
     403              $C$DW$32        .dwtag  DW_TAG_member
     404                      .dwattr $C$DW$32, DW_AT_type(*$C$DW$T$20)
     405                      .dwattr $C$DW$32, DW_AT_name("RAMPMAXREF_SHADOW")
     406                      .dwattr $C$DW$32, DW_AT_TI_symbol_name("_RAMPMAXREF_SHADOW")
     407                      .dwattr $C$DW$32, DW_AT_data_member_location[DW_OP_plus_uconst 0xa]
     408                      .dwattr $C$DW$32, DW_AT_accessibility(DW_ACCESS_public)
     409              
     410              $C$DW$33        .dwtag  DW_TAG_member
     411                      .dwattr $C$DW$33, DW_AT_type(*$C$DW$T$20)
     412                      .dwattr $C$DW$33, DW_AT_name("rsvd_6")
     413                      .dwattr $C$DW$33, DW_AT_TI_symbol_name("_rsvd_6")
     414                      .dwattr $C$DW$33, DW_AT_data_member_location[DW_OP_plus_uconst 0xb]
     415                      .dwattr $C$DW$33, DW_AT_accessibility(DW_ACCESS_public)
     416              
     417              $C$DW$34        .dwtag  DW_TAG_member
     418                      .dwattr $C$DW$34, DW_AT_type(*$C$DW$T$20)
     419                      .dwattr $C$DW$34, DW_AT_name("RAMPDECVAL_ACTIVE")
     420                      .dwattr $C$DW$34, DW_AT_TI_symbol_name("_RAMPDECVAL_ACTIVE")
     421                      .dwattr $C$DW$34, DW_AT_data_member_location[DW_OP_plus_uconst 0xc]
     422                      .dwattr $C$DW$34, DW_AT_accessibility(DW_ACCESS_public)
     423              
     424              $C$DW$35        .dwtag  DW_TAG_member
     425                      .dwattr $C$DW$35, DW_AT_type(*$C$DW$T$20)
     426                      .dwattr $C$DW$35, DW_AT_name("rsvd_7")
     427                      .dwattr $C$DW$35, DW_AT_TI_symbol_name("_rsvd_7")
     428                      .dwattr $C$DW$35, DW_AT_data_member_location[DW_OP_plus_uconst 0xd]
     429                      .dwattr $C$DW$35, DW_AT_accessibility(DW_ACCESS_public)
     430              
     431              $C$DW$36        .dwtag  DW_TAG_member
     432                      .dwattr $C$DW$36, DW_AT_type(*$C$DW$T$20)
     433                      .dwattr $C$DW$36, DW_AT_name("RAMPDECVAL_SHADOW")
     434                      .dwattr $C$DW$36, DW_AT_TI_symbol_name("_RAMPDECVAL_SHADOW")
     435                      .dwattr $C$DW$36, DW_AT_data_member_location[DW_OP_plus_uconst 0xe]
     436                      .dwattr $C$DW$36, DW_AT_accessibility(DW_ACCESS_public)
TMS320C2000 Assembler PC v15.12.3 Tue Sep 20 20:29:56 2016

Tools Copyright (c) 1996-2015 Texas Instruments Incorporated
C:\Users\MaCHaDo\AppData\Local\Temp\1203210                          PAGE    9

     437              
     438              $C$DW$37        .dwtag  DW_TAG_member
     439                      .dwattr $C$DW$37, DW_AT_type(*$C$DW$T$20)
     440                      .dwattr $C$DW$37, DW_AT_name("rsvd_8")
     441                      .dwattr $C$DW$37, DW_AT_TI_symbol_name("_rsvd_8")
     442                      .dwattr $C$DW$37, DW_AT_data_member_location[DW_OP_plus_uconst 0xf]
     443                      .dwattr $C$DW$37, DW_AT_accessibility(DW_ACCESS_public)
     444              
     445              $C$DW$38        .dwtag  DW_TAG_member
     446                      .dwattr $C$DW$38, DW_AT_type(*$C$DW$T$20)
     447                      .dwattr $C$DW$38, DW_AT_name("RAMPSTS")
     448                      .dwattr $C$DW$38, DW_AT_TI_symbol_name("_RAMPSTS")
     449                      .dwattr $C$DW$38, DW_AT_data_member_location[DW_OP_plus_uconst 0x10]
     450                      .dwattr $C$DW$38, DW_AT_accessibility(DW_ACCESS_public)
     451              
     452                      .dwendtag $C$DW$T$21
     453              
     454              $C$DW$T$22      .dwtag  DW_TAG_typedef
     455                      .dwattr $C$DW$T$22, DW_AT_name("COMP_Obj")
     456                      .dwattr $C$DW$T$22, DW_AT_type(*$C$DW$T$21)
     457                      .dwattr $C$DW$T$22, DW_AT_language(DW_LANG_C)
     458              
     459              $C$DW$T$23      .dwtag  DW_TAG_pointer_type
     460                      .dwattr $C$DW$T$23, DW_AT_type(*$C$DW$T$21)
     461                      .dwattr $C$DW$T$23, DW_AT_address_class(0x20)
     462              
     463              $C$DW$T$24      .dwtag  DW_TAG_typedef
     464                      .dwattr $C$DW$T$24, DW_AT_name("COMP_Handle")
     465                      .dwattr $C$DW$T$24, DW_AT_type(*$C$DW$T$23)
     466                      .dwattr $C$DW$T$24, DW_AT_language(DW_LANG_C)
     467              
     468              $C$DW$39        .dwtag  DW_TAG_TI_far_type
     469                      .dwattr $C$DW$39, DW_AT_type(*$C$DW$T$24)
     470              
     471              $C$DW$T$25      .dwtag  DW_TAG_const_type
     472                      .dwattr $C$DW$T$25, DW_AT_type(*$C$DW$39)
     473              
     474              $C$DW$T$2       .dwtag  DW_TAG_unspecified_type
     475                      .dwattr $C$DW$T$2, DW_AT_name("void")
     476              
     477              $C$DW$T$3       .dwtag  DW_TAG_pointer_type
     478                      .dwattr $C$DW$T$3, DW_AT_type(*$C$DW$T$2)
     479                      .dwattr $C$DW$T$3, DW_AT_address_class(0x20)
     480              
     481              $C$DW$T$4       .dwtag  DW_TAG_base_type
     482                      .dwattr $C$DW$T$4, DW_AT_encoding(DW_ATE_boolean)
     483                      .dwattr $C$DW$T$4, DW_AT_name("bool")
     484                      .dwattr $C$DW$T$4, DW_AT_byte_size(0x01)
     485              
     486              $C$DW$T$5       .dwtag  DW_TAG_base_type
     487                      .dwattr $C$DW$T$5, DW_AT_encoding(DW_ATE_signed_char)
     488                      .dwattr $C$DW$T$5, DW_AT_name("signed char")
     489                      .dwattr $C$DW$T$5, DW_AT_byte_size(0x01)
     490              
     491              $C$DW$T$6       .dwtag  DW_TAG_base_type
TMS320C2000 Assembler PC v15.12.3 Tue Sep 20 20:29:56 2016

Tools Copyright (c) 1996-2015 Texas Instruments Incorporated
C:\Users\MaCHaDo\AppData\Local\Temp\1203210                          PAGE   10

     492                      .dwattr $C$DW$T$6, DW_AT_encoding(DW_ATE_unsigned_char)
     493                      .dwattr $C$DW$T$6, DW_AT_name("unsigned char")
     494                      .dwattr $C$DW$T$6, DW_AT_byte_size(0x01)
     495              
     496              $C$DW$T$7       .dwtag  DW_TAG_base_type
     497                      .dwattr $C$DW$T$7, DW_AT_encoding(DW_ATE_signed_char)
     498                      .dwattr $C$DW$T$7, DW_AT_name("wchar_t")
     499                      .dwattr $C$DW$T$7, DW_AT_byte_size(0x01)
     500              
     501              $C$DW$T$8       .dwtag  DW_TAG_base_type
     502                      .dwattr $C$DW$T$8, DW_AT_encoding(DW_ATE_signed)
     503                      .dwattr $C$DW$T$8, DW_AT_name("short")
     504                      .dwattr $C$DW$T$8, DW_AT_byte_size(0x01)
     505              
     506              $C$DW$T$9       .dwtag  DW_TAG_base_type
     507                      .dwattr $C$DW$T$9, DW_AT_encoding(DW_ATE_unsigned)
     508                      .dwattr $C$DW$T$9, DW_AT_name("unsigned short")
     509                      .dwattr $C$DW$T$9, DW_AT_byte_size(0x01)
     510              
     511              $C$DW$T$10      .dwtag  DW_TAG_base_type
     512                      .dwattr $C$DW$T$10, DW_AT_encoding(DW_ATE_signed)
     513                      .dwattr $C$DW$T$10, DW_AT_name("int")
     514                      .dwattr $C$DW$T$10, DW_AT_byte_size(0x01)
     515              
     516              $C$DW$T$11      .dwtag  DW_TAG_base_type
     517                      .dwattr $C$DW$T$11, DW_AT_encoding(DW_ATE_unsigned)
     518                      .dwattr $C$DW$T$11, DW_AT_name("unsigned int")
     519                      .dwattr $C$DW$T$11, DW_AT_byte_size(0x01)
     520              
     521              $C$DW$T$19      .dwtag  DW_TAG_typedef
     522                      .dwattr $C$DW$T$19, DW_AT_name("uint16_t")
     523                      .dwattr $C$DW$T$19, DW_AT_type(*$C$DW$T$11)
     524                      .dwattr $C$DW$T$19, DW_AT_language(DW_LANG_C)
     525              
     526              $C$DW$40        .dwtag  DW_TAG_TI_far_type
     527                      .dwattr $C$DW$40, DW_AT_type(*$C$DW$T$19)
     528              
     529              $C$DW$T$20      .dwtag  DW_TAG_volatile_type
     530                      .dwattr $C$DW$T$20, DW_AT_type(*$C$DW$40)
     531              
     532              $C$DW$T$12      .dwtag  DW_TAG_base_type
     533                      .dwattr $C$DW$T$12, DW_AT_encoding(DW_ATE_signed)
     534                      .dwattr $C$DW$T$12, DW_AT_name("long")
     535                      .dwattr $C$DW$T$12, DW_AT_byte_size(0x02)
     536              
     537              $C$DW$T$13      .dwtag  DW_TAG_base_type
     538                      .dwattr $C$DW$T$13, DW_AT_encoding(DW_ATE_unsigned)
     539                      .dwattr $C$DW$T$13, DW_AT_name("unsigned long")
     540                      .dwattr $C$DW$T$13, DW_AT_byte_size(0x02)
     541              
     542              $C$DW$T$26      .dwtag  DW_TAG_typedef
     543                      .dwattr $C$DW$T$26, DW_AT_name("size_t")
     544                      .dwattr $C$DW$T$26, DW_AT_type(*$C$DW$T$13)
     545                      .dwattr $C$DW$T$26, DW_AT_language(DW_LANG_C)
     546              
TMS320C2000 Assembler PC v15.12.3 Tue Sep 20 20:29:56 2016

Tools Copyright (c) 1996-2015 Texas Instruments Incorporated
C:\Users\MaCHaDo\AppData\Local\Temp\1203210                          PAGE   11

     547              $C$DW$41        .dwtag  DW_TAG_TI_far_type
     548                      .dwattr $C$DW$41, DW_AT_type(*$C$DW$T$26)
     549              
     550              $C$DW$T$27      .dwtag  DW_TAG_const_type
     551                      .dwattr $C$DW$T$27, DW_AT_type(*$C$DW$41)
     552              
     553              $C$DW$T$14      .dwtag  DW_TAG_base_type
     554                      .dwattr $C$DW$T$14, DW_AT_encoding(DW_ATE_signed)
     555                      .dwattr $C$DW$T$14, DW_AT_name("long long")
     556                      .dwattr $C$DW$T$14, DW_AT_byte_size(0x04)
     557              
     558              $C$DW$T$15      .dwtag  DW_TAG_base_type
     559                      .dwattr $C$DW$T$15, DW_AT_encoding(DW_ATE_unsigned)
     560                      .dwattr $C$DW$T$15, DW_AT_name("unsigned long long")
     561                      .dwattr $C$DW$T$15, DW_AT_byte_size(0x04)
     562              
     563              $C$DW$T$16      .dwtag  DW_TAG_base_type
     564                      .dwattr $C$DW$T$16, DW_AT_encoding(DW_ATE_float)
     565                      .dwattr $C$DW$T$16, DW_AT_name("float")
     566                      .dwattr $C$DW$T$16, DW_AT_byte_size(0x02)
     567              
     568              $C$DW$T$17      .dwtag  DW_TAG_base_type
     569                      .dwattr $C$DW$T$17, DW_AT_encoding(DW_ATE_float)
     570                      .dwattr $C$DW$T$17, DW_AT_name("double")
     571                      .dwattr $C$DW$T$17, DW_AT_byte_size(0x02)
     572              
     573              $C$DW$T$18      .dwtag  DW_TAG_base_type
     574                      .dwattr $C$DW$T$18, DW_AT_encoding(DW_ATE_float)
     575                      .dwattr $C$DW$T$18, DW_AT_name("long double")
     576                      .dwattr $C$DW$T$18, DW_AT_byte_size(0x04)
     577              
     578                      .dwattr $C$DW$CU, DW_AT_language(DW_LANG_C)
     579              
     580              ;***************************************************************
     581              ;* DWARF CIE ENTRIES                                           *
     582              ;***************************************************************
     583              
     584              $C$DW$CIE       .dwcie 26
     585                      .dwcfi  cfa_register, 20
     586                      .dwcfi  cfa_offset, 0
     587                      .dwcfi  undefined, 0
     588                      .dwcfi  undefined, 1
     589                      .dwcfi  undefined, 2
     590                      .dwcfi  undefined, 3
     591                      .dwcfi  undefined, 20
     592                      .dwcfi  undefined, 21
     593                      .dwcfi  undefined, 22
     594                      .dwcfi  undefined, 23
     595                      .dwcfi  undefined, 24
     596                      .dwcfi  undefined, 25
     597                      .dwcfi  undefined, 26
     598                      .dwcfi  same_value, 28
     599                      .dwcfi  undefined, 29
     600                      .dwcfi  undefined, 30
     601                      .dwcfi  undefined, 31
TMS320C2000 Assembler PC v15.12.3 Tue Sep 20 20:29:56 2016

Tools Copyright (c) 1996-2015 Texas Instruments Incorporated
C:\Users\MaCHaDo\AppData\Local\Temp\1203210                          PAGE   12

     602                      .dwcfi  undefined, 32
     603                      .dwcfi  undefined, 33
     604                      .dwcfi  undefined, 34
     605                      .dwcfi  undefined, 35
     606                      .dwcfi  undefined, 36
     607                      .dwcfi  undefined, 37
     608                      .dwcfi  undefined, 38
     609                      .dwcfi  undefined, 75
     610                      .dwcfi  undefined, 76
     611                      .dwcfi  undefined, 77
     612                      .dwcfi  undefined, 4
     613                      .dwcfi  undefined, 5
     614                      .dwcfi  same_value, 6
     615                      .dwcfi  same_value, 7
     616                      .dwcfi  same_value, 8
     617                      .dwcfi  same_value, 9
     618                      .dwcfi  same_value, 10
     619                      .dwcfi  same_value, 11
     620                      .dwcfi  undefined, 12
     621                      .dwcfi  undefined, 13
     622                      .dwcfi  undefined, 14
     623                      .dwcfi  undefined, 15
     624                      .dwcfi  undefined, 16
     625                      .dwcfi  undefined, 17
     626                      .dwcfi  undefined, 18
     627                      .dwcfi  undefined, 19
     628                      .dwendentry
     629              
     630              ;***************************************************************
     631              ;* DWARF REGISTER MAP                                          *
     632              ;***************************************************************
     633              
     634              $C$DW$42        .dwtag  DW_TAG_TI_assign_register
     635                      .dwattr $C$DW$42, DW_AT_name("AL")
     636                      .dwattr $C$DW$42, DW_AT_location[DW_OP_reg0]
     637              
     638              $C$DW$43        .dwtag  DW_TAG_TI_assign_register
     639                      .dwattr $C$DW$43, DW_AT_name("AH")
     640                      .dwattr $C$DW$43, DW_AT_location[DW_OP_reg1]
     641              
     642              $C$DW$44        .dwtag  DW_TAG_TI_assign_register
     643                      .dwattr $C$DW$44, DW_AT_name("PL")
     644                      .dwattr $C$DW$44, DW_AT_location[DW_OP_reg2]
     645              
     646              $C$DW$45        .dwtag  DW_TAG_TI_assign_register
     647                      .dwattr $C$DW$45, DW_AT_name("PH")
     648                      .dwattr $C$DW$45, DW_AT_location[DW_OP_reg3]
     649              
     650              $C$DW$46        .dwtag  DW_TAG_TI_assign_register
     651                      .dwattr $C$DW$46, DW_AT_name("SP")
     652                      .dwattr $C$DW$46, DW_AT_location[DW_OP_reg20]
     653              
     654              $C$DW$47        .dwtag  DW_TAG_TI_assign_register
     655                      .dwattr $C$DW$47, DW_AT_name("XT")
     656                      .dwattr $C$DW$47, DW_AT_location[DW_OP_reg21]
TMS320C2000 Assembler PC v15.12.3 Tue Sep 20 20:29:56 2016

Tools Copyright (c) 1996-2015 Texas Instruments Incorporated
C:\Users\MaCHaDo\AppData\Local\Temp\1203210                          PAGE   13

     657              
     658              $C$DW$48        .dwtag  DW_TAG_TI_assign_register
     659                      .dwattr $C$DW$48, DW_AT_name("T")
     660                      .dwattr $C$DW$48, DW_AT_location[DW_OP_reg22]
     661              
     662              $C$DW$49        .dwtag  DW_TAG_TI_assign_register
     663                      .dwattr $C$DW$49, DW_AT_name("ST0")
     664                      .dwattr $C$DW$49, DW_AT_location[DW_OP_reg23]
     665              
     666              $C$DW$50        .dwtag  DW_TAG_TI_assign_register
     667                      .dwattr $C$DW$50, DW_AT_name("ST1")
     668                      .dwattr $C$DW$50, DW_AT_location[DW_OP_reg24]
     669              
     670              $C$DW$51        .dwtag  DW_TAG_TI_assign_register
     671                      .dwattr $C$DW$51, DW_AT_name("PC")
     672                      .dwattr $C$DW$51, DW_AT_location[DW_OP_reg25]
     673              
     674              $C$DW$52        .dwtag  DW_TAG_TI_assign_register
     675                      .dwattr $C$DW$52, DW_AT_name("RPC")
     676                      .dwattr $C$DW$52, DW_AT_location[DW_OP_reg26]
     677              
     678              $C$DW$53        .dwtag  DW_TAG_TI_assign_register
     679                      .dwattr $C$DW$53, DW_AT_name("FP")
     680                      .dwattr $C$DW$53, DW_AT_location[DW_OP_reg28]
     681              
     682              $C$DW$54        .dwtag  DW_TAG_TI_assign_register
     683                      .dwattr $C$DW$54, DW_AT_name("DP")
     684                      .dwattr $C$DW$54, DW_AT_location[DW_OP_reg29]
     685              
     686              $C$DW$55        .dwtag  DW_TAG_TI_assign_register
     687                      .dwattr $C$DW$55, DW_AT_name("SXM")
     688                      .dwattr $C$DW$55, DW_AT_location[DW_OP_reg30]
     689              
     690              $C$DW$56        .dwtag  DW_TAG_TI_assign_register
     691                      .dwattr $C$DW$56, DW_AT_name("PM")
     692                      .dwattr $C$DW$56, DW_AT_location[DW_OP_reg31]
     693              
     694              $C$DW$57        .dwtag  DW_TAG_TI_assign_register
     695                      .dwattr $C$DW$57, DW_AT_name("OVM")
     696                      .dwattr $C$DW$57, DW_AT_location[DW_OP_regx 0x20]
     697              
     698              $C$DW$58        .dwtag  DW_TAG_TI_assign_register
     699                      .dwattr $C$DW$58, DW_AT_name("PAGE0")
     700                      .dwattr $C$DW$58, DW_AT_location[DW_OP_regx 0x21]
     701              
     702              $C$DW$59        .dwtag  DW_TAG_TI_assign_register
     703                      .dwattr $C$DW$59, DW_AT_name("AMODE")
     704                      .dwattr $C$DW$59, DW_AT_location[DW_OP_regx 0x22]
     705              
     706              $C$DW$60        .dwtag  DW_TAG_TI_assign_register
     707                      .dwattr $C$DW$60, DW_AT_name("INTM")
     708                      .dwattr $C$DW$60, DW_AT_location[DW_OP_regx 0x23]
     709              
     710              $C$DW$61        .dwtag  DW_TAG_TI_assign_register
     711                      .dwattr $C$DW$61, DW_AT_name("IFR")
TMS320C2000 Assembler PC v15.12.3 Tue Sep 20 20:29:56 2016

Tools Copyright (c) 1996-2015 Texas Instruments Incorporated
C:\Users\MaCHaDo\AppData\Local\Temp\1203210                          PAGE   14

     712                      .dwattr $C$DW$61, DW_AT_location[DW_OP_regx 0x24]
     713              
     714              $C$DW$62        .dwtag  DW_TAG_TI_assign_register
     715                      .dwattr $C$DW$62, DW_AT_name("IER")
     716                      .dwattr $C$DW$62, DW_AT_location[DW_OP_regx 0x25]
     717              
     718              $C$DW$63        .dwtag  DW_TAG_TI_assign_register
     719                      .dwattr $C$DW$63, DW_AT_name("V")
     720                      .dwattr $C$DW$63, DW_AT_location[DW_OP_regx 0x26]
     721              
     722              $C$DW$64        .dwtag  DW_TAG_TI_assign_register
     723                      .dwattr $C$DW$64, DW_AT_name("PSEUDOH")
     724                      .dwattr $C$DW$64, DW_AT_location[DW_OP_regx 0x4c]
     725              
     726              $C$DW$65        .dwtag  DW_TAG_TI_assign_register
     727                      .dwattr $C$DW$65, DW_AT_name("VOL")
     728                      .dwattr $C$DW$65, DW_AT_location[DW_OP_regx 0x4d]
     729              
     730              $C$DW$66        .dwtag  DW_TAG_TI_assign_register
     731                      .dwattr $C$DW$66, DW_AT_name("AR0")
     732                      .dwattr $C$DW$66, DW_AT_location[DW_OP_reg4]
     733              
     734              $C$DW$67        .dwtag  DW_TAG_TI_assign_register
     735                      .dwattr $C$DW$67, DW_AT_name("XAR0")
     736                      .dwattr $C$DW$67, DW_AT_location[DW_OP_reg5]
     737              
     738              $C$DW$68        .dwtag  DW_TAG_TI_assign_register
     739                      .dwattr $C$DW$68, DW_AT_name("AR1")
     740                      .dwattr $C$DW$68, DW_AT_location[DW_OP_reg6]
     741              
     742              $C$DW$69        .dwtag  DW_TAG_TI_assign_register
     743                      .dwattr $C$DW$69, DW_AT_name("XAR1")
     744                      .dwattr $C$DW$69, DW_AT_location[DW_OP_reg7]
     745              
     746              $C$DW$70        .dwtag  DW_TAG_TI_assign_register
     747                      .dwattr $C$DW$70, DW_AT_name("AR2")
     748                      .dwattr $C$DW$70, DW_AT_location[DW_OP_reg8]
     749              
     750              $C$DW$71        .dwtag  DW_TAG_TI_assign_register
     751                      .dwattr $C$DW$71, DW_AT_name("XAR2")
     752                      .dwattr $C$DW$71, DW_AT_location[DW_OP_reg9]
     753              
     754              $C$DW$72        .dwtag  DW_TAG_TI_assign_register
     755                      .dwattr $C$DW$72, DW_AT_name("AR3")
     756                      .dwattr $C$DW$72, DW_AT_location[DW_OP_reg10]
     757              
     758              $C$DW$73        .dwtag  DW_TAG_TI_assign_register
     759                      .dwattr $C$DW$73, DW_AT_name("XAR3")
     760                      .dwattr $C$DW$73, DW_AT_location[DW_OP_reg11]
     761              
     762              $C$DW$74        .dwtag  DW_TAG_TI_assign_register
     763                      .dwattr $C$DW$74, DW_AT_name("AR4")
     764                      .dwattr $C$DW$74, DW_AT_location[DW_OP_reg12]
     765              
     766              $C$DW$75        .dwtag  DW_TAG_TI_assign_register
TMS320C2000 Assembler PC v15.12.3 Tue Sep 20 20:29:56 2016

Tools Copyright (c) 1996-2015 Texas Instruments Incorporated
C:\Users\MaCHaDo\AppData\Local\Temp\1203210                          PAGE   15

     767                      .dwattr $C$DW$75, DW_AT_name("XAR4")
     768                      .dwattr $C$DW$75, DW_AT_location[DW_OP_reg13]
     769              
     770              $C$DW$76        .dwtag  DW_TAG_TI_assign_register
     771                      .dwattr $C$DW$76, DW_AT_name("AR5")
     772                      .dwattr $C$DW$76, DW_AT_location[DW_OP_reg14]
     773              
     774              $C$DW$77        .dwtag  DW_TAG_TI_assign_register
     775                      .dwattr $C$DW$77, DW_AT_name("XAR5")
     776                      .dwattr $C$DW$77, DW_AT_location[DW_OP_reg15]
     777              
     778              $C$DW$78        .dwtag  DW_TAG_TI_assign_register
     779                      .dwattr $C$DW$78, DW_AT_name("AR6")
     780                      .dwattr $C$DW$78, DW_AT_location[DW_OP_reg16]
     781              
     782              $C$DW$79        .dwtag  DW_TAG_TI_assign_register
     783                      .dwattr $C$DW$79, DW_AT_name("XAR6")
     784                      .dwattr $C$DW$79, DW_AT_location[DW_OP_reg17]
     785              
     786              $C$DW$80        .dwtag  DW_TAG_TI_assign_register
     787                      .dwattr $C$DW$80, DW_AT_name("AR7")
     788                      .dwattr $C$DW$80, DW_AT_location[DW_OP_reg18]
     789              
     790              $C$DW$81        .dwtag  DW_TAG_TI_assign_register
     791                      .dwattr $C$DW$81, DW_AT_name("XAR7")
     792                      .dwattr $C$DW$81, DW_AT_location[DW_OP_reg19]
     793              
     794                      .dwendtag $C$DW$CU
     795              

No Assembly Errors, No Assembly Warnings
