TMS320C2000 Assembler PC v15.12.3 Tue Sep 20 15:34:13 2016

Tools Copyright (c) 1996-2015 Texas Instruments Incorporated
C:\Users\MaCHaDo\AppData\Local\Temp\2102410                          PAGE    1

       1              ;***************************************************************
       2              ;* TMS320C2000 C/C++ Codegen                   PC v15.12.3.LTS *
       3              ;* Date/Time created: Tue Sep 20 15:34:12 2016                 *
       4              ;***************************************************************
       5                      .compiler_opts --abi=coffabi --float_support=softlib --hll_source=on --mem_model:code=flat --mem_mode
       6        0002  FP      .set    XAR2
       7              
       8              $C$DW$CU        .dwtag  DW_TAG_compile_unit
       9                      .dwattr $C$DW$CU, DW_AT_name("../drivers/source/sci_io.c")
      10                      .dwattr $C$DW$CU, DW_AT_producer("TI TMS320C2000 C/C++ Codegen PC v15.12.3.LTS Copyright (c) 1996-201
      11                      .dwattr $C$DW$CU, DW_AT_TI_version(0x01)
      12                      .dwattr $C$DW$CU, DW_AT_comp_dir("D:\Users\MaCHaDo\Dropbox\Legstrong\drv8301\legstrong\LegStrong\Debu
      13              ;**************************************************************
      14              ;* CINIT RECORDS                                              *
      15              ;**************************************************************
      16 00000000               .sect   ".cinit"
      17                      .align  1
      18 00000000 FFFF          .field          -1,16
      19 00000001 0000-         .field          _deviceOpen+0,32
         00000002 0000 
      20 00000003 0000          .bits   0,16                    ; _deviceOpen @ 0
      21              
      22              
      23              $C$DW$1 .dwtag  DW_TAG_subprogram
      24                      .dwattr $C$DW$1, DW_AT_name("SCI_putDataBlocking")
      25                      .dwattr $C$DW$1, DW_AT_TI_symbol_name("_SCI_putDataBlocking")
      26                      .dwattr $C$DW$1, DW_AT_declaration
      27                      .dwattr $C$DW$1, DW_AT_external
      28              $C$DW$2 .dwtag  DW_TAG_formal_parameter
      29                      .dwattr $C$DW$2, DW_AT_type(*$C$DW$T$25)
      30              
      31              $C$DW$3 .dwtag  DW_TAG_formal_parameter
      32                      .dwattr $C$DW$3, DW_AT_type(*$C$DW$T$19)
      33              
      34                      .dwendtag $C$DW$1
      35              
      36                      .global _deviceOpen
      37 00000000       _deviceOpen:    .usect  ".ebss",1,1,0
      38              $C$DW$4 .dwtag  DW_TAG_variable
      39                      .dwattr $C$DW$4, DW_AT_name("deviceOpen")
      40                      .dwattr $C$DW$4, DW_AT_TI_symbol_name("_deviceOpen")
      41                      .dwattr $C$DW$4, DW_AT_location[DW_OP_addr _deviceOpen]
      42                      .dwattr $C$DW$4, DW_AT_type(*$C$DW$T$19)
      43                      .dwattr $C$DW$4, DW_AT_external
      44              
      45              
      46              $C$DW$5 .dwtag  DW_TAG_subprogram
      47                      .dwattr $C$DW$5, DW_AT_name("SCI_init")
      48                      .dwattr $C$DW$5, DW_AT_TI_symbol_name("_SCI_init")
      49                      .dwattr $C$DW$5, DW_AT_type(*$C$DW$T$25)
      50                      .dwattr $C$DW$5, DW_AT_declaration
      51                      .dwattr $C$DW$5, DW_AT_external
      52              $C$DW$6 .dwtag  DW_TAG_formal_parameter
      53                      .dwattr $C$DW$6, DW_AT_type(*$C$DW$T$3)
      54              
TMS320C2000 Assembler PC v15.12.3 Tue Sep 20 15:34:13 2016

Tools Copyright (c) 1996-2015 Texas Instruments Incorporated
C:\Users\MaCHaDo\AppData\Local\Temp\2102410                          PAGE    2

      55              $C$DW$7 .dwtag  DW_TAG_formal_parameter
      56                      .dwattr $C$DW$7, DW_AT_type(*$C$DW$T$27)
      57              
      58                      .dwendtag $C$DW$5
      59              
      60                      .global _ioSci
      61 00000002       _ioSci: .usect  ".ebss",2,1,1
      62              $C$DW$8 .dwtag  DW_TAG_variable
      63                      .dwattr $C$DW$8, DW_AT_name("ioSci")
      64                      .dwattr $C$DW$8, DW_AT_TI_symbol_name("_ioSci")
      65                      .dwattr $C$DW$8, DW_AT_location[DW_OP_addr _ioSci]
      66                      .dwattr $C$DW$8, DW_AT_type(*$C$DW$T$25)
      67                      .dwattr $C$DW$8, DW_AT_external
      68              
      69              ;       C:\ti\ccsv6\tools\compiler\c2000_15.12.3.LTS\bin\opt2000.exe C:\\Users\\MaCHaDo\\AppData\\Local\\Temp
      70              ;       C:\ti\ccsv6\tools\compiler\c2000_15.12.3.LTS\bin\ac2000.exe -@C:\\Users\\MaCHaDo\\AppData\\Local\\Tem
      71 00000000               .sect   ".text"
      72                      .clink
      73                      .global _SCI_write
      74              
      75              $C$DW$9 .dwtag  DW_TAG_subprogram
      76                      .dwattr $C$DW$9, DW_AT_name("SCI_write")
      77                      .dwattr $C$DW$9, DW_AT_low_pc(_SCI_write)
      78                      .dwattr $C$DW$9, DW_AT_high_pc(0x00)
      79                      .dwattr $C$DW$9, DW_AT_TI_symbol_name("_SCI_write")
      80                      .dwattr $C$DW$9, DW_AT_external
      81                      .dwattr $C$DW$9, DW_AT_type(*$C$DW$T$10)
      82                      .dwattr $C$DW$9, DW_AT_TI_begin_file("../drivers/source/sci_io.c")
      83                      .dwattr $C$DW$9, DW_AT_TI_begin_line(0x54)
      84                      .dwattr $C$DW$9, DW_AT_TI_begin_column(0x05)
      85                      .dwattr $C$DW$9, DW_AT_TI_max_frame_size(-8)
      86                      .dwpsn  file "../drivers/source/sci_io.c",line 85,column 1,is_stmt,address _SCI_write,isa 0
      87              
      88                      .dwfde $C$DW$CIE, _SCI_write
      89              $C$DW$10        .dwtag  DW_TAG_formal_parameter
      90                      .dwattr $C$DW$10, DW_AT_name("dev_fd")
      91                      .dwattr $C$DW$10, DW_AT_TI_symbol_name("_dev_fd")
      92                      .dwattr $C$DW$10, DW_AT_type(*$C$DW$T$10)
      93                      .dwattr $C$DW$10, DW_AT_location[DW_OP_reg0]
      94              
      95              $C$DW$11        .dwtag  DW_TAG_formal_parameter
      96                      .dwattr $C$DW$11, DW_AT_name("buf")
      97                      .dwattr $C$DW$11, DW_AT_TI_symbol_name("_buf")
      98                      .dwattr $C$DW$11, DW_AT_type(*$C$DW$T$40)
      99                      .dwattr $C$DW$11, DW_AT_location[DW_OP_reg12]
     100              
     101              $C$DW$12        .dwtag  DW_TAG_formal_parameter
     102                      .dwattr $C$DW$12, DW_AT_name("count")
     103                      .dwattr $C$DW$12, DW_AT_TI_symbol_name("_count")
     104                      .dwattr $C$DW$12, DW_AT_type(*$C$DW$T$11)
     105                      .dwattr $C$DW$12, DW_AT_location[DW_OP_reg1]
     106              
     107              
     108              ;***************************************************************
     109              ;* FNAME: _SCI_write                    FR SIZE:   6           *
TMS320C2000 Assembler PC v15.12.3 Tue Sep 20 15:34:13 2016

Tools Copyright (c) 1996-2015 Texas Instruments Incorporated
C:\Users\MaCHaDo\AppData\Local\Temp\2102410                          PAGE    3

     110              ;*                                                             *
     111              ;* FUNCTION ENVIRONMENT                                        *
     112              ;*                                                             *
     113              ;* FUNCTION PROPERTIES                                         *
     114              ;*                            0 Parameter,  0 Auto,  6 SOE     *
     115              ;***************************************************************
     116              
     117              _SCI_write:
     118              ;* AR3   assigned to _bufPtr
     119              $C$DW$13        .dwtag  DW_TAG_variable
     120                      .dwattr $C$DW$13, DW_AT_name("bufPtr")
     121                      .dwattr $C$DW$13, DW_AT_TI_symbol_name("_bufPtr")
     122                      .dwattr $C$DW$13, DW_AT_type(*$C$DW$T$49)
     123                      .dwattr $C$DW$13, DW_AT_location[DW_OP_reg10]
     124              
     125              ;* AR1   assigned to _writeCount
     126              $C$DW$14        .dwtag  DW_TAG_variable
     127                      .dwattr $C$DW$14, DW_AT_name("writeCount")
     128                      .dwattr $C$DW$14, DW_AT_TI_symbol_name("_writeCount")
     129                      .dwattr $C$DW$14, DW_AT_type(*$C$DW$T$19)
     130                      .dwattr $C$DW$14, DW_AT_location[DW_OP_reg6]
     131              
     132              ;* AH    assigned to _count
     133              $C$DW$15        .dwtag  DW_TAG_variable
     134                      .dwattr $C$DW$15, DW_AT_name("count")
     135                      .dwattr $C$DW$15, DW_AT_TI_symbol_name("_count")
     136                      .dwattr $C$DW$15, DW_AT_type(*$C$DW$T$47)
     137                      .dwattr $C$DW$15, DW_AT_location[DW_OP_reg1]
     138              
     139              ;* AR4   assigned to _buf
     140              $C$DW$16        .dwtag  DW_TAG_variable
     141                      .dwattr $C$DW$16, DW_AT_name("buf")
     142                      .dwattr $C$DW$16, DW_AT_TI_symbol_name("_buf")
     143                      .dwattr $C$DW$16, DW_AT_type(*$C$DW$T$53)
     144                      .dwattr $C$DW$16, DW_AT_location[DW_OP_reg12]
     145              
     146                      .dwcfi  cfa_offset, -2
     147                      .dwcfi  save_reg_to_mem, 26, 0
     148 00000000 B2BD          MOVL      *SP++,XAR1            ; [CPU_] 
     149                      .dwcfi  save_reg_to_mem, 7, 2
     150                      .dwcfi  cfa_offset, -4
     151                      .dwpsn  file "../drivers/source/sci_io.c",line 89,column 5,is_stmt,isa 0
     152 00000001 5300          CMPB      AH,#0                 ; [CPU_] |89| 
     153 00000002 AABD          MOVL      *SP++,XAR2            ; [CPU_] 
     154                      .dwcfi  save_reg_to_mem, 9, 4
     155                      .dwcfi  cfa_offset, -6
     156 00000003 A2BD          MOVL      *SP++,XAR3            ; [CPU_] 
     157                      .dwcfi  save_reg_to_mem, 11, 6
     158                      .dwcfi  cfa_offset, -8
     159                      .dwpsn  file "../drivers/source/sci_io.c",line 87,column 23,is_stmt,isa 0
     160 00000004 82A4          MOVL      XAR3,XAR4             ; [CPU_] |87| 
     161                      .dwpsn  file "../drivers/source/sci_io.c",line 89,column 5,is_stmt,isa 0
     162 00000005 6003          B         $C$L1,NEQ             ; [CPU_] |89| 
     163                      ; branchcc occurs ; [] |89| 
     164                      .dwpsn  file "../drivers/source/sci_io.c",line 90,column 9,is_stmt,isa 0
TMS320C2000 Assembler PC v15.12.3 Tue Sep 20 15:34:13 2016

Tools Copyright (c) 1996-2015 Texas Instruments Incorporated
C:\Users\MaCHaDo\AppData\Local\Temp\2102410                          PAGE    4

     165 00000006 9A00          MOVB      AL,#0                 ; [CPU_] |90| 
     166 00000007 6F0D          B         $C$L3,UNC             ; [CPU_] |90| 
     167                      ; branch occurs ; [] |90| 
     168 00000008       $C$L1:    
     169                      .dwpsn  file "../drivers/source/sci_io.c",line 93,column 11,is_stmt,isa 0
     170 00000008 59A8          MOVZ      AR1,AH                ; [CPU_] |93| 
     171 00000009 5AA1          MOVZ      AR2,AR1               ; [CPU_] 
     172 0000000a DA81          SUBB      XAR2,#1               ; [CPU_U] 
     173 0000000b       $C$L2:    
     174 0000000b 761F-         MOVW      DP,#_ioSci            ; [CPU_U] 
         0000000c 0000 
     175                      .dwpsn  file "../drivers/source/sci_io.c",line 94,column 9,is_stmt,isa 0
     176 0000000d 9283          MOV       AL,*XAR3++            ; [CPU_] |94| 
     177 0000000e 8A02-         MOVL      XAR4,@_ioSci          ; [CPU_] |94| 
     178              $C$DW$17        .dwtag  DW_TAG_TI_branch
     179                      .dwattr $C$DW$17, DW_AT_low_pc(0x00)
     180                      .dwattr $C$DW$17, DW_AT_name("_SCI_putDataBlocking")
     181                      .dwattr $C$DW$17, DW_AT_TI_call
     182              
     183 0000000f 7640!         LCR       #_SCI_putDataBlocking ; [CPU_] |94| 
         00000010 0000 
     184                      ; call occurs [#_SCI_putDataBlocking] ; [] |94| 
     185                      .dwpsn  file "../drivers/source/sci_io.c",line 93,column 11,is_stmt,isa 0
     186 00000011 000A          BANZ      $C$L2,AR2--           ; [CPU_] |93| 
         00000012 FFFA 
     187                      ; branchcc occurs ; [] |93| 
     188                      .dwpsn  file "../drivers/source/sci_io.c",line 99,column 5,is_stmt,isa 0
     189 00000013 92A1          MOV       AL,AR1                ; [CPU_] |99| 
     190 00000014       $C$L3:    
     191 00000014 82BE          MOVL      XAR3,*--SP            ; [CPU_] 
     192                      .dwcfi  cfa_offset, -6
     193                      .dwcfi  restore_reg, 11
     194 00000015 86BE          MOVL      XAR2,*--SP            ; [CPU_] 
     195                      .dwcfi  cfa_offset, -4
     196                      .dwcfi  restore_reg, 9
     197 00000016 8BBE          MOVL      XAR1,*--SP            ; [CPU_] 
     198                      .dwcfi  cfa_offset, -2
     199                      .dwcfi  restore_reg, 7
     200              $C$DW$18        .dwtag  DW_TAG_TI_branch
     201                      .dwattr $C$DW$18, DW_AT_low_pc(0x00)
     202                      .dwattr $C$DW$18, DW_AT_TI_return
     203              
     204 00000017 0006          LRETR     ; [CPU_] 
     205                      ; return occurs ; [] 
     206                      .dwattr $C$DW$9, DW_AT_TI_end_file("../drivers/source/sci_io.c")
     207                      .dwattr $C$DW$9, DW_AT_TI_end_line(0x65)
     208                      .dwattr $C$DW$9, DW_AT_TI_end_column(0x01)
     209                      .dwendentry
     210                      .dwendtag $C$DW$9
     211              
     212 00000018               .sect   ".text"
     213                      .clink
     214                      .global _SCI_unlink
     215              
     216              $C$DW$19        .dwtag  DW_TAG_subprogram
TMS320C2000 Assembler PC v15.12.3 Tue Sep 20 15:34:13 2016

Tools Copyright (c) 1996-2015 Texas Instruments Incorporated
C:\Users\MaCHaDo\AppData\Local\Temp\2102410                          PAGE    5

     217                      .dwattr $C$DW$19, DW_AT_name("SCI_unlink")
     218                      .dwattr $C$DW$19, DW_AT_low_pc(_SCI_unlink)
     219                      .dwattr $C$DW$19, DW_AT_high_pc(0x00)
     220                      .dwattr $C$DW$19, DW_AT_TI_symbol_name("_SCI_unlink")
     221                      .dwattr $C$DW$19, DW_AT_external
     222                      .dwattr $C$DW$19, DW_AT_type(*$C$DW$T$10)
     223                      .dwattr $C$DW$19, DW_AT_TI_begin_file("../drivers/source/sci_io.c")
     224                      .dwattr $C$DW$19, DW_AT_TI_begin_line(0x6c)
     225                      .dwattr $C$DW$19, DW_AT_TI_begin_column(0x05)
     226                      .dwattr $C$DW$19, DW_AT_TI_max_frame_size(-2)
     227                      .dwpsn  file "../drivers/source/sci_io.c",line 109,column 1,is_stmt,address _SCI_unlink,isa 0
     228              
     229                      .dwfde $C$DW$CIE, _SCI_unlink
     230              $C$DW$20        .dwtag  DW_TAG_formal_parameter
     231                      .dwattr $C$DW$20, DW_AT_name("path")
     232                      .dwattr $C$DW$20, DW_AT_TI_symbol_name("_path")
     233                      .dwattr $C$DW$20, DW_AT_type(*$C$DW$T$37)
     234                      .dwattr $C$DW$20, DW_AT_location[DW_OP_reg12]
     235              
     236              
     237              ;***************************************************************
     238              ;* FNAME: _SCI_unlink                   FR SIZE:   0           *
     239              ;*                                                             *
     240              ;* FUNCTION ENVIRONMENT                                        *
     241              ;*                                                             *
     242              ;* FUNCTION PROPERTIES                                         *
     243              ;*                            0 Parameter,  0 Auto,  0 SOE     *
     244              ;***************************************************************
     245              
     246 00000018       _SCI_unlink:
     247                      .dwcfi  cfa_offset, -2
     248                      .dwcfi  save_reg_to_mem, 26, 0
     249                      .dwpsn  file "../drivers/source/sci_io.c",line 110,column 5,is_stmt,isa 0
     250 00000018 9A00          MOVB      AL,#0                 ; [CPU_] |110| 
     251              $C$DW$21        .dwtag  DW_TAG_TI_branch
     252                      .dwattr $C$DW$21, DW_AT_low_pc(0x00)
     253                      .dwattr $C$DW$21, DW_AT_TI_return
     254              
     255 00000019 0006          LRETR     ; [CPU_] 
     256                      ; return occurs ; [] 
     257                      .dwattr $C$DW$19, DW_AT_TI_end_file("../drivers/source/sci_io.c")
     258                      .dwattr $C$DW$19, DW_AT_TI_end_line(0x6f)
     259                      .dwattr $C$DW$19, DW_AT_TI_end_column(0x01)
     260                      .dwendentry
     261                      .dwendtag $C$DW$19
     262              
     263 0000001a               .sect   ".text"
     264                      .clink
     265                      .global _SCI_rename
     266              
     267              $C$DW$22        .dwtag  DW_TAG_subprogram
     268                      .dwattr $C$DW$22, DW_AT_name("SCI_rename")
     269                      .dwattr $C$DW$22, DW_AT_low_pc(_SCI_rename)
     270                      .dwattr $C$DW$22, DW_AT_high_pc(0x00)
     271                      .dwattr $C$DW$22, DW_AT_TI_symbol_name("_SCI_rename")
TMS320C2000 Assembler PC v15.12.3 Tue Sep 20 15:34:13 2016

Tools Copyright (c) 1996-2015 Texas Instruments Incorporated
C:\Users\MaCHaDo\AppData\Local\Temp\2102410                          PAGE    6

     272                      .dwattr $C$DW$22, DW_AT_external
     273                      .dwattr $C$DW$22, DW_AT_type(*$C$DW$T$10)
     274                      .dwattr $C$DW$22, DW_AT_TI_begin_file("../drivers/source/sci_io.c")
     275                      .dwattr $C$DW$22, DW_AT_TI_begin_line(0x71)
     276                      .dwattr $C$DW$22, DW_AT_TI_begin_column(0x05)
     277                      .dwattr $C$DW$22, DW_AT_TI_max_frame_size(-2)
     278                      .dwpsn  file "../drivers/source/sci_io.c",line 114,column 1,is_stmt,address _SCI_rename,isa 0
     279              
     280                      .dwfde $C$DW$CIE, _SCI_rename
     281              $C$DW$23        .dwtag  DW_TAG_formal_parameter
     282                      .dwattr $C$DW$23, DW_AT_name("old_name")
     283                      .dwattr $C$DW$23, DW_AT_TI_symbol_name("_old_name")
     284                      .dwattr $C$DW$23, DW_AT_type(*$C$DW$T$37)
     285                      .dwattr $C$DW$23, DW_AT_location[DW_OP_reg12]
     286              
     287              $C$DW$24        .dwtag  DW_TAG_formal_parameter
     288                      .dwattr $C$DW$24, DW_AT_name("new_name")
     289                      .dwattr $C$DW$24, DW_AT_TI_symbol_name("_new_name")
     290                      .dwattr $C$DW$24, DW_AT_type(*$C$DW$T$37)
     291                      .dwattr $C$DW$24, DW_AT_location[DW_OP_reg14]
     292              
     293              
     294              ;***************************************************************
     295              ;* FNAME: _SCI_rename                   FR SIZE:   0           *
     296              ;*                                                             *
     297              ;* FUNCTION ENVIRONMENT                                        *
     298              ;*                                                             *
     299              ;* FUNCTION PROPERTIES                                         *
     300              ;*                            0 Parameter,  0 Auto,  0 SOE     *
     301              ;***************************************************************
     302              
     303 0000001a       _SCI_rename:
     304                      .dwcfi  cfa_offset, -2
     305                      .dwcfi  save_reg_to_mem, 26, 0
     306                      .dwpsn  file "../drivers/source/sci_io.c",line 115,column 5,is_stmt,isa 0
     307 0000001a 9A00          MOVB      AL,#0                 ; [CPU_] |115| 
     308              $C$DW$25        .dwtag  DW_TAG_TI_branch
     309                      .dwattr $C$DW$25, DW_AT_low_pc(0x00)
     310                      .dwattr $C$DW$25, DW_AT_TI_return
     311              
     312 0000001b 0006          LRETR     ; [CPU_] 
     313                      ; return occurs ; [] 
     314                      .dwattr $C$DW$22, DW_AT_TI_end_file("../drivers/source/sci_io.c")
     315                      .dwattr $C$DW$22, DW_AT_TI_end_line(0x74)
     316                      .dwattr $C$DW$22, DW_AT_TI_end_column(0x01)
     317                      .dwendentry
     318                      .dwendtag $C$DW$22
     319              
     320 0000001c               .sect   ".text"
     321                      .clink
     322                      .global _SCI_read
     323              
     324              $C$DW$26        .dwtag  DW_TAG_subprogram
     325                      .dwattr $C$DW$26, DW_AT_name("SCI_read")
     326                      .dwattr $C$DW$26, DW_AT_low_pc(_SCI_read)
TMS320C2000 Assembler PC v15.12.3 Tue Sep 20 15:34:13 2016

Tools Copyright (c) 1996-2015 Texas Instruments Incorporated
C:\Users\MaCHaDo\AppData\Local\Temp\2102410                          PAGE    7

     327                      .dwattr $C$DW$26, DW_AT_high_pc(0x00)
     328                      .dwattr $C$DW$26, DW_AT_TI_symbol_name("_SCI_read")
     329                      .dwattr $C$DW$26, DW_AT_external
     330                      .dwattr $C$DW$26, DW_AT_type(*$C$DW$T$10)
     331                      .dwattr $C$DW$26, DW_AT_TI_begin_file("../drivers/source/sci_io.c")
     332                      .dwattr $C$DW$26, DW_AT_TI_begin_line(0x41)
     333                      .dwattr $C$DW$26, DW_AT_TI_begin_column(0x05)
     334                      .dwattr $C$DW$26, DW_AT_TI_max_frame_size(-2)
     335                      .dwpsn  file "../drivers/source/sci_io.c",line 66,column 1,is_stmt,address _SCI_read,isa 0
     336              
     337                      .dwfde $C$DW$CIE, _SCI_read
     338              $C$DW$27        .dwtag  DW_TAG_formal_parameter
     339                      .dwattr $C$DW$27, DW_AT_name("dev_fd")
     340                      .dwattr $C$DW$27, DW_AT_TI_symbol_name("_dev_fd")
     341                      .dwattr $C$DW$27, DW_AT_type(*$C$DW$T$10)
     342                      .dwattr $C$DW$27, DW_AT_location[DW_OP_reg0]
     343              
     344              $C$DW$28        .dwtag  DW_TAG_formal_parameter
     345                      .dwattr $C$DW$28, DW_AT_name("buf")
     346                      .dwattr $C$DW$28, DW_AT_TI_symbol_name("_buf")
     347                      .dwattr $C$DW$28, DW_AT_type(*$C$DW$T$40)
     348                      .dwattr $C$DW$28, DW_AT_location[DW_OP_reg12]
     349              
     350              $C$DW$29        .dwtag  DW_TAG_formal_parameter
     351                      .dwattr $C$DW$29, DW_AT_name("count")
     352                      .dwattr $C$DW$29, DW_AT_TI_symbol_name("_count")
     353                      .dwattr $C$DW$29, DW_AT_type(*$C$DW$T$11)
     354                      .dwattr $C$DW$29, DW_AT_location[DW_OP_reg1]
     355              
     356              
     357              ;***************************************************************
     358              ;* FNAME: _SCI_read                     FR SIZE:   0           *
     359              ;*                                                             *
     360              ;* FUNCTION ENVIRONMENT                                        *
     361              ;*                                                             *
     362              ;* FUNCTION PROPERTIES                                         *
     363              ;*                            0 Parameter,  0 Auto,  0 SOE     *
     364              ;***************************************************************
     365              
     366              _SCI_read:
     367              ;* AR5   assigned to $O$v1
     368              ;* AH    assigned to _data
     369              $C$DW$30        .dwtag  DW_TAG_variable
     370                      .dwattr $C$DW$30, DW_AT_name("data")
     371                      .dwattr $C$DW$30, DW_AT_TI_symbol_name("_data")
     372                      .dwattr $C$DW$30, DW_AT_type(*$C$DW$T$19)
     373                      .dwattr $C$DW$30, DW_AT_location[DW_OP_reg1]
     374              
     375              ;* AR4   assigned to _bufPtr
     376              $C$DW$31        .dwtag  DW_TAG_variable
     377                      .dwattr $C$DW$31, DW_AT_name("bufPtr")
     378                      .dwattr $C$DW$31, DW_AT_TI_symbol_name("_bufPtr")
     379                      .dwattr $C$DW$31, DW_AT_type(*$C$DW$T$49)
     380                      .dwattr $C$DW$31, DW_AT_location[DW_OP_reg12]
     381              
TMS320C2000 Assembler PC v15.12.3 Tue Sep 20 15:34:13 2016

Tools Copyright (c) 1996-2015 Texas Instruments Incorporated
C:\Users\MaCHaDo\AppData\Local\Temp\2102410                          PAGE    8

     382              ;* AL    assigned to _readCount
     383              $C$DW$32        .dwtag  DW_TAG_variable
     384                      .dwattr $C$DW$32, DW_AT_name("readCount")
     385                      .dwattr $C$DW$32, DW_AT_TI_symbol_name("_readCount")
     386                      .dwattr $C$DW$32, DW_AT_type(*$C$DW$T$19)
     387                      .dwattr $C$DW$32, DW_AT_location[DW_OP_reg0]
     388              
     389              ;* AH    assigned to _count
     390              $C$DW$33        .dwtag  DW_TAG_variable
     391                      .dwattr $C$DW$33, DW_AT_name("count")
     392                      .dwattr $C$DW$33, DW_AT_TI_symbol_name("_count")
     393                      .dwattr $C$DW$33, DW_AT_type(*$C$DW$T$47)
     394                      .dwattr $C$DW$33, DW_AT_location[DW_OP_reg1]
     395              
     396                      .dwcfi  cfa_offset, -2
     397                      .dwcfi  save_reg_to_mem, 26, 0
     398                      .dwpsn  file "../drivers/source/sci_io.c",line 70,column 5,is_stmt,isa 0
     399 0000001c 5300          CMPB      AH,#0                 ; [CPU_] |70| 
     400 0000001d 6003          B         $C$L4,NEQ             ; [CPU_] |70| 
     401                      ; branchcc occurs ; [] |70| 
     402                      .dwcfi  remember_state
     403                      .dwpsn  file "../drivers/source/sci_io.c",line 71,column 9,is_stmt,isa 0
     404 0000001e 9A00          MOVB      AL,#0                 ; [CPU_] |71| 
     405              $C$DW$34        .dwtag  DW_TAG_TI_branch
     406                      .dwattr $C$DW$34, DW_AT_low_pc(0x00)
     407                      .dwattr $C$DW$34, DW_AT_TI_return
     408              
     409 0000001f 0006          LRETR     ; [CPU_] 
     410                      ; return occurs ; [] 
     411                      .dwcfi  restore_state
     412 00000020       $C$L4:    
     413 00000020 761F-         MOVW      DP,#_ioSci            ; [CPU_U] 
         00000021 0000 
     414 00000022 8302-         MOVL      XAR5,@_ioSci          ; [CPU_] 
     415                      .dwpsn  file "../drivers/source/sci_io.c",line 67,column 24,is_stmt,isa 0
     416 00000023 9A00          MOVB      AL,#0                 ; [CPU_] |67| 
     417 00000024 88A8          MOVZ      AR6,AH                ; [CPU_] 
     418 00000025 DE81          SUBB      XAR6,#1               ; [CPU_U] 
     419 00000026       $C$L5:    
     420                      .dwpsn  file "D:/Users/MaCHaDo/Dropbox/Legstrong/drv8301/legstrong/LegStrong/drivers/include/sci.h",l
     421 00000026 46ED          TBIT      *+XAR5[5],#6          ; [CPU_] |604| 
     422 00000027 6C06          B         $C$L6,NTC             ; [CPU_] |604| 
     423                      ; branchcc occurs ; [] |604| 
     424                      .dwpsn  file "D:/Users/MaCHaDo/Dropbox/Legstrong/drv8301/legstrong/LegStrong/drivers/include/sci.h",l
     425 00000028 93FD          MOV       AH,*+XAR5[7]          ; [CPU_] |570| 
     426                      .dwpsn  file "../drivers/source/sci_io.c",line 74,column 11,is_stmt,isa 0
     427 00000029 9C01          ADDB      AL,#1                 ; [CPU_] |74| 
     428                      .dwpsn  file "../drivers/source/sci_io.c",line 75,column 9,is_stmt,isa 0
     429 0000002a 9784          MOV       *XAR4++,AH            ; [CPU_] |75| 
     430                      .dwpsn  file "../drivers/source/sci_io.c",line 74,column 11,is_stmt,isa 0
     431 0000002b 000E          BANZ      $C$L5,AR6--           ; [CPU_] |74| 
         0000002c FFFB 
     432                      ; branchcc occurs ; [] |74| 
     433              $C$L6:    
     434              $C$DW$35        .dwtag  DW_TAG_TI_branch
TMS320C2000 Assembler PC v15.12.3 Tue Sep 20 15:34:13 2016

Tools Copyright (c) 1996-2015 Texas Instruments Incorporated
C:\Users\MaCHaDo\AppData\Local\Temp\2102410                          PAGE    9

     435                      .dwattr $C$DW$35, DW_AT_low_pc(0x00)
     436                      .dwattr $C$DW$35, DW_AT_TI_return
     437              
     438 0000002d 0006          LRETR     ; [CPU_] 
     439                      ; return occurs ; [] 
     440                      .dwattr $C$DW$26, DW_AT_TI_end_file("../drivers/source/sci_io.c")
     441                      .dwattr $C$DW$26, DW_AT_TI_end_line(0x52)
     442                      .dwattr $C$DW$26, DW_AT_TI_end_column(0x01)
     443                      .dwendentry
     444                      .dwendtag $C$DW$26
     445              
     446 0000002e               .sect   ".text"
     447                      .clink
     448                      .global _SCI_open
     449              
     450              $C$DW$36        .dwtag  DW_TAG_subprogram
     451                      .dwattr $C$DW$36, DW_AT_name("SCI_open")
     452                      .dwattr $C$DW$36, DW_AT_low_pc(_SCI_open)
     453                      .dwattr $C$DW$36, DW_AT_high_pc(0x00)
     454                      .dwattr $C$DW$36, DW_AT_TI_symbol_name("_SCI_open")
     455                      .dwattr $C$DW$36, DW_AT_external
     456                      .dwattr $C$DW$36, DW_AT_type(*$C$DW$T$10)
     457                      .dwattr $C$DW$36, DW_AT_TI_begin_file("../drivers/source/sci_io.c")
     458                      .dwattr $C$DW$36, DW_AT_TI_begin_line(0x2a)
     459                      .dwattr $C$DW$36, DW_AT_TI_begin_column(0x05)
     460                      .dwattr $C$DW$36, DW_AT_TI_max_frame_size(-2)
     461                      .dwpsn  file "../drivers/source/sci_io.c",line 43,column 1,is_stmt,address _SCI_open,isa 0
     462              
     463                      .dwfde $C$DW$CIE, _SCI_open
     464              $C$DW$37        .dwtag  DW_TAG_formal_parameter
     465                      .dwattr $C$DW$37, DW_AT_name("path")
     466                      .dwattr $C$DW$37, DW_AT_TI_symbol_name("_path")
     467                      .dwattr $C$DW$37, DW_AT_type(*$C$DW$T$37)
     468                      .dwattr $C$DW$37, DW_AT_location[DW_OP_reg12]
     469              
     470              $C$DW$38        .dwtag  DW_TAG_formal_parameter
     471                      .dwattr $C$DW$38, DW_AT_name("flags")
     472                      .dwattr $C$DW$38, DW_AT_TI_symbol_name("_flags")
     473                      .dwattr $C$DW$38, DW_AT_type(*$C$DW$T$11)
     474                      .dwattr $C$DW$38, DW_AT_location[DW_OP_reg0]
     475              
     476              $C$DW$39        .dwtag  DW_TAG_formal_parameter
     477                      .dwattr $C$DW$39, DW_AT_name("llv_fd")
     478                      .dwattr $C$DW$39, DW_AT_TI_symbol_name("_llv_fd")
     479                      .dwattr $C$DW$39, DW_AT_type(*$C$DW$T$10)
     480                      .dwattr $C$DW$39, DW_AT_location[DW_OP_reg1]
     481              
     482              
     483              ;***************************************************************
     484              ;* FNAME: _SCI_open                     FR SIZE:   0           *
     485              ;*                                                             *
     486              ;* FUNCTION ENVIRONMENT                                        *
     487              ;*                                                             *
     488              ;* FUNCTION PROPERTIES                                         *
     489              ;*                            0 Parameter,  0 Auto,  0 SOE     *
TMS320C2000 Assembler PC v15.12.3 Tue Sep 20 15:34:13 2016

Tools Copyright (c) 1996-2015 Texas Instruments Incorporated
C:\Users\MaCHaDo\AppData\Local\Temp\2102410                          PAGE   10

     490              ;***************************************************************
     491              
     492 0000002e       _SCI_open:
     493                      .dwcfi  cfa_offset, -2
     494                      .dwcfi  save_reg_to_mem, 26, 0
     495 0000002e 761F-         MOVW      DP,#_deviceOpen       ; [CPU_U] 
         0000002f 0000 
     496                      .dwpsn  file "../drivers/source/sci_io.c",line 44,column 5,is_stmt,isa 0
     497 00000030 9200-         MOV       AL,@_deviceOpen       ; [CPU_] |44| 
     498 00000031 6104          B         $C$L7,EQ              ; [CPU_] |44| 
     499                      ; branchcc occurs ; [] |44| 
     500                      .dwcfi  remember_state
     501                      .dwpsn  file "../drivers/source/sci_io.c",line 45,column 9,is_stmt,isa 0
     502 00000032 28A9          MOV       AL,#-1                ; [CPU_] |45| 
         00000033 FFFF 
     503              $C$DW$40        .dwtag  DW_TAG_TI_branch
     504                      .dwattr $C$DW$40, DW_AT_low_pc(0x00)
     505                      .dwattr $C$DW$40, DW_AT_TI_return
     506              
     507 00000034 0006          LRETR     ; [CPU_] 
     508                      ; return occurs ; [] 
     509                      .dwcfi  restore_state
     510 00000035       $C$L7:    
     511                      .dwpsn  file "../drivers/source/sci_io.c",line 47,column 9,is_stmt,isa 0
     512 00000035 8F00          MOVL      XAR4,#28752           ; [CPU_U] |47| 
         00000036 7050 
     513 00000037 0210          MOVB      ACC,#16               ; [CPU_] |47| 
     514              $C$DW$41        .dwtag  DW_TAG_TI_branch
     515                      .dwattr $C$DW$41, DW_AT_low_pc(0x00)
     516                      .dwattr $C$DW$41, DW_AT_name("_SCI_init")
     517                      .dwattr $C$DW$41, DW_AT_TI_call
     518              
     519 00000038 7640!         LCR       #_SCI_init            ; [CPU_] |47| 
         00000039 0000 
     520                      ; call occurs [#_SCI_init] ; [] |47| 
     521 0000003a 761F-         MOVW      DP,#_ioSci            ; [CPU_U] 
         0000003b 0000 
     522                      .dwpsn  file "../drivers/source/sci_io.c",line 49,column 9,is_stmt,isa 0
     523 0000003c 9A01          MOVB      AL,#1                 ; [CPU_] |49| 
     524                      .dwpsn  file "../drivers/source/sci_io.c",line 48,column 9,is_stmt,isa 0
     525 0000003d 56BF-         MOVB      @_deviceOpen,#1,UNC   ; [CPU_] |48| 
         0000003e 0100 
     526                      .dwpsn  file "../drivers/source/sci_io.c",line 47,column 9,is_stmt,isa 0
     527 0000003f A802-         MOVL      @_ioSci,XAR4          ; [CPU_] |47| 
     528              $C$DW$42        .dwtag  DW_TAG_TI_branch
     529                      .dwattr $C$DW$42, DW_AT_low_pc(0x00)
     530                      .dwattr $C$DW$42, DW_AT_TI_return
     531              
     532 00000040 0006          LRETR     ; [CPU_] 
     533                      ; return occurs ; [] 
     534                      .dwattr $C$DW$36, DW_AT_TI_end_file("../drivers/source/sci_io.c")
     535                      .dwattr $C$DW$36, DW_AT_TI_end_line(0x34)
     536                      .dwattr $C$DW$36, DW_AT_TI_end_column(0x01)
     537                      .dwendentry
     538                      .dwendtag $C$DW$36
TMS320C2000 Assembler PC v15.12.3 Tue Sep 20 15:34:13 2016

Tools Copyright (c) 1996-2015 Texas Instruments Incorporated
C:\Users\MaCHaDo\AppData\Local\Temp\2102410                          PAGE   11

     539              
     540 00000041               .sect   ".text"
     541                      .clink
     542                      .global _SCI_lseek
     543              
     544              $C$DW$43        .dwtag  DW_TAG_subprogram
     545                      .dwattr $C$DW$43, DW_AT_name("SCI_lseek")
     546                      .dwattr $C$DW$43, DW_AT_low_pc(_SCI_lseek)
     547                      .dwattr $C$DW$43, DW_AT_high_pc(0x00)
     548                      .dwattr $C$DW$43, DW_AT_TI_symbol_name("_SCI_lseek")
     549                      .dwattr $C$DW$43, DW_AT_external
     550                      .dwattr $C$DW$43, DW_AT_type(*$C$DW$T$50)
     551                      .dwattr $C$DW$43, DW_AT_TI_begin_file("../drivers/source/sci_io.c")
     552                      .dwattr $C$DW$43, DW_AT_TI_begin_line(0x67)
     553                      .dwattr $C$DW$43, DW_AT_TI_begin_column(0x07)
     554                      .dwattr $C$DW$43, DW_AT_TI_max_frame_size(-2)
     555                      .dwpsn  file "../drivers/source/sci_io.c",line 104,column 1,is_stmt,address _SCI_lseek,isa 0
     556              
     557                      .dwfde $C$DW$CIE, _SCI_lseek
     558              $C$DW$44        .dwtag  DW_TAG_formal_parameter
     559                      .dwattr $C$DW$44, DW_AT_name("dev_fd")
     560                      .dwattr $C$DW$44, DW_AT_TI_symbol_name("_dev_fd")
     561                      .dwattr $C$DW$44, DW_AT_type(*$C$DW$T$10)
     562                      .dwattr $C$DW$44, DW_AT_location[DW_OP_reg12]
     563              
     564              $C$DW$45        .dwtag  DW_TAG_formal_parameter
     565                      .dwattr $C$DW$45, DW_AT_name("offset")
     566                      .dwattr $C$DW$45, DW_AT_TI_symbol_name("_offset")
     567                      .dwattr $C$DW$45, DW_AT_type(*$C$DW$T$50)
     568                      .dwattr $C$DW$45, DW_AT_location[DW_OP_reg0]
     569              
     570              $C$DW$46        .dwtag  DW_TAG_formal_parameter
     571                      .dwattr $C$DW$46, DW_AT_name("origin")
     572                      .dwattr $C$DW$46, DW_AT_TI_symbol_name("_origin")
     573                      .dwattr $C$DW$46, DW_AT_type(*$C$DW$T$10)
     574                      .dwattr $C$DW$46, DW_AT_location[DW_OP_reg14]
     575              
     576              
     577              ;***************************************************************
     578              ;* FNAME: _SCI_lseek                    FR SIZE:   0           *
     579              ;*                                                             *
     580              ;* FUNCTION ENVIRONMENT                                        *
     581              ;*                                                             *
     582              ;* FUNCTION PROPERTIES                                         *
     583              ;*                            0 Parameter,  0 Auto,  0 SOE     *
     584              ;***************************************************************
     585              
     586 00000041       _SCI_lseek:
     587                      .dwcfi  cfa_offset, -2
     588                      .dwcfi  save_reg_to_mem, 26, 0
     589                      .dwpsn  file "../drivers/source/sci_io.c",line 105,column 5,is_stmt,isa 0
     590 00000041 0200          MOVB      ACC,#0                ; [CPU_] |105| 
     591              $C$DW$47        .dwtag  DW_TAG_TI_branch
     592                      .dwattr $C$DW$47, DW_AT_low_pc(0x00)
     593                      .dwattr $C$DW$47, DW_AT_TI_return
TMS320C2000 Assembler PC v15.12.3 Tue Sep 20 15:34:13 2016

Tools Copyright (c) 1996-2015 Texas Instruments Incorporated
C:\Users\MaCHaDo\AppData\Local\Temp\2102410                          PAGE   12

     594              
     595 00000042 0006          LRETR     ; [CPU_] 
     596                      ; return occurs ; [] 
     597                      .dwattr $C$DW$43, DW_AT_TI_end_file("../drivers/source/sci_io.c")
     598                      .dwattr $C$DW$43, DW_AT_TI_end_line(0x6a)
     599                      .dwattr $C$DW$43, DW_AT_TI_end_column(0x01)
     600                      .dwendentry
     601                      .dwendtag $C$DW$43
     602              
     603 00000043               .sect   ".text"
     604                      .clink
     605                      .global _SCI_close
     606              
     607              $C$DW$48        .dwtag  DW_TAG_subprogram
     608                      .dwattr $C$DW$48, DW_AT_name("SCI_close")
     609                      .dwattr $C$DW$48, DW_AT_low_pc(_SCI_close)
     610                      .dwattr $C$DW$48, DW_AT_high_pc(0x00)
     611                      .dwattr $C$DW$48, DW_AT_TI_symbol_name("_SCI_close")
     612                      .dwattr $C$DW$48, DW_AT_external
     613                      .dwattr $C$DW$48, DW_AT_type(*$C$DW$T$10)
     614                      .dwattr $C$DW$48, DW_AT_TI_begin_file("../drivers/source/sci_io.c")
     615                      .dwattr $C$DW$48, DW_AT_TI_begin_line(0x36)
     616                      .dwattr $C$DW$48, DW_AT_TI_begin_column(0x05)
     617                      .dwattr $C$DW$48, DW_AT_TI_max_frame_size(-2)
     618                      .dwpsn  file "../drivers/source/sci_io.c",line 55,column 1,is_stmt,address _SCI_close,isa 0
     619              
     620                      .dwfde $C$DW$CIE, _SCI_close
     621              $C$DW$49        .dwtag  DW_TAG_formal_parameter
     622                      .dwattr $C$DW$49, DW_AT_name("dev_fd")
     623                      .dwattr $C$DW$49, DW_AT_TI_symbol_name("_dev_fd")
     624                      .dwattr $C$DW$49, DW_AT_type(*$C$DW$T$10)
     625                      .dwattr $C$DW$49, DW_AT_location[DW_OP_reg0]
     626              
     627              
     628              ;***************************************************************
     629              ;* FNAME: _SCI_close                    FR SIZE:   0           *
     630              ;*                                                             *
     631              ;* FUNCTION ENVIRONMENT                                        *
     632              ;*                                                             *
     633              ;* FUNCTION PROPERTIES                                         *
     634              ;*                            0 Parameter,  0 Auto,  0 SOE     *
     635              ;***************************************************************
     636              
     637              _SCI_close:
     638              ;* AL    assigned to _dev_fd
     639              $C$DW$50        .dwtag  DW_TAG_variable
     640                      .dwattr $C$DW$50, DW_AT_name("dev_fd")
     641                      .dwattr $C$DW$50, DW_AT_TI_symbol_name("_dev_fd")
     642                      .dwattr $C$DW$50, DW_AT_type(*$C$DW$T$44)
     643                      .dwattr $C$DW$50, DW_AT_location[DW_OP_reg0]
     644              
     645                      .dwcfi  cfa_offset, -2
     646                      .dwcfi  save_reg_to_mem, 26, 0
     647                      .dwpsn  file "../drivers/source/sci_io.c",line 56,column 5,is_stmt,isa 0
     648 00000043 5201          CMPB      AL,#1                 ; [CPU_] |56| 
TMS320C2000 Assembler PC v15.12.3 Tue Sep 20 15:34:13 2016

Tools Copyright (c) 1996-2015 Texas Instruments Incorporated
C:\Users\MaCHaDo\AppData\Local\Temp\2102410                          PAGE   13

     649 00000044 6005          B         $C$L8,NEQ             ; [CPU_] |56| 
     650                      ; branchcc occurs ; [] |56| 
     651 00000045 761F-         MOVW      DP,#_deviceOpen       ; [CPU_U] 
         00000046 0000 
     652 00000047 9200-         MOV       AL,@_deviceOpen       ; [CPU_] |56| 
     653 00000048 6004          B         $C$L9,NEQ             ; [CPU_] |56| 
     654                      ; branchcc occurs ; [] |56| 
     655 00000049       $C$L8:    
     656                      .dwcfi  remember_state
     657                      .dwpsn  file "../drivers/source/sci_io.c",line 57,column 9,is_stmt,isa 0
     658 00000049 28A9          MOV       AL,#-1                ; [CPU_] |57| 
         0000004a FFFF 
     659              $C$DW$51        .dwtag  DW_TAG_TI_branch
     660                      .dwattr $C$DW$51, DW_AT_low_pc(0x00)
     661                      .dwattr $C$DW$51, DW_AT_TI_return
     662              
     663 0000004b 0006          LRETR     ; [CPU_] 
     664                      ; return occurs ; [] 
     665                      .dwcfi  restore_state
     666 0000004c       $C$L9:    
     667                      .dwpsn  file "../drivers/source/sci_io.c",line 60,column 9,is_stmt,isa 0
     668 0000004c 9A00          MOVB      AL,#0                 ; [CPU_] |60| 
     669                      .dwpsn  file "../drivers/source/sci_io.c",line 59,column 9,is_stmt,isa 0
     670 0000004d 2B00-         MOV       @_deviceOpen,#0       ; [CPU_] |59| 
     671              $C$DW$52        .dwtag  DW_TAG_TI_branch
     672                      .dwattr $C$DW$52, DW_AT_low_pc(0x00)
     673                      .dwattr $C$DW$52, DW_AT_TI_return
     674              
     675 0000004e 0006          LRETR     ; [CPU_] 
     676                      ; return occurs ; [] 
     677                      .dwattr $C$DW$48, DW_AT_TI_end_file("../drivers/source/sci_io.c")
     678                      .dwattr $C$DW$48, DW_AT_TI_end_line(0x3f)
     679                      .dwattr $C$DW$48, DW_AT_TI_end_column(0x01)
     680                      .dwendentry
     681                      .dwendtag $C$DW$48
     682              
     683              ;**************************************************************
     684              ;* UNDEFINED EXTERNAL REFERENCES                              *
     685              ;**************************************************************
     686                      .global _SCI_putDataBlocking
     687                      .global _SCI_init
     688              
     689              ;***************************************************************
     690              ;* TYPE INFORMATION                                            *
     691              ;***************************************************************
     692              
     693              $C$DW$T$22      .dwtag  DW_TAG_structure_type
     694                      .dwattr $C$DW$T$22, DW_AT_name("_SCI_Obj_")
     695                      .dwattr $C$DW$T$22, DW_AT_byte_size(0x10)
     696              $C$DW$53        .dwtag  DW_TAG_member
     697                      .dwattr $C$DW$53, DW_AT_type(*$C$DW$T$20)
     698                      .dwattr $C$DW$53, DW_AT_name("SCICCR")
     699                      .dwattr $C$DW$53, DW_AT_TI_symbol_name("_SCICCR")
     700                      .dwattr $C$DW$53, DW_AT_data_member_location[DW_OP_plus_uconst 0x0]
     701                      .dwattr $C$DW$53, DW_AT_accessibility(DW_ACCESS_public)
TMS320C2000 Assembler PC v15.12.3 Tue Sep 20 15:34:13 2016

Tools Copyright (c) 1996-2015 Texas Instruments Incorporated
C:\Users\MaCHaDo\AppData\Local\Temp\2102410                          PAGE   14

     702              
     703              $C$DW$54        .dwtag  DW_TAG_member
     704                      .dwattr $C$DW$54, DW_AT_type(*$C$DW$T$20)
     705                      .dwattr $C$DW$54, DW_AT_name("SCICTL1")
     706                      .dwattr $C$DW$54, DW_AT_TI_symbol_name("_SCICTL1")
     707                      .dwattr $C$DW$54, DW_AT_data_member_location[DW_OP_plus_uconst 0x1]
     708                      .dwattr $C$DW$54, DW_AT_accessibility(DW_ACCESS_public)
     709              
     710              $C$DW$55        .dwtag  DW_TAG_member
     711                      .dwattr $C$DW$55, DW_AT_type(*$C$DW$T$20)
     712                      .dwattr $C$DW$55, DW_AT_name("SCIHBAUD")
     713                      .dwattr $C$DW$55, DW_AT_TI_symbol_name("_SCIHBAUD")
     714                      .dwattr $C$DW$55, DW_AT_data_member_location[DW_OP_plus_uconst 0x2]
     715                      .dwattr $C$DW$55, DW_AT_accessibility(DW_ACCESS_public)
     716              
     717              $C$DW$56        .dwtag  DW_TAG_member
     718                      .dwattr $C$DW$56, DW_AT_type(*$C$DW$T$20)
     719                      .dwattr $C$DW$56, DW_AT_name("SCILBAUD")
     720                      .dwattr $C$DW$56, DW_AT_TI_symbol_name("_SCILBAUD")
     721                      .dwattr $C$DW$56, DW_AT_data_member_location[DW_OP_plus_uconst 0x3]
     722                      .dwattr $C$DW$56, DW_AT_accessibility(DW_ACCESS_public)
     723              
     724              $C$DW$57        .dwtag  DW_TAG_member
     725                      .dwattr $C$DW$57, DW_AT_type(*$C$DW$T$20)
     726                      .dwattr $C$DW$57, DW_AT_name("SCICTL2")
     727                      .dwattr $C$DW$57, DW_AT_TI_symbol_name("_SCICTL2")
     728                      .dwattr $C$DW$57, DW_AT_data_member_location[DW_OP_plus_uconst 0x4]
     729                      .dwattr $C$DW$57, DW_AT_accessibility(DW_ACCESS_public)
     730              
     731              $C$DW$58        .dwtag  DW_TAG_member
     732                      .dwattr $C$DW$58, DW_AT_type(*$C$DW$T$20)
     733                      .dwattr $C$DW$58, DW_AT_name("SCIRXST")
     734                      .dwattr $C$DW$58, DW_AT_TI_symbol_name("_SCIRXST")
     735                      .dwattr $C$DW$58, DW_AT_data_member_location[DW_OP_plus_uconst 0x5]
     736                      .dwattr $C$DW$58, DW_AT_accessibility(DW_ACCESS_public)
     737              
     738              $C$DW$59        .dwtag  DW_TAG_member
     739                      .dwattr $C$DW$59, DW_AT_type(*$C$DW$T$20)
     740                      .dwattr $C$DW$59, DW_AT_name("SCIRXEMU")
     741                      .dwattr $C$DW$59, DW_AT_TI_symbol_name("_SCIRXEMU")
     742                      .dwattr $C$DW$59, DW_AT_data_member_location[DW_OP_plus_uconst 0x6]
     743                      .dwattr $C$DW$59, DW_AT_accessibility(DW_ACCESS_public)
     744              
     745              $C$DW$60        .dwtag  DW_TAG_member
     746                      .dwattr $C$DW$60, DW_AT_type(*$C$DW$T$20)
     747                      .dwattr $C$DW$60, DW_AT_name("SCIRXBUF")
     748                      .dwattr $C$DW$60, DW_AT_TI_symbol_name("_SCIRXBUF")
     749                      .dwattr $C$DW$60, DW_AT_data_member_location[DW_OP_plus_uconst 0x7]
     750                      .dwattr $C$DW$60, DW_AT_accessibility(DW_ACCESS_public)
     751              
     752              $C$DW$61        .dwtag  DW_TAG_member
     753                      .dwattr $C$DW$61, DW_AT_type(*$C$DW$T$20)
     754                      .dwattr $C$DW$61, DW_AT_name("rsvd_1")
     755                      .dwattr $C$DW$61, DW_AT_TI_symbol_name("_rsvd_1")
     756                      .dwattr $C$DW$61, DW_AT_data_member_location[DW_OP_plus_uconst 0x8]
TMS320C2000 Assembler PC v15.12.3 Tue Sep 20 15:34:13 2016

Tools Copyright (c) 1996-2015 Texas Instruments Incorporated
C:\Users\MaCHaDo\AppData\Local\Temp\2102410                          PAGE   15

     757                      .dwattr $C$DW$61, DW_AT_accessibility(DW_ACCESS_public)
     758              
     759              $C$DW$62        .dwtag  DW_TAG_member
     760                      .dwattr $C$DW$62, DW_AT_type(*$C$DW$T$20)
     761                      .dwattr $C$DW$62, DW_AT_name("SCITXBUF")
     762                      .dwattr $C$DW$62, DW_AT_TI_symbol_name("_SCITXBUF")
     763                      .dwattr $C$DW$62, DW_AT_data_member_location[DW_OP_plus_uconst 0x9]
     764                      .dwattr $C$DW$62, DW_AT_accessibility(DW_ACCESS_public)
     765              
     766              $C$DW$63        .dwtag  DW_TAG_member
     767                      .dwattr $C$DW$63, DW_AT_type(*$C$DW$T$20)
     768                      .dwattr $C$DW$63, DW_AT_name("SCIFFTX")
     769                      .dwattr $C$DW$63, DW_AT_TI_symbol_name("_SCIFFTX")
     770                      .dwattr $C$DW$63, DW_AT_data_member_location[DW_OP_plus_uconst 0xa]
     771                      .dwattr $C$DW$63, DW_AT_accessibility(DW_ACCESS_public)
     772              
     773              $C$DW$64        .dwtag  DW_TAG_member
     774                      .dwattr $C$DW$64, DW_AT_type(*$C$DW$T$20)
     775                      .dwattr $C$DW$64, DW_AT_name("SCIFFRX")
     776                      .dwattr $C$DW$64, DW_AT_TI_symbol_name("_SCIFFRX")
     777                      .dwattr $C$DW$64, DW_AT_data_member_location[DW_OP_plus_uconst 0xb]
     778                      .dwattr $C$DW$64, DW_AT_accessibility(DW_ACCESS_public)
     779              
     780              $C$DW$65        .dwtag  DW_TAG_member
     781                      .dwattr $C$DW$65, DW_AT_type(*$C$DW$T$20)
     782                      .dwattr $C$DW$65, DW_AT_name("SCIFFCT")
     783                      .dwattr $C$DW$65, DW_AT_TI_symbol_name("_SCIFFCT")
     784                      .dwattr $C$DW$65, DW_AT_data_member_location[DW_OP_plus_uconst 0xc]
     785                      .dwattr $C$DW$65, DW_AT_accessibility(DW_ACCESS_public)
     786              
     787              $C$DW$66        .dwtag  DW_TAG_member
     788                      .dwattr $C$DW$66, DW_AT_type(*$C$DW$T$21)
     789                      .dwattr $C$DW$66, DW_AT_name("rsvd_2")
     790                      .dwattr $C$DW$66, DW_AT_TI_symbol_name("_rsvd_2")
     791                      .dwattr $C$DW$66, DW_AT_data_member_location[DW_OP_plus_uconst 0xd]
     792                      .dwattr $C$DW$66, DW_AT_accessibility(DW_ACCESS_public)
     793              
     794              $C$DW$67        .dwtag  DW_TAG_member
     795                      .dwattr $C$DW$67, DW_AT_type(*$C$DW$T$20)
     796                      .dwattr $C$DW$67, DW_AT_name("SCIPRI")
     797                      .dwattr $C$DW$67, DW_AT_TI_symbol_name("_SCIPRI")
     798                      .dwattr $C$DW$67, DW_AT_data_member_location[DW_OP_plus_uconst 0xf]
     799                      .dwattr $C$DW$67, DW_AT_accessibility(DW_ACCESS_public)
     800              
     801                      .dwendtag $C$DW$T$22
     802              
     803              $C$DW$T$23      .dwtag  DW_TAG_typedef
     804                      .dwattr $C$DW$T$23, DW_AT_name("SCI_Obj")
     805                      .dwattr $C$DW$T$23, DW_AT_type(*$C$DW$T$22)
     806                      .dwattr $C$DW$T$23, DW_AT_language(DW_LANG_C)
     807              
     808              $C$DW$T$24      .dwtag  DW_TAG_pointer_type
     809                      .dwattr $C$DW$T$24, DW_AT_type(*$C$DW$T$22)
     810                      .dwattr $C$DW$T$24, DW_AT_address_class(0x20)
     811              
TMS320C2000 Assembler PC v15.12.3 Tue Sep 20 15:34:13 2016

Tools Copyright (c) 1996-2015 Texas Instruments Incorporated
C:\Users\MaCHaDo\AppData\Local\Temp\2102410                          PAGE   16

     812              $C$DW$T$25      .dwtag  DW_TAG_typedef
     813                      .dwattr $C$DW$T$25, DW_AT_name("SCI_Handle")
     814                      .dwattr $C$DW$T$25, DW_AT_type(*$C$DW$T$24)
     815                      .dwattr $C$DW$T$25, DW_AT_language(DW_LANG_C)
     816              
     817              $C$DW$T$2       .dwtag  DW_TAG_unspecified_type
     818                      .dwattr $C$DW$T$2, DW_AT_name("void")
     819              
     820              $C$DW$T$3       .dwtag  DW_TAG_pointer_type
     821                      .dwattr $C$DW$T$3, DW_AT_type(*$C$DW$T$2)
     822                      .dwattr $C$DW$T$3, DW_AT_address_class(0x20)
     823              
     824              $C$DW$T$4       .dwtag  DW_TAG_base_type
     825                      .dwattr $C$DW$T$4, DW_AT_encoding(DW_ATE_boolean)
     826                      .dwattr $C$DW$T$4, DW_AT_name("bool")
     827                      .dwattr $C$DW$T$4, DW_AT_byte_size(0x01)
     828              
     829              $C$DW$T$5       .dwtag  DW_TAG_base_type
     830                      .dwattr $C$DW$T$5, DW_AT_encoding(DW_ATE_signed_char)
     831                      .dwattr $C$DW$T$5, DW_AT_name("signed char")
     832                      .dwattr $C$DW$T$5, DW_AT_byte_size(0x01)
     833              
     834              $C$DW$T$6       .dwtag  DW_TAG_base_type
     835                      .dwattr $C$DW$T$6, DW_AT_encoding(DW_ATE_unsigned_char)
     836                      .dwattr $C$DW$T$6, DW_AT_name("unsigned char")
     837                      .dwattr $C$DW$T$6, DW_AT_byte_size(0x01)
     838              
     839              $C$DW$T$7       .dwtag  DW_TAG_base_type
     840                      .dwattr $C$DW$T$7, DW_AT_encoding(DW_ATE_signed_char)
     841                      .dwattr $C$DW$T$7, DW_AT_name("wchar_t")
     842                      .dwattr $C$DW$T$7, DW_AT_byte_size(0x01)
     843              
     844              $C$DW$T$8       .dwtag  DW_TAG_base_type
     845                      .dwattr $C$DW$T$8, DW_AT_encoding(DW_ATE_signed)
     846                      .dwattr $C$DW$T$8, DW_AT_name("short")
     847                      .dwattr $C$DW$T$8, DW_AT_byte_size(0x01)
     848              
     849              $C$DW$T$9       .dwtag  DW_TAG_base_type
     850                      .dwattr $C$DW$T$9, DW_AT_encoding(DW_ATE_unsigned)
     851                      .dwattr $C$DW$T$9, DW_AT_name("unsigned short")
     852                      .dwattr $C$DW$T$9, DW_AT_byte_size(0x01)
     853              
     854              $C$DW$T$10      .dwtag  DW_TAG_base_type
     855                      .dwattr $C$DW$T$10, DW_AT_encoding(DW_ATE_signed)
     856                      .dwattr $C$DW$T$10, DW_AT_name("int")
     857                      .dwattr $C$DW$T$10, DW_AT_byte_size(0x01)
     858              
     859              $C$DW$68        .dwtag  DW_TAG_TI_far_type
     860                      .dwattr $C$DW$68, DW_AT_type(*$C$DW$T$10)
     861              
     862              $C$DW$T$44      .dwtag  DW_TAG_const_type
     863                      .dwattr $C$DW$T$44, DW_AT_type(*$C$DW$68)
     864              
     865              $C$DW$T$11      .dwtag  DW_TAG_base_type
     866                      .dwattr $C$DW$T$11, DW_AT_encoding(DW_ATE_unsigned)
TMS320C2000 Assembler PC v15.12.3 Tue Sep 20 15:34:13 2016

Tools Copyright (c) 1996-2015 Texas Instruments Incorporated
C:\Users\MaCHaDo\AppData\Local\Temp\2102410                          PAGE   17

     867                      .dwattr $C$DW$T$11, DW_AT_name("unsigned int")
     868                      .dwattr $C$DW$T$11, DW_AT_byte_size(0x01)
     869              
     870              $C$DW$69        .dwtag  DW_TAG_TI_far_type
     871                      .dwattr $C$DW$69, DW_AT_type(*$C$DW$T$11)
     872              
     873              $C$DW$T$47      .dwtag  DW_TAG_const_type
     874                      .dwattr $C$DW$T$47, DW_AT_type(*$C$DW$69)
     875              
     876              $C$DW$T$19      .dwtag  DW_TAG_typedef
     877                      .dwattr $C$DW$T$19, DW_AT_name("uint16_t")
     878                      .dwattr $C$DW$T$19, DW_AT_type(*$C$DW$T$11)
     879                      .dwattr $C$DW$T$19, DW_AT_language(DW_LANG_C)
     880              
     881              $C$DW$T$49      .dwtag  DW_TAG_pointer_type
     882                      .dwattr $C$DW$T$49, DW_AT_type(*$C$DW$T$19)
     883                      .dwattr $C$DW$T$49, DW_AT_address_class(0x20)
     884              
     885              $C$DW$70        .dwtag  DW_TAG_TI_far_type
     886                      .dwattr $C$DW$70, DW_AT_type(*$C$DW$T$19)
     887              
     888              $C$DW$T$20      .dwtag  DW_TAG_volatile_type
     889                      .dwattr $C$DW$T$20, DW_AT_type(*$C$DW$70)
     890              
     891              
     892              $C$DW$T$21      .dwtag  DW_TAG_array_type
     893                      .dwattr $C$DW$T$21, DW_AT_type(*$C$DW$T$20)
     894                      .dwattr $C$DW$T$21, DW_AT_language(DW_LANG_C)
     895                      .dwattr $C$DW$T$21, DW_AT_byte_size(0x02)
     896              $C$DW$71        .dwtag  DW_TAG_subrange_type
     897                      .dwattr $C$DW$71, DW_AT_upper_bound(0x01)
     898              
     899                      .dwendtag $C$DW$T$21
     900              
     901              $C$DW$T$12      .dwtag  DW_TAG_base_type
     902                      .dwattr $C$DW$T$12, DW_AT_encoding(DW_ATE_signed)
     903                      .dwattr $C$DW$T$12, DW_AT_name("long")
     904                      .dwattr $C$DW$T$12, DW_AT_byte_size(0x02)
     905              
     906              $C$DW$T$50      .dwtag  DW_TAG_typedef
     907                      .dwattr $C$DW$T$50, DW_AT_name("off_t")
     908                      .dwattr $C$DW$T$50, DW_AT_type(*$C$DW$T$12)
     909                      .dwattr $C$DW$T$50, DW_AT_language(DW_LANG_C)
     910              
     911              $C$DW$T$13      .dwtag  DW_TAG_base_type
     912                      .dwattr $C$DW$T$13, DW_AT_encoding(DW_ATE_unsigned)
     913                      .dwattr $C$DW$T$13, DW_AT_name("unsigned long")
     914                      .dwattr $C$DW$T$13, DW_AT_byte_size(0x02)
     915              
     916              $C$DW$T$26      .dwtag  DW_TAG_typedef
     917                      .dwattr $C$DW$T$26, DW_AT_name("size_t")
     918                      .dwattr $C$DW$T$26, DW_AT_type(*$C$DW$T$13)
     919                      .dwattr $C$DW$T$26, DW_AT_language(DW_LANG_C)
     920              
     921              $C$DW$72        .dwtag  DW_TAG_TI_far_type
TMS320C2000 Assembler PC v15.12.3 Tue Sep 20 15:34:13 2016

Tools Copyright (c) 1996-2015 Texas Instruments Incorporated
C:\Users\MaCHaDo\AppData\Local\Temp\2102410                          PAGE   18

     922                      .dwattr $C$DW$72, DW_AT_type(*$C$DW$T$26)
     923              
     924              $C$DW$T$27      .dwtag  DW_TAG_const_type
     925                      .dwattr $C$DW$T$27, DW_AT_type(*$C$DW$72)
     926              
     927              $C$DW$T$14      .dwtag  DW_TAG_base_type
     928                      .dwattr $C$DW$T$14, DW_AT_encoding(DW_ATE_signed)
     929                      .dwattr $C$DW$T$14, DW_AT_name("long long")
     930                      .dwattr $C$DW$T$14, DW_AT_byte_size(0x04)
     931              
     932              $C$DW$T$15      .dwtag  DW_TAG_base_type
     933                      .dwattr $C$DW$T$15, DW_AT_encoding(DW_ATE_unsigned)
     934                      .dwattr $C$DW$T$15, DW_AT_name("unsigned long long")
     935                      .dwattr $C$DW$T$15, DW_AT_byte_size(0x04)
     936              
     937              $C$DW$T$16      .dwtag  DW_TAG_base_type
     938                      .dwattr $C$DW$T$16, DW_AT_encoding(DW_ATE_float)
     939                      .dwattr $C$DW$T$16, DW_AT_name("float")
     940                      .dwattr $C$DW$T$16, DW_AT_byte_size(0x02)
     941              
     942              $C$DW$T$17      .dwtag  DW_TAG_base_type
     943                      .dwattr $C$DW$T$17, DW_AT_encoding(DW_ATE_float)
     944                      .dwattr $C$DW$T$17, DW_AT_name("double")
     945                      .dwattr $C$DW$T$17, DW_AT_byte_size(0x02)
     946              
     947              $C$DW$T$18      .dwtag  DW_TAG_base_type
     948                      .dwattr $C$DW$T$18, DW_AT_encoding(DW_ATE_float)
     949                      .dwattr $C$DW$T$18, DW_AT_name("long double")
     950                      .dwattr $C$DW$T$18, DW_AT_byte_size(0x04)
     951              
     952              $C$DW$73        .dwtag  DW_TAG_TI_far_type
     953                      .dwattr $C$DW$73, DW_AT_type(*$C$DW$T$5)
     954              
     955              $C$DW$T$36      .dwtag  DW_TAG_const_type
     956                      .dwattr $C$DW$T$36, DW_AT_type(*$C$DW$73)
     957              
     958              $C$DW$T$37      .dwtag  DW_TAG_pointer_type
     959                      .dwattr $C$DW$T$37, DW_AT_type(*$C$DW$T$36)
     960                      .dwattr $C$DW$T$37, DW_AT_address_class(0x20)
     961              
     962              $C$DW$T$40      .dwtag  DW_TAG_pointer_type
     963                      .dwattr $C$DW$T$40, DW_AT_type(*$C$DW$T$5)
     964                      .dwattr $C$DW$T$40, DW_AT_address_class(0x20)
     965              
     966              $C$DW$74        .dwtag  DW_TAG_TI_far_type
     967                      .dwattr $C$DW$74, DW_AT_type(*$C$DW$T$40)
     968              
     969              $C$DW$T$53      .dwtag  DW_TAG_const_type
     970                      .dwattr $C$DW$T$53, DW_AT_type(*$C$DW$74)
     971              
     972              $C$DW$T$54      .dwtag  DW_TAG_base_type
     973                      .dwattr $C$DW$T$54, DW_AT_encoding(DW_ATE_unsigned_char)
     974                      .dwattr $C$DW$T$54, DW_AT_name("unsigned char")
     975                      .dwattr $C$DW$T$54, DW_AT_byte_size(0x01)
     976              
TMS320C2000 Assembler PC v15.12.3 Tue Sep 20 15:34:13 2016

Tools Copyright (c) 1996-2015 Texas Instruments Incorporated
C:\Users\MaCHaDo\AppData\Local\Temp\2102410                          PAGE   19

     977              $C$DW$T$55      .dwtag  DW_TAG_typedef
     978                      .dwattr $C$DW$T$55, DW_AT_name("bool_t")
     979                      .dwattr $C$DW$T$55, DW_AT_type(*$C$DW$T$54)
     980                      .dwattr $C$DW$T$55, DW_AT_language(DW_LANG_C)
     981              
     982                      .dwattr $C$DW$CU, DW_AT_language(DW_LANG_C)
     983              
     984              ;***************************************************************
     985              ;* DWARF CIE ENTRIES                                           *
     986              ;***************************************************************
     987              
     988              $C$DW$CIE       .dwcie 26
     989                      .dwcfi  cfa_register, 20
     990                      .dwcfi  cfa_offset, 0
     991                      .dwcfi  undefined, 0
     992                      .dwcfi  undefined, 1
     993                      .dwcfi  undefined, 2
     994                      .dwcfi  undefined, 3
     995                      .dwcfi  undefined, 20
     996                      .dwcfi  undefined, 21
     997                      .dwcfi  undefined, 22
     998                      .dwcfi  undefined, 23
     999                      .dwcfi  undefined, 24
    1000                      .dwcfi  undefined, 25
    1001                      .dwcfi  undefined, 26
    1002                      .dwcfi  same_value, 28
    1003                      .dwcfi  undefined, 29
    1004                      .dwcfi  undefined, 30
    1005                      .dwcfi  undefined, 31
    1006                      .dwcfi  undefined, 32
    1007                      .dwcfi  undefined, 33
    1008                      .dwcfi  undefined, 34
    1009                      .dwcfi  undefined, 35
    1010                      .dwcfi  undefined, 36
    1011                      .dwcfi  undefined, 37
    1012                      .dwcfi  undefined, 38
    1013                      .dwcfi  undefined, 75
    1014                      .dwcfi  undefined, 76
    1015                      .dwcfi  undefined, 77
    1016                      .dwcfi  undefined, 4
    1017                      .dwcfi  undefined, 5
    1018                      .dwcfi  same_value, 6
    1019                      .dwcfi  same_value, 7
    1020                      .dwcfi  same_value, 8
    1021                      .dwcfi  same_value, 9
    1022                      .dwcfi  same_value, 10
    1023                      .dwcfi  same_value, 11
    1024                      .dwcfi  undefined, 12
    1025                      .dwcfi  undefined, 13
    1026                      .dwcfi  undefined, 14
    1027                      .dwcfi  undefined, 15
    1028                      .dwcfi  undefined, 16
    1029                      .dwcfi  undefined, 17
    1030                      .dwcfi  undefined, 18
    1031                      .dwcfi  undefined, 19
TMS320C2000 Assembler PC v15.12.3 Tue Sep 20 15:34:13 2016

Tools Copyright (c) 1996-2015 Texas Instruments Incorporated
C:\Users\MaCHaDo\AppData\Local\Temp\2102410                          PAGE   20

    1032                      .dwendentry
    1033              
    1034              ;***************************************************************
    1035              ;* DWARF REGISTER MAP                                          *
    1036              ;***************************************************************
    1037              
    1038              $C$DW$75        .dwtag  DW_TAG_TI_assign_register
    1039                      .dwattr $C$DW$75, DW_AT_name("AL")
    1040                      .dwattr $C$DW$75, DW_AT_location[DW_OP_reg0]
    1041              
    1042              $C$DW$76        .dwtag  DW_TAG_TI_assign_register
    1043                      .dwattr $C$DW$76, DW_AT_name("AH")
    1044                      .dwattr $C$DW$76, DW_AT_location[DW_OP_reg1]
    1045              
    1046              $C$DW$77        .dwtag  DW_TAG_TI_assign_register
    1047                      .dwattr $C$DW$77, DW_AT_name("PL")
    1048                      .dwattr $C$DW$77, DW_AT_location[DW_OP_reg2]
    1049              
    1050              $C$DW$78        .dwtag  DW_TAG_TI_assign_register
    1051                      .dwattr $C$DW$78, DW_AT_name("PH")
    1052                      .dwattr $C$DW$78, DW_AT_location[DW_OP_reg3]
    1053              
    1054              $C$DW$79        .dwtag  DW_TAG_TI_assign_register
    1055                      .dwattr $C$DW$79, DW_AT_name("SP")
    1056                      .dwattr $C$DW$79, DW_AT_location[DW_OP_reg20]
    1057              
    1058              $C$DW$80        .dwtag  DW_TAG_TI_assign_register
    1059                      .dwattr $C$DW$80, DW_AT_name("XT")
    1060                      .dwattr $C$DW$80, DW_AT_location[DW_OP_reg21]
    1061              
    1062              $C$DW$81        .dwtag  DW_TAG_TI_assign_register
    1063                      .dwattr $C$DW$81, DW_AT_name("T")
    1064                      .dwattr $C$DW$81, DW_AT_location[DW_OP_reg22]
    1065              
    1066              $C$DW$82        .dwtag  DW_TAG_TI_assign_register
    1067                      .dwattr $C$DW$82, DW_AT_name("ST0")
    1068                      .dwattr $C$DW$82, DW_AT_location[DW_OP_reg23]
    1069              
    1070              $C$DW$83        .dwtag  DW_TAG_TI_assign_register
    1071                      .dwattr $C$DW$83, DW_AT_name("ST1")
    1072                      .dwattr $C$DW$83, DW_AT_location[DW_OP_reg24]
    1073              
    1074              $C$DW$84        .dwtag  DW_TAG_TI_assign_register
    1075                      .dwattr $C$DW$84, DW_AT_name("PC")
    1076                      .dwattr $C$DW$84, DW_AT_location[DW_OP_reg25]
    1077              
    1078              $C$DW$85        .dwtag  DW_TAG_TI_assign_register
    1079                      .dwattr $C$DW$85, DW_AT_name("RPC")
    1080                      .dwattr $C$DW$85, DW_AT_location[DW_OP_reg26]
    1081              
    1082              $C$DW$86        .dwtag  DW_TAG_TI_assign_register
    1083                      .dwattr $C$DW$86, DW_AT_name("FP")
    1084                      .dwattr $C$DW$86, DW_AT_location[DW_OP_reg28]
    1085              
    1086              $C$DW$87        .dwtag  DW_TAG_TI_assign_register
TMS320C2000 Assembler PC v15.12.3 Tue Sep 20 15:34:13 2016

Tools Copyright (c) 1996-2015 Texas Instruments Incorporated
C:\Users\MaCHaDo\AppData\Local\Temp\2102410                          PAGE   21

    1087                      .dwattr $C$DW$87, DW_AT_name("DP")
    1088                      .dwattr $C$DW$87, DW_AT_location[DW_OP_reg29]
    1089              
    1090              $C$DW$88        .dwtag  DW_TAG_TI_assign_register
    1091                      .dwattr $C$DW$88, DW_AT_name("SXM")
    1092                      .dwattr $C$DW$88, DW_AT_location[DW_OP_reg30]
    1093              
    1094              $C$DW$89        .dwtag  DW_TAG_TI_assign_register
    1095                      .dwattr $C$DW$89, DW_AT_name("PM")
    1096                      .dwattr $C$DW$89, DW_AT_location[DW_OP_reg31]
    1097              
    1098              $C$DW$90        .dwtag  DW_TAG_TI_assign_register
    1099                      .dwattr $C$DW$90, DW_AT_name("OVM")
    1100                      .dwattr $C$DW$90, DW_AT_location[DW_OP_regx 0x20]
    1101              
    1102              $C$DW$91        .dwtag  DW_TAG_TI_assign_register
    1103                      .dwattr $C$DW$91, DW_AT_name("PAGE0")
    1104                      .dwattr $C$DW$91, DW_AT_location[DW_OP_regx 0x21]
    1105              
    1106              $C$DW$92        .dwtag  DW_TAG_TI_assign_register
    1107                      .dwattr $C$DW$92, DW_AT_name("AMODE")
    1108                      .dwattr $C$DW$92, DW_AT_location[DW_OP_regx 0x22]
    1109              
    1110              $C$DW$93        .dwtag  DW_TAG_TI_assign_register
    1111                      .dwattr $C$DW$93, DW_AT_name("INTM")
    1112                      .dwattr $C$DW$93, DW_AT_location[DW_OP_regx 0x23]
    1113              
    1114              $C$DW$94        .dwtag  DW_TAG_TI_assign_register
    1115                      .dwattr $C$DW$94, DW_AT_name("IFR")
    1116                      .dwattr $C$DW$94, DW_AT_location[DW_OP_regx 0x24]
    1117              
    1118              $C$DW$95        .dwtag  DW_TAG_TI_assign_register
    1119                      .dwattr $C$DW$95, DW_AT_name("IER")
    1120                      .dwattr $C$DW$95, DW_AT_location[DW_OP_regx 0x25]
    1121              
    1122              $C$DW$96        .dwtag  DW_TAG_TI_assign_register
    1123                      .dwattr $C$DW$96, DW_AT_name("V")
    1124                      .dwattr $C$DW$96, DW_AT_location[DW_OP_regx 0x26]
    1125              
    1126              $C$DW$97        .dwtag  DW_TAG_TI_assign_register
    1127                      .dwattr $C$DW$97, DW_AT_name("PSEUDOH")
    1128                      .dwattr $C$DW$97, DW_AT_location[DW_OP_regx 0x4c]
    1129              
    1130              $C$DW$98        .dwtag  DW_TAG_TI_assign_register
    1131                      .dwattr $C$DW$98, DW_AT_name("VOL")
    1132                      .dwattr $C$DW$98, DW_AT_location[DW_OP_regx 0x4d]
    1133              
    1134              $C$DW$99        .dwtag  DW_TAG_TI_assign_register
    1135                      .dwattr $C$DW$99, DW_AT_name("AR0")
    1136                      .dwattr $C$DW$99, DW_AT_location[DW_OP_reg4]
    1137              
    1138              $C$DW$100       .dwtag  DW_TAG_TI_assign_register
    1139                      .dwattr $C$DW$100, DW_AT_name("XAR0")
    1140                      .dwattr $C$DW$100, DW_AT_location[DW_OP_reg5]
    1141              
TMS320C2000 Assembler PC v15.12.3 Tue Sep 20 15:34:13 2016

Tools Copyright (c) 1996-2015 Texas Instruments Incorporated
C:\Users\MaCHaDo\AppData\Local\Temp\2102410                          PAGE   22

    1142              $C$DW$101       .dwtag  DW_TAG_TI_assign_register
    1143                      .dwattr $C$DW$101, DW_AT_name("AR1")
    1144                      .dwattr $C$DW$101, DW_AT_location[DW_OP_reg6]
    1145              
    1146              $C$DW$102       .dwtag  DW_TAG_TI_assign_register
    1147                      .dwattr $C$DW$102, DW_AT_name("XAR1")
    1148                      .dwattr $C$DW$102, DW_AT_location[DW_OP_reg7]
    1149              
    1150              $C$DW$103       .dwtag  DW_TAG_TI_assign_register
    1151                      .dwattr $C$DW$103, DW_AT_name("AR2")
    1152                      .dwattr $C$DW$103, DW_AT_location[DW_OP_reg8]
    1153              
    1154              $C$DW$104       .dwtag  DW_TAG_TI_assign_register
    1155                      .dwattr $C$DW$104, DW_AT_name("XAR2")
    1156                      .dwattr $C$DW$104, DW_AT_location[DW_OP_reg9]
    1157              
    1158              $C$DW$105       .dwtag  DW_TAG_TI_assign_register
    1159                      .dwattr $C$DW$105, DW_AT_name("AR3")
    1160                      .dwattr $C$DW$105, DW_AT_location[DW_OP_reg10]
    1161              
    1162              $C$DW$106       .dwtag  DW_TAG_TI_assign_register
    1163                      .dwattr $C$DW$106, DW_AT_name("XAR3")
    1164                      .dwattr $C$DW$106, DW_AT_location[DW_OP_reg11]
    1165              
    1166              $C$DW$107       .dwtag  DW_TAG_TI_assign_register
    1167                      .dwattr $C$DW$107, DW_AT_name("AR4")
    1168                      .dwattr $C$DW$107, DW_AT_location[DW_OP_reg12]
    1169              
    1170              $C$DW$108       .dwtag  DW_TAG_TI_assign_register
    1171                      .dwattr $C$DW$108, DW_AT_name("XAR4")
    1172                      .dwattr $C$DW$108, DW_AT_location[DW_OP_reg13]
    1173              
    1174              $C$DW$109       .dwtag  DW_TAG_TI_assign_register
    1175                      .dwattr $C$DW$109, DW_AT_name("AR5")
    1176                      .dwattr $C$DW$109, DW_AT_location[DW_OP_reg14]
    1177              
    1178              $C$DW$110       .dwtag  DW_TAG_TI_assign_register
    1179                      .dwattr $C$DW$110, DW_AT_name("XAR5")
    1180                      .dwattr $C$DW$110, DW_AT_location[DW_OP_reg15]
    1181              
    1182              $C$DW$111       .dwtag  DW_TAG_TI_assign_register
    1183                      .dwattr $C$DW$111, DW_AT_name("AR6")
    1184                      .dwattr $C$DW$111, DW_AT_location[DW_OP_reg16]
    1185              
    1186              $C$DW$112       .dwtag  DW_TAG_TI_assign_register
    1187                      .dwattr $C$DW$112, DW_AT_name("XAR6")
    1188                      .dwattr $C$DW$112, DW_AT_location[DW_OP_reg17]
    1189              
    1190              $C$DW$113       .dwtag  DW_TAG_TI_assign_register
    1191                      .dwattr $C$DW$113, DW_AT_name("AR7")
    1192                      .dwattr $C$DW$113, DW_AT_location[DW_OP_reg18]
    1193              
    1194              $C$DW$114       .dwtag  DW_TAG_TI_assign_register
    1195                      .dwattr $C$DW$114, DW_AT_name("XAR7")
    1196                      .dwattr $C$DW$114, DW_AT_location[DW_OP_reg19]
TMS320C2000 Assembler PC v15.12.3 Tue Sep 20 15:34:13 2016

Tools Copyright (c) 1996-2015 Texas Instruments Incorporated
C:\Users\MaCHaDo\AppData\Local\Temp\2102410                          PAGE   23

    1197              
    1198                      .dwendtag $C$DW$CU
    1199              

No Assembly Errors, No Assembly Warnings
